Warning[205] C:\USERS\PUBLIC\DOCUMENTS\PIC FILES\CHECK.ASM 16 : Found directive in column 1. (LIST)
Warning[205] C:\USERS\PUBLIC\DOCUMENTS\PIC FILES\CHECK.ASM 17 : Found directive in column 1. (ORG)
Warning[203] C:\USERS\PUBLIC\DOCUMENTS\PIC FILES\CHECK.ASM 18 : Found opcode in column 1. (GOTO)
Warning[205] C:\USERS\PUBLIC\DOCUMENTS\PIC FILES\CHECK.ASM 21 : Found directive in column 1. (__CONFIG)
Warning[203] C:\USERS\PUBLIC\DOCUMENTS\PIC FILES\CHECK.ASM 32 : Found opcode in column 1. (MOVLW)
Warning[203] C:\USERS\PUBLIC\DOCUMENTS\PIC FILES\CHECK.ASM 33 : Found opcode in column 1. (MOVWF)
Message[302] C:\USERS\PUBLIC\DOCUMENTS\PIC FILES\CHECK.ASM 33 : Register in operand not in bank 0.  Ensure that bank bits are correct.
Warning[203] C:\USERS\PUBLIC\DOCUMENTS\PIC FILES\CHECK.ASM 34 : Found opcode in column 1. (MOVLW)
Warning[203] C:\USERS\PUBLIC\DOCUMENTS\PIC FILES\CHECK.ASM 35 : Found opcode in column 1. (MOVWF)
Message[302] C:\USERS\PUBLIC\DOCUMENTS\PIC FILES\CHECK.ASM 35 : Register in operand not in bank 0.  Ensure that bank bits are correct.
Warning[203] C:\USERS\PUBLIC\DOCUMENTS\PIC FILES\CHECK.ASM 36 : Found opcode in column 1. (MOVLW)
Warning[203] C:\USERS\PUBLIC\DOCUMENTS\PIC FILES\CHECK.ASM 37 : Found opcode in column 1. (MOVWF)
Message[302] C:\USERS\PUBLIC\DOCUMENTS\PIC FILES\CHECK.ASM 37 : Register in operand not in bank 0.  Ensure that bank bits are correct.
Warning[203] C:\USERS\PUBLIC\DOCUMENTS\PIC FILES\CHECK.ASM 38 : Found opcode in column 1. (BCF)
Warning[203] C:\USERS\PUBLIC\DOCUMENTS\PIC FILES\CHECK.ASM 39 : Found opcode in column 1. (MOVLW)
Warning[203] C:\USERS\PUBLIC\DOCUMENTS\PIC FILES\CHECK.ASM 40 : Found opcode in column 1. (MOVWF)
Warning[203] C:\USERS\PUBLIC\DOCUMENTS\PIC FILES\CHECK.ASM 41 : Found opcode in column 1. (CLRF)
Warning[203] C:\USERS\PUBLIC\DOCUMENTS\PIC FILES\CHECK.ASM 42 : Found opcode in column 1. (CLRF)
Warning[203] C:\USERS\PUBLIC\DOCUMENTS\PIC FILES\CHECK.ASM 47 : Found opcode in column 1. (GOTO)
Warning[203] C:\USERS\PUBLIC\DOCUMENTS\PIC FILES\CHECK.ASM 48 : Found opcode in column 1. (MOVF)
Warning[203] C:\USERS\PUBLIC\DOCUMENTS\PIC FILES\CHECK.ASM 49 : Found opcode in column 1. (CLRF)
Warning[203] C:\USERS\PUBLIC\DOCUMENTS\PIC FILES\CHECK.ASM 50 : Found opcode in column 1. (SUBLW)
Warning[203] C:\USERS\PUBLIC\DOCUMENTS\PIC FILES\CHECK.ASM 51 : Found opcode in column 1. (BTFSC)
Warning[203] C:\USERS\PUBLIC\DOCUMENTS\PIC FILES\CHECK.ASM 52 : Found opcode in column 1. (GOTO)
Warning[203] C:\USERS\PUBLIC\DOCUMENTS\PIC FILES\CHECK.ASM 53 : Found opcode in column 1. (MOVF)
Warning[203] C:\USERS\PUBLIC\DOCUMENTS\PIC FILES\CHECK.ASM 54 : Found opcode in column 1. (BSF)
Warning[203] C:\USERS\PUBLIC\DOCUMENTS\PIC FILES\CHECK.ASM 55 : Found opcode in column 1. (SUBLW)
Warning[203] C:\USERS\PUBLIC\DOCUMENTS\PIC FILES\CHECK.ASM 56 : Found opcode in column 1. (BTFSC)
Warning[203] C:\USERS\PUBLIC\DOCUMENTS\PIC FILES\CHECK.ASM 57 : Found opcode in column 1. (GOTO)
Warning[203] C:\USERS\PUBLIC\DOCUMENTS\PIC FILES\CHECK.ASM 58 : Found opcode in column 1. (MOVF)
Warning[203] C:\USERS\PUBLIC\DOCUMENTS\PIC FILES\CHECK.ASM 59 : Found opcode in column 1. (BSF)
Warning[203] C:\USERS\PUBLIC\DOCUMENTS\PIC FILES\CHECK.ASM 60 : Found opcode in column 1. (SUBLW)
Warning[203] C:\USERS\PUBLIC\DOCUMENTS\PIC FILES\CHECK.ASM 61 : Found opcode in column 1. (BTFSC)
Warning[203] C:\USERS\PUBLIC\DOCUMENTS\PIC FILES\CHECK.ASM 62 : Found opcode in column 1. (GOTO)
Warning[203] C:\USERS\PUBLIC\DOCUMENTS\PIC FILES\CHECK.ASM 63 : Found opcode in column 1. (MOVF)
Warning[203] C:\USERS\PUBLIC\DOCUMENTS\PIC FILES\CHECK.ASM 64 : Found opcode in column 1. (BSF)
Warning[203] C:\USERS\PUBLIC\DOCUMENTS\PIC FILES\CHECK.ASM 65 : Found opcode in column 1. (SUBLW)
Warning[203] C:\USERS\PUBLIC\DOCUMENTS\PIC FILES\CHECK.ASM 66 : Found opcode in column 1. (BTFSC)
Warning[203] C:\USERS\PUBLIC\DOCUMENTS\PIC FILES\CHECK.ASM 67 : Found opcode in column 1. (GOTO)
Warning[203] C:\USERS\PUBLIC\DOCUMENTS\PIC FILES\CHECK.ASM 68 : Found opcode in column 1. (MOVF)
Warning[203] C:\USERS\PUBLIC\DOCUMENTS\PIC FILES\CHECK.ASM 69 : Found opcode in column 1. (BSF)
Warning[203] C:\USERS\PUBLIC\DOCUMENTS\PIC FILES\CHECK.ASM 70 : Found opcode in column 1. (SUBLW)
Warning[203] C:\USERS\PUBLIC\DOCUMENTS\PIC FILES\CHECK.ASM 71 : Found opcode in column 1. (BTFSC)
Warning[203] C:\USERS\PUBLIC\DOCUMENTS\PIC FILES\CHECK.ASM 72 : Found opcode in column 1. (GOTO)
Warning[203] C:\USERS\PUBLIC\DOCUMENTS\PIC FILES\CHECK.ASM 73 : Found opcode in column 1. (MOVF)
Warning[203] C:\USERS\PUBLIC\DOCUMENTS\PIC FILES\CHECK.ASM 74 : Found opcode in column 1. (BSF)
Warning[203] C:\USERS\PUBLIC\DOCUMENTS\PIC FILES\CHECK.ASM 75 : Found opcode in column 1. (SUBLW)
Warning[203] C:\USERS\PUBLIC\DOCUMENTS\PIC FILES\CHECK.ASM 76 : Found opcode in column 1. (BTFSC)
Warning[203] C:\USERS\PUBLIC\DOCUMENTS\PIC FILES\CHECK.ASM 77 : Found opcode in column 1. (GOTO)
Warning[203] C:\USERS\PUBLIC\DOCUMENTS\PIC FILES\CHECK.ASM 78 : Found opcode in column 1. (MOVF)
Warning[203] C:\USERS\PUBLIC\DOCUMENTS\PIC FILES\CHECK.ASM 79 : Found opcode in column 1. (BSF)
Warning[203] C:\USERS\PUBLIC\DOCUMENTS\PIC FILES\CHECK.ASM 80 : Found opcode in column 1. (SUBLW)
Warning[203] C:\USERS\PUBLIC\DOCUMENTS\PIC FILES\CHECK.ASM 81 : Found opcode in column 1. (BTFSC)
Warning[203] C:\USERS\PUBLIC\DOCUMENTS\PIC FILES\CHECK.ASM 82 : Found opcode in column 1. (GOTO)
Warning[203] C:\USERS\PUBLIC\DOCUMENTS\PIC FILES\CHECK.ASM 83 : Found opcode in column 1. (MOVF)
Warning[203] C:\USERS\PUBLIC\DOCUMENTS\PIC FILES\CHECK.ASM 84 : Found opcode in column 1. (BSF)
Warning[203] C:\USERS\PUBLIC\DOCUMENTS\PIC FILES\CHECK.ASM 85 : Found opcode in column 1. (SUBLW)
Warning[203] C:\USERS\PUBLIC\DOCUMENTS\PIC FILES\CHECK.ASM 86 : Found opcode in column 1. (BTFSC)
Warning[203] C:\USERS\PUBLIC\DOCUMENTS\PIC FILES\CHECK.ASM 87 : Found opcode in column 1. (GOTO)
Warning[203] C:\USERS\PUBLIC\DOCUMENTS\PIC FILES\CHECK.ASM 88 : Found opcode in column 1. (BSF)
Warning[203] C:\USERS\PUBLIC\DOCUMENTS\PIC FILES\CHECK.ASM 89 : Found opcode in column 1. (GOTO)
Warning[205] C:\USERS\PUBLIC\DOCUMENTS\PIC FILES\CHECK.ASM 90 : Found directive in column 1. (END)
