MPASM  5.14                   FLASH 8 LED.ASM   7-17-2014  19:10:37         PAGE  1


LOC  OBJECT CODE     LINE SOURCE TEXT
  VALUE

                      00001 ; HEADER84.ASM for 16F84. This sets PORTA as an INPUT 
                      00002 ; and PORTB as an OUTPUT (NB 0 means output).
                      00003 ;The OPTION Register is set to /256 to give timing pulses of 1/32 of a second.
                      00004 ;1second and 0.5 second delays are included in the subroutine section.
                      00005 ;*******************************************************
                      00006 ; EQUATES SECTION
  00000001            00007 TMR0            EQU 1           ;means TMR0 is file 1.
  00000003            00008 STATUS          EQU 3           ;means STATUS is file 3.
  00000005            00009 PORTA           EQU 5           ;means PORTA is file 5.
  00000006            00010 PORTB           EQU 6           ;means PORTB is file 6.
  00000085            00011 TRISA           EQU 85H         ;TRISA (the PORTA I/O selection) is file 85H
  00000086            00012 TRISB           EQU 86H         ;TRISB (the PORTB I/O selection) is file 86H
  00000081            00013 OPTION_R        EQU 81H         ;the OPTION register is file 81H
  00000002            00014 ZEROBIT         EQU 2           ;means ZEROBIT is bit 2.
  0000000C            00015 COUNT           EQU 0CH         ; COUNT is file 0C, a register to count events.
                      00016 ;*********************************************************
Warning[205]: Found directive in column 1. (LIST)
                      00017 LIST    P=16F84 ;we are using the 16F84.
Warning[205]: Found directive in column 1. (ORG)
0000                  00018 ORG     0       ;the start address in memory is 0
Warning[203]: Found opcode in column 1. (GOTO)
0000   280D           00019 GOTO    START ;goto start!
                      00020 ;******************************************************************
                      00021 ; Configuration Bits
Warning[205]: Found directive in column 1. (__CONFIG)
2007   3FF0           00022 __CONFIG H'3FF0' ;selects LP oscillator, WDT off, PUT on,
                      00023 ;Code Protection disabled.
                      00024 ;*****************************************************
                      00025 ;SUBROUTINE SECTION.
                      00026 ; 1 second delay.
0001   0181           00027 DELAY1  CLRF    TMR0    ;START TMR0.
0002   0801           00028 LOOPA   MOVF    TMR0,W  ;READ TMR0 INTO W.
0003   3C20           00029                 SUBLW   .32     ;TIME - 32
0004   1D03           00030                 BTFSS   STATUS,ZEROBIT ; Check TIME-W¼0
0005   2802           00031                 GOTO    LOOPA   ;Time is not¼32.
0006   3400           00032                 RETLW   0               ;Time is 32, return.
                      00033 ; 0.5 second delay.
                      00034 
0007   0181           00035 DELAYP5 CLRF    TMR0    ;START TMR0.
0008   0801           00036 LOOPB   MOVF    TMR0,W  ;READ TMR0 INTO W.
0009   3C10           00037                 SUBLW   .16     ;TIME - 16
000A   1D03           00038                 BTFSS   STATUS,ZEROBIT ; Check TIME-W¼0
000B   2808           00039                 GOTO    LOOPB   ;Time is not¼16.
000C   3400           00040                 RETLW   0       ;Time is 16, return.
                      00041 ;*********************************************************
                      00042 ;CONFIGURATION SECTION.
000D   1683           00043 START   BSF     STATUS,5 ;Turns to Bank1.
000E   301F           00044                 MOVLW   B'00011111'     ;5bits of PORTA are I/P
Message[302]: Register in operand not in bank 0.  Ensure that bank bits are correct.
000F   0085           00045                 MOVWF   TRISA
0010   3000           00046                 MOVLW   B'00000000'
Message[302]: Register in operand not in bank 0.  Ensure that bank bits are correct.
0011   0086           00047                 MOVWF   TRISB           ;PORTB is OUTPUT
MPASM  5.14                   FLASH 8 LED.ASM   7-17-2014  19:10:37         PAGE  2


LOC  OBJECT CODE     LINE SOURCE TEXT
  VALUE

0012   3007           00048                 MOVLW   B'00000111'     ;Prescaler is /256
Message[302]: Register in operand not in bank 0.  Ensure that bank bits are correct.
0013   0081           00049                 MOVWF   OPTION_R        ;TIMER is 1/32 secs.
0014   1283           00050                 BCF     STATUS,5        ;Return to Bank0.
0015   0185           00051                 CLRF    PORTA           ;Clears PortA.
0016   0186           00052                 CLRF    PORTB           ;Clears PortB.
                      00053 ;*********************************************************
                      00054 ;Program starts now.
0017   1406           00055 A               BSF     PORTB,0
0018   2007           00056                 CALL DELAYP5
0019   1006           00057                 BCF PORTB,0
001A   1486           00058                 BSF PORTB,1
001B   2007           00059                 CALL DELAYP5
001C   1086           00060                 BCF PORTB,1
001D   1506           00061                 BSF PORTB,2
001E   2007           00062                 CALL DELAYP5
001F   1106           00063                 BCF PORTB,2
0020   1586           00064                 BSF PORTB,3
0021   2007           00065                 CALL DELAYP5
0022   1186           00066                 BCF PORTB,3
0023   1606           00067                 BSF PORTB,4
0024   2007           00068                 CALL DELAYP5
0025   1206           00069                 BCF PORTB,4
0026   1686           00070                 BSF PORTB,5
0027   2007           00071                 CALL DELAYP5
0028   1286           00072                 BCF PORTB,5
0029   1706           00073                 BSF PORTB,6
002A   2007           00074                 CALL DELAYP5
002B   1306           00075                 BCF PORTB,6
002C   1786           00076                 BSF PORTB,7
002D   2007           00077                 CALL DELAYP5
002E   1386           00078                 BCF PORTB,7
002F   2007           00079                 CALL DELAYP5
0030   1786           00080                 BSF PORTB,7
0031   2007           00081                 CALL DELAYP5
0032   1386           00082                 BCF PORTB,7
0033   1706           00083                 BSF PORTB,6
0034   2007           00084                 CALL DELAYP5
0035   1306           00085                 BCF PORTB,6
0036   1686           00086                 BSF PORTB,5
0037   2007           00087                 CALL DELAYP5
0038   1286           00088                 BCF PORTB,5
0039   1606           00089                 BSF PORTB,4
003A   2007           00090                 CALL DELAYP5
003B   1206           00091                 BCF PORTB,4
003C   1586           00092                 BSF PORTB,3
003D   2007           00093                 CALL DELAYP5
003E   1186           00094                 BCF PORTB,3
003F   1506           00095                 BSF PORTB,2
0040   2007           00096                 CALL DELAYP5
0041   1106           00097                 BCF PORTB,2
0042   1486           00098                 BSF PORTB,1
0043   2007           00099                 CALL DELAYP5
MPASM  5.14                   FLASH 8 LED.ASM   7-17-2014  19:10:37         PAGE  3


LOC  OBJECT CODE     LINE SOURCE TEXT
  VALUE

0044   1086           00100                 BCF PORTB,1
0045   1406           00101                 BSF PORTB,0
0046   2007           00102                 CALL DELAYP5
0047   1006           00103                 BCF PORTB,0
0048   2007           00104                 CALL DELAYP5
0049   2817           00105                 GOTO A
                      00106                 END
MPASM  5.14                   FLASH 8 LED.ASM   7-17-2014  19:10:37         PAGE  4


SYMBOL TABLE
  LABEL                             VALUE 

A                                 00000017
COUNT                             0000000C
DELAY1                            00000001
DELAYP5                           00000007
LOOPA                             00000002
LOOPB                             00000008
OPTION_R                          00000081
PORTA                             00000005
PORTB                             00000006
START                             0000000D
STATUS                            00000003
TMR0                              00000001
TRISA                             00000085
TRISB                             00000086
ZEROBIT                           00000002
__16F84                           00000001


MEMORY USAGE MAP ('X' = Used,  '-' = Unused)

0000 : XXXXXXXXXXXXXXXX XXXXXXXXXXXXXXXX XXXXXXXXXXXXXXXX XXXXXXXXXXXXXXXX
0040 : XXXXXXXXXX------ ---------------- ---------------- ----------------
2000 : -------X-------- ---------------- ---------------- ----------------

All other memory blocks unused.

Program Memory Words Used:    74
Program Memory Words Free:   950


Errors   :     0
Warnings :     4 reported,     0 suppressed
Messages :     3 reported,     0 suppressed

