MPASM  5.14                   PROJECT GSM.ASM   9-29-2015  5:05:11         PAGE  1


LOC  OBJECT CODE     LINE SOURCE TEXT
  VALUE

  00000001            00001 TMR0    EQU     1
  00000002            00002 PC              EQU     2
  00000003            00003 STATUS  EQU     3
  00000005            00004 PORTA   EQU     5
  00000006            00005 PORTB   EQU     6
  00000007            00006 PORTC   EQU     7
  00000008            00007 PORTD   EQU     8
  00000009            00008 PORTE   EQU     9
  00000085            00009 TRISA   EQU     85H
  00000086            00010 TRISB   EQU     86H
  00000087            00011 TRISC   EQU     87H
  00000088            00012 TRISD   EQU     88H
  00000089            00013 TRISE   EQU     89H
  00000081            00014 OPTION_R        EQU 81H
  00000002            00015 ZEROBIT EQU     2
                      00016 ;CCP1CON        EQU     17H
  0000000B            00017 INTCON  EQU 0BH
  00000007            00018 GIE             EQU     7
  0000008C            00019 PIE1    EQU     8CH
  0000000C            00020 PIR1    EQU     0CH
  00000006            00021 PEIE    EQU     6
  00000002            00022 CCP1IF  EQU     2
  00000002            00023 CCP1IE  EQU     2
  00000000            00024 EDGE    EQU     0
  00000001            00025 READY   EQU     1
  0000000C            00026 EEDATA          EQU     0CH
  0000000D            00027 EEADR           EQU     0DH
  0000008C            00028 EECON1          EQU     8CH
  0000008D            00029 EECON2          EQU     8DH
  00000000            00030 RD EQU 0 ;read bit in EECON1
  00000001            00031 WR EQU 1 ;Write bit in EECON1
  00000002            00032 WREN EQU 2
  00000018            00033 RCSTA   EQU 18H
  00000098            00034 TXSTA   EQU     98H
  00000099            00035 SPBRG   EQU     99H
  00000004            00036 TXIE    EQU     4
  00000005            00037 RCIE    EQU     5
  00000004            00038 CREN    EQU     4
  00000005            00039 TXEN    EQU     5
  00000004            00040 TXIF    EQU 4
  00000005            00041 RCIF    EQU     5
  00000019            00042 TXREG   EQU     19H
  0000001A            00043 RCREG   EQU     1AH
  00000001            00044 FRAME   EQU     1
  00000002            00045 FERR    EQU     2               
  00000020            00046 COUNT   EQU     20H
  00000021            00047 RECV    EQU     21H
  00000022            00048 FLAG    EQU     22H
  00000023            00049 C3              EQU     23H
  00000024            00050 C4              EQU     24H
  00000025            00051 C5              EQU     25H
  00000026            00052 DISP1   EQU     26H
  00000069            00053 TSTATUS         EQU     69H
MPASM  5.14                   PROJECT GSM.ASM   9-29-2015  5:05:11         PAGE  2


LOC  OBJECT CODE     LINE SOURCE TEXT
  VALUE

  0000006A            00054 TW              EQU     6AH
  0000006B            00055 TPORTB          EQU     6BH
  0000006C            00056 TNUM    EQU     6CH             
  0000006D            00057 COUNTER         EQU     6DH
  0000006E            00058 NUM             EQU     6EH
  0000006F            00059 COUNTER2 EQU    6FH
  0000002B            00060 ALPHA   EQU             2BH
  0000002C            00061 DELAYCOUNT      EQU     2CH     
  0000002D            00062 SHIFTCOUNT      EQU     2DH     
  0000002E            00063 STORE   EQU             2EH
  0000003A            00064 FILE1   EQU             3AH
  0000003B            00065 FILE2   EQU             3BH
                      00066 
                      00067         LIST    P=16F877A
0000                  00068         ORG             0
0000   289A           00069         GOTO    START
0004                  00070         ORG             4
0004   2810           00071         GOTO    ISR
2007   3F3A           00072         __CONFIG        H'3F3A'
                      00073 ;SUBROUTINE
0005   0181           00074 DELAY4 CLRF TMR0 ;START TMR0.
0006   0801           00075 LOOPC MOVF TMR0,W ;READ TMR0 INTO W.
0007   3CFF           00076                 SUBLW .255 ;TIME-3
0008   1D03           00077         BTFSS STATUS,ZEROBIT ;Check TIME-W ¼ 0
0009   2806           00078         GOTO LOOPC ;Time is not ¼ 3.
000A   280D           00079         GOTO DEL3
000B   30FF           00080 DELAYWAIT MOVLW .255                    ;for waiti
000C   00AC           00081                 MOVWF   DELAYCOUNT
Message[305]: Using default destination of 1 (file).
000D   0BAC           00082 DEL3    DECFSZ  DELAYCOUNT
000E   2805           00083                 GOTO    DELAY4
000F   3400           00084                 RETLW   .0
                      00085                 
0010   00EA           00086 ISR             MOVWF   TW
0011   0E03           00087                 SWAPF   STATUS,W
0012   00E9           00088                 MOVWF   TSTATUS
0013   0806           00089                 MOVF    PORTB,W
0014   00EB           00090                 MOVWF   TPORTB
0015   10A2           00091                 BCF             FLAG,FRAME
0016   1918           00092                 BTFSC   RCSTA,FERR
0017   14A2           00093                 BSF             FLAG,FRAME
0018   081A           00094                 MOVF    RCREG,W
0019   3C4F           00095                 SUBLW   4FH
001A   1D03           00096                 BTFSS   STATUS,ZEROBIT
001B   00A1           00097                 MOVWF   RECV
001C   1422           00098                 BSF             FLAG,0
001D   1407           00099                 BSF             PORTC,0
001E   200B           00100                 CALL    DELAYWAIT
001F   1007           00101                 BCF             PORTC,0
0020   200B           00102                 CALL    DELAYWAIT
                      00103 
0021   086B           00104 rest    MOVF    TPORTB,W
0022   0086           00105                 MOVWF   PORTB
MPASM  5.14                   PROJECT GSM.ASM   9-29-2015  5:05:11         PAGE  3


LOC  OBJECT CODE     LINE SOURCE TEXT
  VALUE

0023   0E69           00106                 SWAPF   TSTATUS,W
0024   0083           00107                 MOVWF   STATUS
0025   086A           00108                 MOVF    TW,W
0026   0009           00109                 RETFIE
                      00110 
0027   0099           00111 TX                      MOVWF   TXREG
Warning[207]: Found label after column 1. (WAIT)
0028   1E0C           00112         WAIT    BTFSS   PIR1,TXIF
0029   2828           00113                         GOTO    WAIT
002A   0008           00114                         RETURN  
002B   3041           00115 A                       MOVLW   41H
002C   2027           00116                         CALL    TX
002D   0008           00117                         RETURN
002E   3042           00118 BB                      MOVLW   42H
002F   2027           00119                         CALL    TX
0030   0008           00120                         RETURN
0031   3043           00121 C                       MOVLW   43H
0032   2027           00122                         CALL    TX
0033   0008           00123                         RETURN
0034   3044           00124 D                       MOVLW   44H
0035   2027           00125                         CALL    TX
0036   0008           00126                         RETURN
0037   3045           00127 E                       MOVLW   45H
0038   2027           00128                         CALL    TX
0039   0008           00129                         RETURN
003A   3046           00130 F                       MOVLW   46H
003B   2027           00131                         CALL    TX
003C   0008           00132                         RETURN
003D   3047           00133 G                       MOVLW   47H
003E   2027           00134                         CALL    TX
003F   0008           00135                         RETURN
0040   3048           00136 H                       MOVLW   48H
0041   2027           00137                         CALL    TX
0042   0008           00138                         RETURN
0043   3049           00139 I                       MOVLW   49H
0044   2027           00140                         CALL    TX
0045   0008           00141                         RETURN
0046   304D           00142 M                       MOVLW   4DH
0047   2027           00143                         CALL    TX
0048   0008           00144                         RETURN
0049   304E           00145 N                       MOVLW   4EH
004A   2027           00146                         CALL    TX
004B   0008           00147                         RETURN
004C   3054           00148 T                       MOVLW   54H
004D   2027           00149                         CALL    TX
004E   0008           00150                         RETURN
004F   3050           00151 P                       MOVLW   50H
0050   2027           00152                         CALL    TX
0051   0008           00153                         RETURN
0052   3052           00154 R                       MOVLW   52H
0053   2027           00155                         CALL    TX
0054   0008           00156                         RETURN
0055   3053           00157 S                       MOVLW   53H
MPASM  5.14                   PROJECT GSM.ASM   9-29-2015  5:05:11         PAGE  4


LOC  OBJECT CODE     LINE SOURCE TEXT
  VALUE

0056   2027           00158                         CALL    TX
0057   0008           00159                         RETURN
0058   3055           00160 U                       MOVLW   55H
0059   2027           00161                         CALL    TX
005A   0008           00162                         RETURN
005B   302B           00163 PLUS            MOVLW   2BH
005C   2027           00164                         CALL    TX
005D   0008           00165                         RETURN
005E   303D           00166 EQUAL           MOVLW   3DH
005F   2027           00167                         CALL    TX
0060   0008           00168                         RETURN
0061   305C           00169 SLASH           MOVLW   5CH
0062   2027           00170                         CALL    TX
0063   0008           00171                         RETURN
0064   303C           00172 LT                      MOVLW   3CH
0065   2027           00173                         CALL    TX
0066   0008           00174                         RETURN
0067   303E           00175 GT                      MOVLW   3EH
0068   2027           00176                         CALL    TX
0069   0008           00177                         RETURN
006A   3072           00178 rr                      MOVLW   72H
006B   2027           00179                         CALL    TX
006C   0008           00180                         RETURN
006D   306E           00181 n                       MOVLW   6EH
006E   2027           00182                         CALL    TX
006F   0008           00183                         RETURN
0070   3031           00184 M1                      MOVLW   31H
0071   2027           00185                         CALL    TX
0072   0008           00186                         RETURN
0073   3030           00187 M0                      MOVLW   30H
0074   2027           00188                         CALL    TX
0075   0008           00189                         RETURN
0076   3032           00190 M2                      MOVLW   32H
0077   2027           00191                         CALL    TX
0078   0008           00192                         RETURN
0079   3033           00193 M3                      MOVLW   33H
007A   2027           00194                         CALL    TX
007B   0008           00195                         RETURN
007C   3034           00196 M4                      MOVLW   34H
007D   2027           00197                         CALL    TX
007E   0008           00198                         RETURN
007F   3035           00199 M5                      MOVLW   35H
0080   2027           00200                         CALL    TX
0081   0008           00201                         RETURN
0082   3036           00202 M6                      MOVLW   36H
0083   2027           00203                         CALL    TX
0084   0008           00204                         RETURN
0085   3037           00205 M7                      MOVLW   37H
0086   2027           00206                         CALL    TX
0087   0008           00207                         RETURN
0088   3038           00208 M8                      MOVLW   38H
0089   2027           00209                         CALL    TX
008A   0008           00210                         RETURN
MPASM  5.14                   PROJECT GSM.ASM   9-29-2015  5:05:11         PAGE  5


LOC  OBJECT CODE     LINE SOURCE TEXT
  VALUE

008B   3039           00211 M9                      MOVLW   39H
008C   2027           00212                         CALL    TX
008D   0008           00213                         RETURN
008E   3022           00214 QUO                     MOVLW   22H
008F   2027           00215                         CALL    TX
0090   0008           00216                         RETURN
0091   303B           00217 SEMI            MOVLW   3BH
0092   2027           00218                         CALL    TX
0093   0008           00219                         RETURN
0094   301A           00220 CtrlZ           MOVLW   1AH
0095   2027           00221                         CALL    TX
0096   0008           00222                         RETURN
0097   300D           00223 CARRIAGE        MOVLW   0DH
0098   2027           00224                         CALL    TX
0099   0008           00225                         RETURN
                      00226 
009A                  00227 START   
009A   1683           00228                 BSF             STATUS,5
009B   3001           00229                 MOVLW   .1
Message[302]: Register in operand not in bank 0.  Ensure that bank bits are correct.
009C   0086           00230                 MOVWF   TRISB
009D   3080           00231                 MOVLW   B'10000000'
Message[302]: Register in operand not in bank 0.  Ensure that bank bits are correct.
009E   0087           00232                 MOVWF   TRISC
009F   3000           00233                 MOVLW   .0
Message[302]: Register in operand not in bank 0.  Ensure that bank bits are correct.
00A0   0088           00234                 MOVWF   TRISD
00A1   3007           00235                 MOVLW   07H
Message[302]: Register in operand not in bank 0.  Ensure that bank bits are correct.
00A2   0081           00236                 MOVWF   OPTION_R
00A3   0183           00237                 CLRF    STATUS
00A4   0186           00238                 CLRF    PORTB
00A5   0187           00239                 CLRF    PORTC
00A6   0188           00240                 CLRF    PORTD   
00A7   01A2           00241                 CLRF    FLAG
00A8   1683           00242                 BSF             STATUS,5
00A9   3082           00243                 MOVLW   .130
Message[302]: Register in operand not in bank 0.  Ensure that bank bits are correct.
00AA   0099           00244                 MOVWF   SPBRG; FOR BAUD RATE
00AB   3024           00245                 MOVLW   24H;B'00100100' trasmit ealed high speed
Message[302]: Register in operand not in bank 0.  Ensure that bank bits are correct.
00AC   0098           00246                 MOVWF   TXSTA
                      00247         ;       BSF             PIE1,TXIE
Message[302]: Register in operand not in bank 0.  Ensure that bank bits are correct.
00AD   168C           00248                 BSF             PIE1,RCIE
00AE   0183           00249                 CLRF    STATUS
00AF   018B           00250                 CLRF    INTCON
00B0   3090           00251                 MOVLW   90H     ;10010000
00B1   0098           00252                 MOVWF   RCSTA
00B2   178B           00253                 BSF             INTCON,GIE
00B3   170B           00254                 BSF             INTCON,PEIE
00B4   128C           00255                 BCF             PIR1,RCIF
                      00256 
MPASM  5.14                   PROJECT GSM.ASM   9-29-2015  5:05:11         PAGE  6


LOC  OBJECT CODE     LINE SOURCE TEXT
  VALUE

00B5   202B           00257                 CALL    A
00B6   2097           00258                 CALL    CARRIAGE
00B7   200B           00259                 CALL    DELAYWAIT
00B8   202B           00260                 CALL    A
00B9   204C           00261                 CALL    T
00BA   2097           00262                 CALL    CARRIAGE
00BB   200B           00263                 CALL    DELAYWAIT
00BC   2097           00264                 CALL    CARRIAGE
00BD   200B           00265                 CALL    DELAYWAIT
00BE   202B           00266                 CALL    A
00BF   204C           00267                 CALL    T
00C0   205B           00268                 CALL    PLUS
00C1   2031           00269                 CALL    C
00C2   203A           00270                 CALL    F
00C3   2058           00271                 CALL    U
00C4   2049           00272                 CALL    N
00C5   205E           00273                 CALL    EQUAL
00C6   2070           00274                 CALL    M1
00C7   2097           00275                 CALL    CARRIAGE
00C8   200B           00276                 CALL    DELAYWAIT
                      00277 ;SWITCH TO TEXT
00C9   202B           00278 text    CALL    A
00CA   204C           00279                 CALL    T
00CB   205B           00280                 CALL    PLUS
00CC   2031           00281                 CALL    C
00CD   2046           00282                 CALL    M
00CE   203D           00283                 CALL    G
00CF   203A           00284                 CALL    F
00D0   205E           00285                 CALL    EQUAL
00D1   2070           00286                 CALL    M1
00D2   2097           00287                 CALL    CARRIAGE
00D3   200B           00288                 CALL    DELAYWAIT
00D4   202B           00289                 CALL    A
00D5   204C           00290                 CALL    T
00D6   205B           00291                 CALL    PLUS
00D7   2031           00292                 CALL    C
00D8   2046           00293                 CALL    M
00D9   203D           00294                 CALL    G
00DA   2052           00295                 CALL    R
00DB   205E           00296                 CALL    EQUAL
00DC   2070           00297                 CALL    M1
00DD   2097           00298                 CALL    CARRIAGE
00DE   200B           00299                 CALL    DELAYWAIT
00DF   0821           00300                 MOVF    RECV,W
00E0   00AE           00301                 MOVWF   STORE
                      00302         END
MPASM  5.14                   PROJECT GSM.ASM   9-29-2015  5:05:11         PAGE  7


SYMBOL TABLE
  LABEL                             VALUE 

A                                 0000002B
ALPHA                             0000002B
BB                                0000002E
C                                 00000031
C3                                00000023
C4                                00000024
C5                                00000025
CARRIAGE                          00000097
CCP1IE                            00000002
CCP1IF                            00000002
COUNT                             00000020
COUNTER                           0000006D
COUNTER2                          0000006F
CREN                              00000004
CtrlZ                             00000094
D                                 00000034
DEL3                              0000000D
DELAY4                            00000005
DELAYCOUNT                        0000002C
DELAYWAIT                         0000000B
DISP1                             00000026
E                                 00000037
EDGE                              00000000
EEADR                             0000000D
EECON1                            0000008C
EECON2                            0000008D
EEDATA                            0000000C
EQUAL                             0000005E
F                                 0000003A
FERR                              00000002
FILE1                             0000003A
FILE2                             0000003B
FLAG                              00000022
FRAME                             00000001
G                                 0000003D
GIE                               00000007
GT                                00000067
H                                 00000040
I                                 00000043
INTCON                            0000000B
ISR                               00000010
LOOPC                             00000006
LT                                00000064
M                                 00000046
M0                                00000073
M1                                00000070
M2                                00000076
M3                                00000079
M4                                0000007C
M5                                0000007F
M6                                00000082
M7                                00000085
M8                                00000088
MPASM  5.14                   PROJECT GSM.ASM   9-29-2015  5:05:11         PAGE  8


SYMBOL TABLE
  LABEL                             VALUE 

M9                                0000008B
N                                 00000049
NUM                               0000006E
OPTION_R                          00000081
P                                 0000004F
PC                                00000002
PEIE                              00000006
PIE1                              0000008C
PIR1                              0000000C
PLUS                              0000005B
PORTA                             00000005
PORTB                             00000006
PORTC                             00000007
PORTD                             00000008
PORTE                             00000009
QUO                               0000008E
R                                 00000052
RCIE                              00000005
RCIF                              00000005
RCREG                             0000001A
RCSTA                             00000018
RD                                00000000
READY                             00000001
RECV                              00000021
S                                 00000055
SEMI                              00000091
SHIFTCOUNT                        0000002D
SLASH                             00000061
SPBRG                             00000099
START                             0000009A
STATUS                            00000003
STORE                             0000002E
T                                 0000004C
TMR0                              00000001
TNUM                              0000006C
TPORTB                            0000006B
TRISA                             00000085
TRISB                             00000086
TRISC                             00000087
TRISD                             00000088
TRISE                             00000089
TSTATUS                           00000069
TW                                0000006A
TX                                00000027
TXEN                              00000005
TXIE                              00000004
TXIF                              00000004
TXREG                             00000019
TXSTA                             00000098
U                                 00000058
WAIT                              00000028
WR                                00000001
WREN                              00000002
MPASM  5.14                   PROJECT GSM.ASM   9-29-2015  5:05:11         PAGE  9


SYMBOL TABLE
  LABEL                             VALUE 

ZEROBIT                           00000002
__16F877A                         00000001
n                                 0000006D
rest                              00000021
rr                                0000006A
text                              000000C9


MEMORY USAGE MAP ('X' = Used,  '-' = Unused)

0000 : X---XXXXXXXXXXXX XXXXXXXXXXXXXXXX XXXXXXXXXXXXXXXX XXXXXXXXXXXXXXXX
0040 : XXXXXXXXXXXXXXXX XXXXXXXXXXXXXXXX XXXXXXXXXXXXXXXX XXXXXXXXXXXXXXXX
0080 : XXXXXXXXXXXXXXXX XXXXXXXXXXXXXXXX XXXXXXXXXXXXXXXX XXXXXXXXXXXXXXXX
00C0 : XXXXXXXXXXXXXXXX XXXXXXXXXXXXXXXX X--------------- ----------------
2000 : -------X-------- ---------------- ---------------- ----------------

All other memory blocks unused.

Program Memory Words Used:   222
Program Memory Words Free:  7970


Errors   :     0
Warnings :     1 reported,     0 suppressed
Messages :     8 reported,     0 suppressed

