;  LST file generated by mikroListExporter - v.2.0 
; Date/Time: 4/29/2016 5:52:39 PM
;----------------------------------------------

;Address Opcode 	ASM
0x0000	0x287C      	GOTO       124
_UART1_Write:
;__Lib_UART_c67.c,39 :: 		
;__Lib_UART_c67.c,40 :: 		
L_UART1_Write3:
0x0003	0x1683      	BSF        STATUS, 5
0x0004	0x1303      	BCF        STATUS, 6
0x0005	0x1898      	BTFSC      TXSTA, 1
0x0006	0x2809      	GOTO       L_UART1_Write4
;__Lib_UART_c67.c,41 :: 		
0x0007	0x0000      	NOP
0x0008	0x2803      	GOTO       L_UART1_Write3
L_UART1_Write4:
;__Lib_UART_c67.c,42 :: 		
0x0009	0x083D      	MOVF       FARG_UART1_Write_data_, 0
0x000A	0x1283      	BCF        STATUS, 5
0x000B	0x0099      	MOVWF      TXREG
;__Lib_UART_c67.c,43 :: 		
0x000C	0x0008      	RETURN
; end of _UART1_Write
_____DoICP:
;__Lib_System.c,6 :: 		
;__Lib_System.c,9 :: 		
0x000D	0x1683      	BSF        STATUS, 5
0x000E	0x1303      	BCF        STATUS, 6
0x000F	0x0839      	MOVF       ___DoICPAddr+1, 0
0x0010	0x008A      	MOVWF      PCLATH
;__Lib_System.c,10 :: 		
0x0011	0x0838      	MOVF       ___DoICPAddr, 0
0x0012	0x0082      	MOVWF      PCL
;__Lib_System.c,12 :: 		
0x0013	0x0008      	RETURN
; end of _____DoICP
_UART1_Write_Text:
;__Lib_UART_c67.c,47 :: 		
;__Lib_UART_c67.c,48 :: 		
0x0014	0x1683      	BSF        STATUS, 5
0x0015	0x1303      	BCF        STATUS, 6
0x0016	0x01BC      	CLRF       UART1_Write_Text_counter_L0
;__Lib_UART_c67.c,50 :: 		
0x0017	0x083A      	MOVF       FARG_UART1_Write_Text_uart_text, 0
0x0018	0x0084      	MOVWF      FSR
0x0019	0x0800      	MOVF       INDF, 0
0x001A	0x00BB      	MOVWF      UART1_Write_Text_data__L0
;__Lib_UART_c67.c,51 :: 		
L_UART1_Write_Text5:
0x001B	0x083B      	MOVF       UART1_Write_Text_data__L0, 0
0x001C	0x3A00      	XORLW      0
0x001D	0x1903      	BTFSC      STATUS, 2
0x001E	0x282A      	GOTO       L_UART1_Write_Text6
;__Lib_UART_c67.c,52 :: 		
0x001F	0x083B      	MOVF       UART1_Write_Text_data__L0, 0
0x0020	0x00BD      	MOVWF      FARG_UART1_Write_data_
0x0021	0x2003      	CALL       _UART1_Write
;__Lib_UART_c67.c,53 :: 		
0x0022	0x1683      	BSF        STATUS, 5
0x0023	0x0ABC      	INCF       UART1_Write_Text_counter_L0, 1
;__Lib_UART_c67.c,54 :: 		
0x0024	0x083C      	MOVF       UART1_Write_Text_counter_L0, 0
0x0025	0x073A      	ADDWF      FARG_UART1_Write_Text_uart_text, 0
0x0026	0x0084      	MOVWF      FSR
0x0027	0x0800      	MOVF       INDF, 0
0x0028	0x00BB      	MOVWF      UART1_Write_Text_data__L0
;__Lib_UART_c67.c,55 :: 		
0x0029	0x281B      	GOTO       L_UART1_Write_Text5
L_UART1_Write_Text6:
;__Lib_UART_c67.c,56 :: 		
0x002A	0x0008      	RETURN
; end of _UART1_Write_Text
___CC2DW:
;__Lib_System.c,24 :: 		
;__Lib_System.c,27 :: 		
_CC2D_Loop1:
;__Lib_System.c,29 :: 		
0x002B	0x200D      	CALL       _____DoICP
0x002C	0x118A      	BCF        PCLATH, 3
0x002D	0x120A      	BCF        PCLATH, 4
;__Lib_System.c,31 :: 		
0x002E	0x0080      	MOVWF      INDF
;__Lib_System.c,32 :: 		
0x002F	0x0A84      	INCF       FSR, 1
;__Lib_System.c,33 :: 		
0x0030	0x0AB8      	INCF       ___DoICPAddr, 1
;__Lib_System.c,35 :: 		
0x0031	0x1903      	BTFSC      STATUS, 2
;__Lib_System.c,36 :: 		
0x0032	0x0AB9      	INCF       ___DoICPAddr+1, 1
;__Lib_System.c,37 :: 		
0x0033	0x03F0      	DECF       R0, 1
;__Lib_System.c,39 :: 		
0x0034	0x1D03      	BTFSS      STATUS, 2
;__Lib_System.c,40 :: 		
0x0035	0x282B      	GOTO       _CC2D_Loop1
;__Lib_System.c,42 :: 		
0x0036	0x0008      	RETURN
; end of ___CC2DW
_UART1_Init:
;__Lib_UART_c67.c,2 :: 		
;__Lib_UART_c67.c,5 :: 		
0x0037	0x1683      	BSF        STATUS, 5
0x0038	0x1303      	BCF        STATUS, 6
0x0039	0x1698      	BSF        TXSTA, 5
;__Lib_UART_c67.c,6 :: 		
0x003A	0x3090      	MOVLW      144
0x003B	0x1283      	BCF        STATUS, 5
0x003C	0x0098      	MOVWF      RCSTA
;__Lib_UART_c67.c,7 :: 		
0x003D	0x1683      	BSF        STATUS, 5
0x003E	0x1787      	BSF        TRISC7_bit, 7
;__Lib_UART_c67.c,8 :: 		
0x003F	0x1307      	BCF        TRISC6_bit, 6
;__Lib_UART_c67.c,10 :: 		
L_UART1_Init0:
0x0040	0x1283      	BCF        STATUS, 5
0x0041	0x1E8C      	BTFSS      PIR1, 5
0x0042	0x2846      	GOTO       L_UART1_Init1
;__Lib_UART_c67.c,11 :: 		
0x0043	0x081A      	MOVF       RCREG, 0
0x0044	0x00F0      	MOVWF      R0
0x0045	0x2840      	GOTO       L_UART1_Init0
L_UART1_Init1:
;__Lib_UART_c67.c,12 :: 		
0x0046	0x0008      	RETURN
; end of _UART1_Init
_UART1_Read:
;__Lib_UART_c67.c,21 :: 		
;__Lib_UART_c67.c,24 :: 		
0x0047	0x1283      	BCF        STATUS, 5
0x0048	0x1303      	BCF        STATUS, 6
0x0049	0x081A      	MOVF       RCREG, 0
0x004A	0x00F1      	MOVWF      R1
;__Lib_UART_c67.c,25 :: 		
0x004B	0x1C98      	BTFSS      RCSTA, 1
0x004C	0x284F      	GOTO       L_UART1_Read2
;__Lib_UART_c67.c,26 :: 		
0x004D	0x1218      	BCF        RCSTA, 4
;__Lib_UART_c67.c,27 :: 		
0x004E	0x1618      	BSF        RCSTA, 4
;__Lib_UART_c67.c,28 :: 		
L_UART1_Read2:
;__Lib_UART_c67.c,29 :: 		
0x004F	0x0871      	MOVF       R1, 0
0x0050	0x00F0      	MOVWF      R0
;__Lib_UART_c67.c,30 :: 		
0x0051	0x0008      	RETURN
; end of _UART1_Read
_EEPROM_Write:
;__Lib_EEPROM.c,16 :: 		
;__Lib_EEPROM.c,20 :: 		
L_EEPROM_Write0:
0x0052	0x1683      	BSF        STATUS, 5
0x0053	0x1703      	BSF        STATUS, 6
0x0054	0x1C8C      	BTFSS      EECON1, 1
0x0055	0x2858      	GOTO       L_EEPROM_Write1
0x0056	0x0000      	NOP
0x0057	0x2852      	GOTO       L_EEPROM_Write0
L_EEPROM_Write1:
;__Lib_EEPROM.c,21 :: 		
0x0058	0x1303      	BCF        STATUS, 6
0x0059	0x083A      	MOVF       FARG_EEPROM_Write_Address, 0
0x005A	0x1283      	BCF        STATUS, 5
0x005B	0x1703      	BSF        STATUS, 6
0x005C	0x008D      	MOVWF      EEADR
;__Lib_EEPROM.c,22 :: 		
0x005D	0x1683      	BSF        STATUS, 5
0x005E	0x1303      	BCF        STATUS, 6
0x005F	0x083B      	MOVF       FARG_EEPROM_Write_data_, 0
0x0060	0x1283      	BCF        STATUS, 5
0x0061	0x1703      	BSF        STATUS, 6
0x0062	0x008C      	MOVWF      EEDATA
;__Lib_EEPROM.c,23 :: 		
0x0063	0x1683      	BSF        STATUS, 5
0x0064	0x138C      	BCF        EECON1, 7
;__Lib_EEPROM.c,24 :: 		
0x0065	0x150C      	BSF        EECON1, 2
;__Lib_EEPROM.c,26 :: 		
0x0066	0x080B      	MOVF       INTCON, 0
0x0067	0x00F0      	MOVWF      R0
;__Lib_EEPROM.c,29 :: 		
0x0068	0x138B      	BCF        INTCON, 7
;__Lib_EEPROM.c,30 :: 		
0x0069	0x3055      	MOVLW      85
0x006A	0x008D      	MOVWF      EECON2
;__Lib_EEPROM.c,31 :: 		
0x006B	0x30AA      	MOVLW      170
0x006C	0x008D      	MOVWF      EECON2
;__Lib_EEPROM.c,32 :: 		
0x006D	0x148C      	BSF        EECON1, 1
;__Lib_EEPROM.c,36 :: 		
0x006E	0x1BF0      	BTFSC      R0, 7
0x006F	0x2872      	GOTO       L__EEPROM_Write2
0x0070	0x138B      	BCF        INTCON, 7
0x0071	0x2873      	GOTO       L__EEPROM_Write3
L__EEPROM_Write2:
0x0072	0x178B      	BSF        INTCON, 7
L__EEPROM_Write3:
;__Lib_EEPROM.c,37 :: 		
0x0073	0x110C      	BCF        EECON1, 2
;__Lib_EEPROM.c,38 :: 		
0x0074	0x0008      	RETURN
; end of _EEPROM_Write
_UART1_Data_Ready:
;__Lib_UART_c67.c,16 :: 		
;__Lib_UART_c67.c,17 :: 		
0x0075	0x3000      	MOVLW      0
0x0076	0x1283      	BCF        STATUS, 5
0x0077	0x1303      	BCF        STATUS, 6
0x0078	0x1A8C      	BTFSC      PIR1, 5
0x0079	0x3001      	MOVLW      1
0x007A	0x00F0      	MOVWF      R0
;__Lib_UART_c67.c,18 :: 		
0x007B	0x0008      	RETURN
; end of _UART1_Data_Ready
_main:
0x007C	0x2198      	CALL       408
;gsmc.c,4 :: 		void main() {
;gsmc.c,5 :: 		UART1_Init(9600);               // Initialize UART module at 9600 bps
0x007D	0x3081      	MOVLW      129
0x007E	0x1683      	BSF        STATUS, 5
0x007F	0x1303      	BCF        STATUS, 6
0x0080	0x0099      	MOVWF      SPBRG
0x0081	0x1518      	BSF        TXSTA, 2
0x0082	0x2037      	CALL       _UART1_Init
;gsmc.c,6 :: 		Delay_ms(100);
0x0083	0x3003      	MOVLW      3
0x0084	0x00FB      	MOVWF      R11
0x0085	0x308A      	MOVLW      138
0x0086	0x00FC      	MOVWF      R12
0x0087	0x3055      	MOVLW      85
0x0088	0x00FD      	MOVWF      R13
L_main0:
0x0089	0x0BFD      	DECFSZ     R13, 1
0x008A	0x2889      	GOTO       L_main0
0x008B	0x0BFC      	DECFSZ     R12, 1
0x008C	0x2889      	GOTO       L_main0
0x008D	0x0BFB      	DECFSZ     R11, 1
0x008E	0x2889      	GOTO       L_main0
0x008F	0x0000      	NOP
0x0090	0x0000      	NOP
;gsmc.c,7 :: 		TRISD=0;
0x0091	0x1683      	BSF        STATUS, 5
0x0092	0x0188      	CLRF       TRISD
;gsmc.c,8 :: 		portd=0;
0x0093	0x1283      	BCF        STATUS, 5
0x0094	0x0188      	CLRF       PORTD
;gsmc.c,10 :: 		do{
L_main1:
;gsmc.c,11 :: 		portd.rd7=1;
0x0095	0x1788      	BSF        PORTD, 7
;gsmc.c,12 :: 		UART1_Write_Text("A\r\n"); /* Transmit AT to the module – GSM Modem sendsOK */
0x0096	0x3020      	MOVLW      ?lstr1_gsmc
0x0097	0x1683      	BSF        STATUS, 5
0x0098	0x00BA      	MOVWF      FARG_UART1_Write_Text_uart_text
0x0099	0x2014      	CALL       _UART1_Write_Text
;gsmc.c,13 :: 		Delay_ms(3000);
0x009A	0x304D      	MOVLW      77
0x009B	0x00FB      	MOVWF      R11
0x009C	0x3019      	MOVLW      25
0x009D	0x00FC      	MOVWF      R12
0x009E	0x304F      	MOVLW      79
0x009F	0x00FD      	MOVWF      R13
L_main4:
0x00A0	0x0BFD      	DECFSZ     R13, 1
0x00A1	0x28A0      	GOTO       L_main4
0x00A2	0x0BFC      	DECFSZ     R12, 1
0x00A3	0x28A0      	GOTO       L_main4
0x00A4	0x0BFB      	DECFSZ     R11, 1
0x00A5	0x28A0      	GOTO       L_main4
0x00A6	0x0000      	NOP
0x00A7	0x0000      	NOP
;gsmc.c,14 :: 		UART1_Write_Text("AT\r\n"); /* Transmit AT to the module – GSM Modem sendsOK */
0x00A8	0x3024      	MOVLW      ?lstr2_gsmc
0x00A9	0x00BA      	MOVWF      FARG_UART1_Write_Text_uart_text
0x00AA	0x2014      	CALL       _UART1_Write_Text
;gsmc.c,15 :: 		Delay_ms(2000); /* 2 sec delay */
0x00AB	0x3033      	MOVLW      51
0x00AC	0x00FB      	MOVWF      R11
0x00AD	0x30BB      	MOVLW      187
0x00AE	0x00FC      	MOVWF      R12
0x00AF	0x30DF      	MOVLW      223
0x00B0	0x00FD      	MOVWF      R13
L_main5:
0x00B1	0x0BFD      	DECFSZ     R13, 1
0x00B2	0x28B1      	GOTO       L_main5
0x00B3	0x0BFC      	DECFSZ     R12, 1
0x00B4	0x28B1      	GOTO       L_main5
0x00B5	0x0BFB      	DECFSZ     R11, 1
0x00B6	0x28B1      	GOTO       L_main5
0x00B7	0x0000      	NOP
0x00B8	0x0000      	NOP
;gsmc.c,17 :: 		while(UART1_Data_Ready())
L_main6:
0x00B9	0x2075      	CALL       _UART1_Data_Ready
0x00BA	0x0870      	MOVF       R0, 0
0x00BB	0x1903      	BTFSC      STATUS, 2
0x00BC	0x28CA      	GOTO       L_main7
;gsmc.c,19 :: 		data1=UART1_Read();
0x00BD	0x2047      	CALL       _UART1_Read
0x00BE	0x0870      	MOVF       R0, 0
0x00BF	0x00EF      	MOVWF      _data1
;gsmc.c,20 :: 		EEPROM_Write(0x01+j,data1);
0x00C0	0x0A6E      	INCF       _j, 0
0x00C1	0x1683      	BSF        STATUS, 5
0x00C2	0x00BA      	MOVWF      FARG_EEPROM_Write_Address
0x00C3	0x0870      	MOVF       R0, 0
0x00C4	0x00BB      	MOVWF      FARG_EEPROM_Write_data_
0x00C5	0x2052      	CALL       _EEPROM_Write
;gsmc.c,21 :: 		j++;
0x00C6	0x1283      	BCF        STATUS, 5
0x00C7	0x1303      	BCF        STATUS, 6
0x00C8	0x0AEE      	INCF       _j, 1
;gsmc.c,23 :: 		}
0x00C9	0x28B9      	GOTO       L_main6
L_main7:
;gsmc.c,25 :: 		UART1_Write_Text("ATE0\r\n"); /* Echo Off */
0x00CA	0x30A0      	MOVLW      ?lstr3_gsmc
0x00CB	0x1683      	BSF        STATUS, 5
0x00CC	0x00BA      	MOVWF      FARG_UART1_Write_Text_uart_text
0x00CD	0x2014      	CALL       _UART1_Write_Text
;gsmc.c,26 :: 		Delay_ms(2000); /* 2 sec delay */
0x00CE	0x3033      	MOVLW      51
0x00CF	0x00FB      	MOVWF      R11
0x00D0	0x30BB      	MOVLW      187
0x00D1	0x00FC      	MOVWF      R12
0x00D2	0x30DF      	MOVLW      223
0x00D3	0x00FD      	MOVWF      R13
L_main8:
0x00D4	0x0BFD      	DECFSZ     R13, 1
0x00D5	0x28D4      	GOTO       L_main8
0x00D6	0x0BFC      	DECFSZ     R12, 1
0x00D7	0x28D4      	GOTO       L_main8
0x00D8	0x0BFB      	DECFSZ     R11, 1
0x00D9	0x28D4      	GOTO       L_main8
0x00DA	0x0000      	NOP
0x00DB	0x0000      	NOP
;gsmc.c,27 :: 		UART1_Write_Text("ATD09032892040\r\n");
0x00DC	0x30A7      	MOVLW      ?lstr4_gsmc
0x00DD	0x00BA      	MOVWF      FARG_UART1_Write_Text_uart_text
0x00DE	0x2014      	CALL       _UART1_Write_Text
;gsmc.c,28 :: 		Delay_ms(8000);
0x00DF	0x30CB      	MOVLW      203
0x00E0	0x00FB      	MOVWF      R11
0x00E1	0x30EC      	MOVLW      236
0x00E2	0x00FC      	MOVWF      R12
0x00E3	0x3084      	MOVLW      132
0x00E4	0x00FD      	MOVWF      R13
L_main9:
0x00E5	0x0BFD      	DECFSZ     R13, 1
0x00E6	0x28E5      	GOTO       L_main9
0x00E7	0x0BFC      	DECFSZ     R12, 1
0x00E8	0x28E5      	GOTO       L_main9
0x00E9	0x0BFB      	DECFSZ     R11, 1
0x00EA	0x28E5      	GOTO       L_main9
0x00EB	0x0000      	NOP
;gsmc.c,29 :: 		portd.rd7=0;
0x00EC	0x1283      	BCF        STATUS, 5
0x00ED	0x1388      	BCF        PORTD, 7
;gsmc.c,30 :: 		UART1_Write_Text("AT+CMGF=1\r\n"); /* Switch to text mode */
0x00EE	0x3062      	MOVLW      ?lstr5_gsmc
0x00EF	0x1683      	BSF        STATUS, 5
0x00F0	0x00BA      	MOVWF      FARG_UART1_Write_Text_uart_text
0x00F1	0x2014      	CALL       _UART1_Write_Text
;gsmc.c,31 :: 		Delay_ms(2000); /* 2 sec delay */
0x00F2	0x3033      	MOVLW      51
0x00F3	0x00FB      	MOVWF      R11
0x00F4	0x30BB      	MOVLW      187
0x00F5	0x00FC      	MOVWF      R12
0x00F6	0x30DF      	MOVLW      223
0x00F7	0x00FD      	MOVWF      R13
L_main10:
0x00F8	0x0BFD      	DECFSZ     R13, 1
0x00F9	0x28F8      	GOTO       L_main10
0x00FA	0x0BFC      	DECFSZ     R12, 1
0x00FB	0x28F8      	GOTO       L_main10
0x00FC	0x0BFB      	DECFSZ     R11, 1
0x00FD	0x28F8      	GOTO       L_main10
0x00FE	0x0000      	NOP
0x00FF	0x0000      	NOP
;gsmc.c,32 :: 		UART1_Write_Text("AT+CMGS=\"09032892040\"\r\n"); /* Send SMS to a cell number */
0x0100	0x3029      	MOVLW      ?lstr6_gsmc
0x0101	0x00BA      	MOVWF      FARG_UART1_Write_Text_uart_text
0x0102	0x2014      	CALL       _UART1_Write_Text
;gsmc.c,33 :: 		Delay_ms(2000); /* 2 sec delay */
0x0103	0x3033      	MOVLW      51
0x0104	0x00FB      	MOVWF      R11
0x0105	0x30BB      	MOVLW      187
0x0106	0x00FC      	MOVWF      R12
0x0107	0x30DF      	MOVLW      223
0x0108	0x00FD      	MOVWF      R13
L_main11:
0x0109	0x0BFD      	DECFSZ     R13, 1
0x010A	0x2909      	GOTO       L_main11
0x010B	0x0BFC      	DECFSZ     R12, 1
0x010C	0x2909      	GOTO       L_main11
0x010D	0x0BFB      	DECFSZ     R11, 1
0x010E	0x2909      	GOTO       L_main11
0x010F	0x0000      	NOP
0x0110	0x0000      	NOP
;gsmc.c,34 :: 		UART1_Write_Text("TEST DATA FROM RhydoLABZ-COCHIN"); /* Input SMS Data */
0x0111	0x3041      	MOVLW      ?lstr7_gsmc
0x0112	0x00BA      	MOVWF      FARG_UART1_Write_Text_uart_text
0x0113	0x2014      	CALL       _UART1_Write_Text
;gsmc.c,35 :: 		UART1_Write(0x1a); /* Ctrl-Z indicates end of SMS */
0x0114	0x301A      	MOVLW      26
0x0115	0x00BD      	MOVWF      FARG_UART1_Write_data_
0x0116	0x2003      	CALL       _UART1_Write
;gsmc.c,36 :: 		Delay_ms(2000); /* 2 sec delay */
0x0117	0x3033      	MOVLW      51
0x0118	0x00FB      	MOVWF      R11
0x0119	0x30BB      	MOVLW      187
0x011A	0x00FC      	MOVWF      R12
0x011B	0x30DF      	MOVLW      223
0x011C	0x00FD      	MOVWF      R13
L_main12:
0x011D	0x0BFD      	DECFSZ     R13, 1
0x011E	0x291D      	GOTO       L_main12
0x011F	0x0BFC      	DECFSZ     R12, 1
0x0120	0x291D      	GOTO       L_main12
0x0121	0x0BFB      	DECFSZ     R11, 1
0x0122	0x291D      	GOTO       L_main12
0x0123	0x0000      	NOP
0x0124	0x0000      	NOP
;gsmc.c,38 :: 		i++     ;
0x0125	0x0AE1      	INCF       _i, 1
;gsmc.c,40 :: 		while(i<4);
0x0126	0x3004      	MOVLW      4
0x0127	0x0261      	SUBWF      _i, 0
0x0128	0x1C03      	BTFSS      STATUS, 0
0x0129	0x2895      	GOTO       L_main1
;gsmc.c,41 :: 		}
0x012A	0x292A      	GOTO       $+0
; end of _main
0x0198	0x3020      	MOVLW      32
0x0199	0x0084      	MOVWF      FSR
0x019A	0x304F      	MOVLW      79
0x019B	0x1283      	BCF        STATUS, 5
0x019C	0x1303      	BCF        STATUS, 6
0x019D	0x00F0      	MOVWF      R0
0x019E	0x3030      	MOVLW      48
0x019F	0x1683      	BSF        STATUS, 5
0x01A0	0x00B8      	MOVWF      ___DoICPAddr
0x01A1	0x3001      	MOVLW      1
0x01A2	0x00B9      	MOVWF      185
0x01A3	0x202B      	CALL       43
0x01A4	0x30A0      	MOVLW      160
0x01A5	0x0084      	MOVWF      FSR
0x01A6	0x3018      	MOVLW      24
0x01A7	0x1283      	BCF        STATUS, 5
0x01A8	0x1303      	BCF        STATUS, 6
0x01A9	0x00F0      	MOVWF      R0
0x01AA	0x307F      	MOVLW      127
0x01AB	0x1683      	BSF        STATUS, 5
0x01AC	0x00B8      	MOVWF      ___DoICPAddr
0x01AD	0x3001      	MOVLW      1
0x01AE	0x00B9      	MOVWF      185
0x01AF	0x202B      	CALL       43
0x01B0	0x0008      	RETURN
;gsmc.c,0 :: ?ICS?lstr1_gsmc
0x0130	0x3441 ;?ICS?lstr1_gsmc+0
0x0131	0x340D ;?ICS?lstr1_gsmc+1
0x0132	0x340A ;?ICS?lstr1_gsmc+2
0x0133	0x3400 ;?ICS?lstr1_gsmc+3
; end of ?ICS?lstr1_gsmc
;gsmc.c,0 :: ?ICS?lstr2_gsmc
0x0134	0x3441 ;?ICS?lstr2_gsmc+0
0x0135	0x3454 ;?ICS?lstr2_gsmc+1
0x0136	0x340D ;?ICS?lstr2_gsmc+2
0x0137	0x340A ;?ICS?lstr2_gsmc+3
0x0138	0x3400 ;?ICS?lstr2_gsmc+4
; end of ?ICS?lstr2_gsmc
;gsmc.c,0 :: ?ICS?lstr6_gsmc
0x0139	0x3441 ;?ICS?lstr6_gsmc+0
0x013A	0x3454 ;?ICS?lstr6_gsmc+1
0x013B	0x342B ;?ICS?lstr6_gsmc+2
0x013C	0x3443 ;?ICS?lstr6_gsmc+3
0x013D	0x344D ;?ICS?lstr6_gsmc+4
0x013E	0x3447 ;?ICS?lstr6_gsmc+5
0x013F	0x3453 ;?ICS?lstr6_gsmc+6
0x0140	0x343D ;?ICS?lstr6_gsmc+7
0x0141	0x3422 ;?ICS?lstr6_gsmc+8
0x0142	0x3430 ;?ICS?lstr6_gsmc+9
0x0143	0x3439 ;?ICS?lstr6_gsmc+10
0x0144	0x3430 ;?ICS?lstr6_gsmc+11
0x0145	0x3433 ;?ICS?lstr6_gsmc+12
0x0146	0x3432 ;?ICS?lstr6_gsmc+13
0x0147	0x3438 ;?ICS?lstr6_gsmc+14
0x0148	0x3439 ;?ICS?lstr6_gsmc+15
0x0149	0x3432 ;?ICS?lstr6_gsmc+16
0x014A	0x3430 ;?ICS?lstr6_gsmc+17
0x014B	0x3434 ;?ICS?lstr6_gsmc+18
0x014C	0x3430 ;?ICS?lstr6_gsmc+19
0x014D	0x3422 ;?ICS?lstr6_gsmc+20
0x014E	0x340D ;?ICS?lstr6_gsmc+21
0x014F	0x340A ;?ICS?lstr6_gsmc+22
0x0150	0x3400 ;?ICS?lstr6_gsmc+23
; end of ?ICS?lstr6_gsmc
;gsmc.c,0 :: ?ICS?lstr7_gsmc
0x0151	0x3454 ;?ICS?lstr7_gsmc+0
0x0152	0x3445 ;?ICS?lstr7_gsmc+1
0x0153	0x3453 ;?ICS?lstr7_gsmc+2
0x0154	0x3454 ;?ICS?lstr7_gsmc+3
0x0155	0x3420 ;?ICS?lstr7_gsmc+4
0x0156	0x3444 ;?ICS?lstr7_gsmc+5
0x0157	0x3441 ;?ICS?lstr7_gsmc+6
0x0158	0x3454 ;?ICS?lstr7_gsmc+7
0x0159	0x3441 ;?ICS?lstr7_gsmc+8
0x015A	0x3420 ;?ICS?lstr7_gsmc+9
0x015B	0x3446 ;?ICS?lstr7_gsmc+10
0x015C	0x3452 ;?ICS?lstr7_gsmc+11
0x015D	0x344F ;?ICS?lstr7_gsmc+12
0x015E	0x344D ;?ICS?lstr7_gsmc+13
0x015F	0x3420 ;?ICS?lstr7_gsmc+14
0x0160	0x3452 ;?ICS?lstr7_gsmc+15
0x0161	0x3468 ;?ICS?lstr7_gsmc+16
0x0162	0x3479 ;?ICS?lstr7_gsmc+17
0x0163	0x3464 ;?ICS?lstr7_gsmc+18
0x0164	0x346F ;?ICS?lstr7_gsmc+19
0x0165	0x344C ;?ICS?lstr7_gsmc+20
0x0166	0x3441 ;?ICS?lstr7_gsmc+21
0x0167	0x3442 ;?ICS?lstr7_gsmc+22
0x0168	0x345A ;?ICS?lstr7_gsmc+23
0x0169	0x342D ;?ICS?lstr7_gsmc+24
0x016A	0x3443 ;?ICS?lstr7_gsmc+25
0x016B	0x344F ;?ICS?lstr7_gsmc+26
0x016C	0x3443 ;?ICS?lstr7_gsmc+27
0x016D	0x3448 ;?ICS?lstr7_gsmc+28
0x016E	0x3449 ;?ICS?lstr7_gsmc+29
0x016F	0x344E ;?ICS?lstr7_gsmc+30
0x0170	0x3400 ;?ICS?lstr7_gsmc+31
; end of ?ICS?lstr7_gsmc
;gsmc.c,0 :: ?ICS_i
0x0171	0x3400 ;?ICS_i+0
; end of ?ICS_i
;gsmc.c,0 :: ?ICS?lstr5_gsmc
0x0172	0x3441 ;?ICS?lstr5_gsmc+0
0x0173	0x3454 ;?ICS?lstr5_gsmc+1
0x0174	0x342B ;?ICS?lstr5_gsmc+2
0x0175	0x3443 ;?ICS?lstr5_gsmc+3
0x0176	0x344D ;?ICS?lstr5_gsmc+4
0x0177	0x3447 ;?ICS?lstr5_gsmc+5
0x0178	0x3446 ;?ICS?lstr5_gsmc+6
0x0179	0x343D ;?ICS?lstr5_gsmc+7
0x017A	0x3431 ;?ICS?lstr5_gsmc+8
0x017B	0x340D ;?ICS?lstr5_gsmc+9
0x017C	0x340A ;?ICS?lstr5_gsmc+10
0x017D	0x3400 ;?ICS?lstr5_gsmc+11
; end of ?ICS?lstr5_gsmc
;gsmc.c,0 :: ?ICS_j
0x017E	0x3400 ;?ICS_j+0
; end of ?ICS_j
;gsmc.c,0 :: ?ICS?lstr3_gsmc
0x017F	0x3441 ;?ICS?lstr3_gsmc+0
0x0180	0x3454 ;?ICS?lstr3_gsmc+1
0x0181	0x3445 ;?ICS?lstr3_gsmc+2
0x0182	0x3430 ;?ICS?lstr3_gsmc+3
0x0183	0x340D ;?ICS?lstr3_gsmc+4
0x0184	0x340A ;?ICS?lstr3_gsmc+5
0x0185	0x3400 ;?ICS?lstr3_gsmc+6
; end of ?ICS?lstr3_gsmc
;gsmc.c,0 :: ?ICS?lstr4_gsmc
0x0186	0x3441 ;?ICS?lstr4_gsmc+0
0x0187	0x3454 ;?ICS?lstr4_gsmc+1
0x0188	0x3444 ;?ICS?lstr4_gsmc+2
0x0189	0x3430 ;?ICS?lstr4_gsmc+3
0x018A	0x3439 ;?ICS?lstr4_gsmc+4
0x018B	0x3430 ;?ICS?lstr4_gsmc+5
0x018C	0x3433 ;?ICS?lstr4_gsmc+6
0x018D	0x3432 ;?ICS?lstr4_gsmc+7
0x018E	0x3438 ;?ICS?lstr4_gsmc+8
0x018F	0x3439 ;?ICS?lstr4_gsmc+9
0x0190	0x3432 ;?ICS?lstr4_gsmc+10
0x0191	0x3430 ;?ICS?lstr4_gsmc+11
0x0192	0x3434 ;?ICS?lstr4_gsmc+12
0x0193	0x3430 ;?ICS?lstr4_gsmc+13
0x0194	0x340D ;?ICS?lstr4_gsmc+14
0x0195	0x340A ;?ICS?lstr4_gsmc+15
0x0196	0x3400 ;?ICS?lstr4_gsmc+16
; end of ?ICS?lstr4_gsmc
Symbol List:
//** Routines locations **
//ADDRESS    SIZE    PROCEDURE
//----------------------------------------------
0x0003      [10]    _UART1_Write
0x000D       [7]    _____DoICP
0x0014      [23]    _UART1_Write_Text
0x002B      [12]    ___CC2DW
0x0037      [16]    _UART1_Init
0x0047      [11]    _UART1_Read
0x0052      [35]    _EEPROM_Write
0x0075       [7]    _UART1_Data_Ready
0x007C     [174]    _main
//** Variables locations ** 
//ADDRESS    SIZE    VARIABLE
//----------------------------------------------
0x0000       [1]    INDF
0x0001       [1]    TMR0
0x0002       [1]    PCL
0x0003       [0]    RP1_bit
0x0003       [0]    IRP_bit
0x0003       [0]    RP0_bit
0x0003       [0]    NOT_PD_bit
0x0003       [0]    NOT_TO_bit
0x0003       [0]    Z_bit
0x0003       [0]    C_bit
0x0003       [1]    STATUS
0x0003       [0]    DC_bit
0x0004       [1]    FSR
0x0004       [1]    FSRPTR
0x0005       [0]    RA0_bit
0x0005       [0]    RA4_bit
0x0005       [0]    RA5_bit
0x0005       [1]    PORTA
0x0005       [0]    RA1_bit
0x0005       [0]    RA2_bit
0x0005       [0]    RA3_bit
0x0006       [0]    RB0_bit
0x0006       [0]    RB4_bit
0x0006       [0]    RB5_bit
0x0006       [0]    RB2_bit
0x0006       [0]    RB3_bit
0x0006       [0]    RB6_bit
0x0006       [1]    PORTB
0x0006       [0]    RB1_bit
0x0006       [0]    RB7_bit
0x0007       [1]    PORTC
0x0007       [0]    RC5_bit
0x0007       [0]    RC4_bit
0x0007       [0]    RC7_bit
0x0007       [0]    RC6_bit
0x0007       [0]    RC0_bit
0x0007       [0]    RC1_bit
0x0007       [0]    RC3_bit
0x0007       [0]    RC2_bit
0x0008       [1]    PORTD
0x0008       [0]    RD2_bit
0x0008       [0]    RD3_bit
0x0008       [0]    RD0_bit
0x0008       [0]    RD1_bit
0x0008       [0]    RD4_bit
0x0008       [0]    RD7_bit
0x0008       [0]    RD6_bit
0x0008       [0]    RD5_bit
0x0009       [0]    RE2_bit
0x0009       [1]    PORTE
0x0009       [0]    RE0_bit
0x0009       [0]    RE1_bit
0x000A       [1]    PCLATH
0x000B       [0]    INTF_bit
0x000B       [0]    TMR0IF_bit
0x000B       [1]    INTCON
0x000B       [0]    RBIF_bit
0x000B       [0]    INTE_bit
0x000B       [0]    TMR0IE_bit
0x000B       [0]    PEIE_bit
0x000B       [0]    T0IE_bit
0x000B       [0]    T0IF_bit
0x000B       [0]    RBIE_bit
0x000B       [0]    GIE_bit
0x000C       [0]    SSPIF_bit
0x000C       [0]    TMR1IF_bit
0x000C       [0]    TMR2IF_bit
0x000C       [0]    CCP1IF_bit
0x000C       [0]    ADIF_bit
0x000C       [0]    PSPIF_bit
0x000C       [0]    TXIF_bit
0x000C       [0]    RCIF_bit
0x000C       [1]    PIR1
0x000D       [0]    CMIF_bit
0x000D       [0]    EEIF_bit
0x000D       [0]    CCP2IF_bit
0x000D       [0]    BCLIF_bit
0x000D       [1]    PIR2
0x000E       [1]    TMR1L
0x000F       [1]    TMR1H
0x0010       [0]    T1SYNC_bit
0x0010       [0]    T1INSYNC_bit
0x0010       [0]    TMR1ON_bit
0x0010       [0]    TMR1CS_bit
0x0010       [0]    NOT_T1SYNC_bit
0x0010       [0]    T1CKPS1_bit
0x0010       [1]    T1CON
0x0010       [0]    T1OSCEN_bit
0x0010       [0]    T1CKPS0_bit
0x0011       [1]    TMR2
0x0012       [0]    TOUTPS0_bit
0x0012       [0]    TMR2ON_bit
0x0012       [0]    T2CKPS1_bit
0x0012       [0]    TOUTPS1_bit
0x0012       [1]    T2CON
0x0012       [0]    TOUTPS3_bit
0x0012       [0]    TOUTPS2_bit
0x0012       [0]    T2CKPS0_bit
0x0013       [1]    SSPBUF
0x0014       [0]    CKP_bit
0x0014       [0]    SSPOV_bit
0x0014       [1]    SSPCON
0x0014       [0]    SSPM3_bit
0x0014       [0]    SSPEN_bit
0x0014       [0]    WCOL_bit
0x0014       [0]    SSPM1_bit
0x0014       [0]    SSPM0_bit
0x0014       [0]    SSPM2_bit
0x0015       [2]    CCPR1
0x0015       [1]    CCPR1L
0x0016       [1]    CCPR1H
0x0017       [0]    CCP1M3_bit
0x0017       [0]    CCP1M2_bit
0x0017       [0]    CCP1X_bit
0x0017       [0]    CCP1Y_bit
0x0017       [1]    CCP1CON
0x0017       [0]    CCP1M0_bit
0x0017       [0]    CCP1M1_bit
0x0018       [0]    RX9D_bit
0x0018       [0]    ADDEN_bit
0x0018       [0]    OERR_bit
0x0018       [0]    FERR_bit
0x0018       [0]    CREN_bit
0x0018       [0]    RC9_bit
0x0018       [0]    RX9_bit
0x0018       [0]    SPEN_bit
0x0018       [0]    SREN_bit
0x0018       [0]    RC8_9_bit
0x0018       [0]    NOT_RC8_bit
0x0018       [1]    RCSTA
0x0018       [0]    RCD8_bit
0x0019       [1]    TXREG
0x001A       [1]    RCREG
0x001B       [1]    CCPR2L
0x001B       [2]    CCPR2
0x001C       [1]    CCPR2H
0x001D       [0]    CCP2M2_bit
0x001D       [0]    CCP2M0_bit
0x001D       [0]    CCP2M1_bit
0x001D       [1]    CCP2CON
0x001D       [0]    CCP2X_bit
0x001D       [0]    CCP2Y_bit
0x001D       [0]    CCP2M3_bit
0x001E       [1]    ADRESH
0x001F       [0]    GO_bit
0x001F       [0]    CHS0_bit
0x001F       [0]    CHS1_bit
0x001F       [0]    NOT_DONE_bit
0x001F       [1]    ADCON0
0x001F       [0]    ADON_bit
0x001F       [0]    GO_DONE_bit
0x001F       [0]    ADCS0_bit
0x001F       [0]    ADCS1_bit
0x001F       [0]    CHS2_bit
0x0020       [4]    ?lstr1_gsmc
0x0024       [5]    ?lstr2_gsmc
0x0029      [24]    ?lstr6_gsmc
0x0041      [32]    ?lstr7_gsmc
0x0061       [1]    _i
0x0062      [12]    ?lstr5_gsmc
0x006E       [1]    _j
0x006F       [1]    _data1
0x0070       [1]    R0
0x0071       [1]    R1
0x0072       [1]    R2
0x0073       [1]    R3
0x0074       [1]    R4
0x0075       [1]    R5
0x0076       [1]    R6
0x0077       [1]    R7
0x0078       [1]    R8
0x0079       [1]    R9
0x007A       [1]    R10
0x007B       [1]    R11
0x007C       [1]    R12
0x007D       [1]    R13
0x007E       [1]    R14
0x007F       [1]    R15
0x0081       [0]    PS2_bit
0x0081       [0]    PS0_bit
0x0081       [0]    PS1_bit
0x0081       [0]    T0CS_bit
0x0081       [0]    T0SE_bit
0x0081       [1]    OPTION_REG
0x0081       [0]    NOT_RBPU_bit
0x0081       [0]    PSA_bit
0x0081       [0]    INTEDG_bit
0x0085       [0]    TRISA0_bit
0x0085       [0]    TRISA2_bit
0x0085       [0]    TRISA1_bit
0x0085       [0]    TRISA5_bit
0x0085       [1]    TRISA
0x0085       [0]    TRISA3_bit
0x0085       [0]    TRISA4_bit
0x0086       [0]    TRISB3_bit
0x0086       [0]    TRISB2_bit
0x0086       [0]    TRISB0_bit
0x0086       [0]    TRISB1_bit
0x0086       [1]    TRISB
0x0086       [0]    TRISB4_bit
0x0086       [0]    TRISB7_bit
0x0086       [0]    TRISB5_bit
0x0086       [0]    TRISB6_bit
0x0087       [0]    TRISC6_bit
0x0087       [0]    TRISC7_bit
0x0087       [0]    TRISC1_bit
0x0087       [0]    TRISC0_bit
0x0087       [1]    TRISC
0x0087       [0]    TRISC2_bit
0x0087       [0]    TRISC5_bit
0x0087       [0]    TRISC4_bit
0x0087       [0]    TRISC3_bit
0x0088       [0]    TRISD1_bit
0x0088       [0]    TRISD2_bit
0x0088       [1]    TRISD
0x0088       [0]    TRISD0_bit
0x0088       [0]    TRISD3_bit
0x0088       [0]    TRISD6_bit
0x0088       [0]    TRISD7_bit
0x0088       [0]    TRISD4_bit
0x0088       [0]    TRISD5_bit
0x0089       [0]    IBF_TRISE_bit
0x0089       [0]    OBF_TRISE_bit
0x0089       [0]    IBOV_TRISE_bit
0x0089       [0]    OBF_bit
0x0089       [0]    IBOV_bit
0x0089       [0]    IBF_bit
0x0089       [0]    TRISE0_bit
0x0089       [0]    TRISE1_bit
0x0089       [1]    TRISE
0x0089       [0]    PSPMODE_bit
0x0089       [0]    PSPMODE_TRISE_bit
0x0089       [0]    TRISE2_bit
0x008C       [0]    TMR2IE_bit
0x008C       [0]    PSPIE_bit
0x008C       [0]    RCIE_bit
0x008C       [0]    TMR1IE_bit
0x008C       [0]    CCP1IE_bit
0x008C       [0]    SSPIE_bit
0x008C       [0]    ADIE_bit
0x008C       [1]    PIE1
0x008C       [0]    TXIE_bit
0x008D       [0]    CCP2IE_bit
0x008D       [0]    CMIE_bit
0x008D       [0]    EEIE_bit
0x008D       [1]    PIE2
0x008D       [0]    BCLIE_bit
0x008E       [0]    NOT_BO_bit
0x008E       [0]    NOT_POR_bit
0x008E       [0]    NOT_BOR_bit
0x008E       [1]    PCON
0x0091       [0]    GCEN_bit
0x0091       [0]    ACKEN_bit
0x0091       [0]    ACKDT_bit
0x0091       [0]    SEN_bit
0x0091       [0]    RSEN_bit
0x0091       [0]    ACKSTAT_bit
0x0091       [0]    RCEN_bit
0x0091       [0]    PEN_bit
0x0091       [1]    SSPCON2
0x0092       [1]    PR2
0x0093       [1]    SSPADD
0x0094       [0]    D_bit
0x0094       [0]    I2C_DATA_bit
0x0094       [0]    NOT_A_bit
0x0094       [0]    CKE_bit
0x0094       [0]    BF_bit
0x0094       [0]    UA_bit
0x0094       [1]    SSPSTAT
0x0094       [0]    SMP_bit
0x0094       [0]    READ_WRITE_bit
0x0094       [0]    I2C_STOP__bit
0x0094       [0]    S_bit
0x0094       [0]    DATA_ADDRESS_bit
0x0094       [0]    P_bit
0x0094       [0]    NOT_WRITE_bit
0x0094       [0]    R_W_bit
0x0094       [0]    I2C_START__bit
0x0094       [0]    NOT_W_bit
0x0094       [0]    I2C_READ_bit
0x0094       [0]    R_bit
0x0094       [0]    D_A_bit
0x0094       [0]    NOT_ADDRESS_bit
0x0098       [0]    TX8_9_bit
0x0098       [0]    TXEN_bit
0x0098       [0]    TX9_bit
0x0098       [0]    TRMT_bit
0x0098       [0]    NOT_TX8_bit
0x0098       [0]    TXD8_bit
0x0098       [0]    CSRC_bit
0x0098       [1]    TXSTA
0x0098       [0]    TX9D_bit
0x0098       [0]    BRGH_bit
0x0098       [0]    SYNC_bit
0x0099       [1]    SPBRG
0x009C       [0]    C1INV_bit
0x009C       [0]    C2OUT_bit
0x009C       [1]    CMCON
0x009C       [0]    C2INV_bit
0x009C       [0]    C1OUT_bit
0x009C       [0]    CIS_bit
0x009C       [0]    CM1_bit
0x009C       [0]    CM0_bit
0x009C       [0]    CM2_bit
0x009D       [0]    CVRR_bit
0x009D       [1]    CVRCON
0x009D       [0]    CVROE_bit
0x009D       [0]    CVREN_bit
0x009D       [0]    CVR3_bit
0x009D       [0]    CVR2_bit
0x009D       [0]    CVR1_bit
0x009D       [0]    CVR0_bit
0x009E       [1]    ADRESL
0x009F       [0]    PCFG1_bit
0x009F       [1]    ADCON1
0x009F       [0]    ADFM_bit
0x009F       [0]    ADCS2_bit
0x009F       [0]    PCFG3_bit
0x009F       [0]    PCFG0_bit
0x009F       [0]    PCFG2_bit
0x00A0       [7]    ?lstr3_gsmc
0x00A7      [17]    ?lstr4_gsmc
0x00B8       [2]    ___DoICPAddr
0x00BA       [1]    FARG_UART1_Write_Text_uart_text
0x00BA       [1]    FARG_EEPROM_Write_Address
0x00BB       [1]    UART1_Write_Text_data__L0
0x00BB       [1]    FARG_EEPROM_Write_data_
0x00BC       [1]    UART1_Write_Text_counter_L0
0x00BD       [1]    FARG_UART1_Write_data_
0x010C       [1]    EEDATA
0x010D       [1]    EEADR
0x010E       [1]    EEDATH
0x010F       [1]    EEADRH
0x018C       [0]    WREN_bit
0x018C       [0]    WR_bit
0x018C       [0]    RD_bit
0x018C       [0]    WRERR_bit
0x018C       [1]    EECON1
0x018C       [0]    EEPGD_bit
0x018D       [1]    EECON2
//** Constants locations ** 
//ADDRESS    SIZE    CONSTANT
//----------------------------------------------
0x0130       [4]    ?ICS?lstr1_gsmc
0x0134       [5]    ?ICS?lstr2_gsmc
0x0139      [24]    ?ICS?lstr6_gsmc
0x0151      [32]    ?ICS?lstr7_gsmc
0x0171       [1]    ?ICS_i
0x0172      [12]    ?ICS?lstr5_gsmc
0x017E       [1]    ?ICS_j
0x017F       [7]    ?ICS?lstr3_gsmc
0x0186      [17]    ?ICS?lstr4_gsmc
//** Label List: ** 
//----------------------------------------------
  L_main0
  L_main1
  L_main2
  L_main3
  L_main4
  L_main5
  L_main6
  L_main7
  L_main8
  L_main9
  L_main10
  L_main11
  L_main12
  _main
  L_EEPROM_Write0
  L_EEPROM_Write1
  _EEPROM_Read
  _EEPROM_Write
  L__EEPROM_Write2
  L__EEPROM_Write3
  _CC2D_Loop1
  _____DoICP
  _____DoIFC
  ___CC2DW
  _Swap
  L_UART1_Init0
  L_UART1_Init1
  L_UART1_Read2
  L_UART1_Write3
  L_UART1_Write4
  L_UART1_Write_Text5
  L_UART1_Write_Text6
  L_UART1_Read_Text7
  L_UART1_Read_Text8
  L_UART1_Read_Text9
  L_UART1_Read_Text10
  L_UART1_Read_Text11
  L_UART1_Read_Text12
  L_UART1_Read_Text13
  L_UART1_Read_Text14
  L_UART1_Read_Text15
  _UART1_Init
  _UART1_Data_Ready
  _UART1_Read
  _UART1_Tx_Idle
  _UART1_Write
  _UART1_Write_Text
  _UART1_Read_Text
