;  LST file generated by mikroListExporter - v.2.0 
; Date/Time: 3/14/2016 8:55:49 PM
;----------------------------------------------

;Address Opcode 	ASM
0x0000	0x2916      	GOTO       278
_Delay_50us:
;__Lib_Delays.c,19 :: 		void Delay_50us() {
;__Lib_Delays.c,20 :: 		Delay_us(50);
0x0003	0x3053      	MOVLW      83
0x0004	0x1283      	BCF        STATUS, 5
0x0005	0x1303      	BCF        STATUS, 6
0x0006	0x00FD      	MOVWF      R13
L_Delay_50us2:
0x0007	0x0BFD      	DECFSZ     R13, 1
0x0008	0x2807      	GOTO       L_Delay_50us2
;__Lib_Delays.c,21 :: 		}
0x0009	0x0008      	RETURN
; end of _Delay_50us
_Delay_1us:
;__Lib_Delays.c,7 :: 		void Delay_1us() {
;__Lib_Delays.c,8 :: 		Delay_us(1);
0x000A	0x0000      	NOP
0x000B	0x0000      	NOP
0x000C	0x0000      	NOP
0x000D	0x0000      	NOP
0x000E	0x0000      	NOP
;__Lib_Delays.c,9 :: 		}
0x000F	0x0008      	RETURN
; end of _Delay_1us
_Delay_5500us:
;__Lib_Delays.c,31 :: 		void Delay_5500us() {
;__Lib_Delays.c,32 :: 		Delay_us(5500);
0x0010	0x3024      	MOVLW      36
0x0011	0x1283      	BCF        STATUS, 5
0x0012	0x1303      	BCF        STATUS, 6
0x0013	0x00FC      	MOVWF      R12
0x0014	0x30B5      	MOVLW      181
0x0015	0x00FD      	MOVWF      R13
L_Delay_5500us5:
0x0016	0x0BFD      	DECFSZ     R13, 1
0x0017	0x2816      	GOTO       L_Delay_5500us5
0x0018	0x0BFC      	DECFSZ     R12, 1
0x0019	0x2816      	GOTO       L_Delay_5500us5
0x001A	0x0000      	NOP
0x001B	0x0000      	NOP
;__Lib_Delays.c,33 :: 		}
0x001C	0x0008      	RETURN
; end of _Delay_5500us
_Lcd_Cmd:
;__Lib_Lcd.c,18 :: 		
;__Lib_Lcd.c,20 :: 		
0x001D	0x1283      	BCF        STATUS, 5
0x001E	0x1303      	BCF        STATUS, 6
0x001F	0x1BD3      	BTFSC      FARG_Lcd_Cmd_out_char, 7
0x0020	0x2823      	GOTO       L__Lcd_Cmd20
0x0021	0x1186      	BCF        LCD_D7, BitPos(LCD_D7+0)
0x0022	0x2824      	GOTO       L__Lcd_Cmd21
L__Lcd_Cmd20:
0x0023	0x1586      	BSF        LCD_D7, BitPos(LCD_D7+0)
L__Lcd_Cmd21:
;__Lib_Lcd.c,21 :: 		
0x0024	0x1B53      	BTFSC      FARG_Lcd_Cmd_out_char, 6
0x0025	0x2828      	GOTO       L__Lcd_Cmd22
0x0026	0x1106      	BCF        LCD_D6, BitPos(LCD_D6+0)
0x0027	0x2829      	GOTO       L__Lcd_Cmd23
L__Lcd_Cmd22:
0x0028	0x1506      	BSF        LCD_D6, BitPos(LCD_D6+0)
L__Lcd_Cmd23:
;__Lib_Lcd.c,22 :: 		
0x0029	0x1AD3      	BTFSC      FARG_Lcd_Cmd_out_char, 5
0x002A	0x282D      	GOTO       L__Lcd_Cmd24
0x002B	0x1086      	BCF        LCD_D5, BitPos(LCD_D5+0)
0x002C	0x282E      	GOTO       L__Lcd_Cmd25
L__Lcd_Cmd24:
0x002D	0x1486      	BSF        LCD_D5, BitPos(LCD_D5+0)
L__Lcd_Cmd25:
;__Lib_Lcd.c,23 :: 		
0x002E	0x1A53      	BTFSC      FARG_Lcd_Cmd_out_char, 4
0x002F	0x2832      	GOTO       L__Lcd_Cmd26
0x0030	0x1006      	BCF        LCD_D4, BitPos(LCD_D4+0)
0x0031	0x2833      	GOTO       L__Lcd_Cmd27
L__Lcd_Cmd26:
0x0032	0x1406      	BSF        LCD_D4, BitPos(LCD_D4+0)
L__Lcd_Cmd27:
;__Lib_Lcd.c,25 :: 		
0x0033	0x184C      	BTFSC      __Lib_Lcd_cmd_status, BitPos(__Lib_Lcd_cmd_status+0)
0x0034	0x2837      	GOTO       L__Lcd_Cmd28
0x0035	0x1606      	BSF        LCD_RS, BitPos(LCD_RS+0)
0x0036	0x2838      	GOTO       L__Lcd_Cmd29
L__Lcd_Cmd28:
0x0037	0x1206      	BCF        LCD_RS, BitPos(LCD_RS+0)
L__Lcd_Cmd29:
;__Lib_Lcd.c,28 :: 		
0x0038	0x1686      	BSF        LCD_EN, BitPos(LCD_EN+0)
;__Lib_Lcd.c,29 :: 		
0x0039	0x200A      	CALL       _Delay_1us
;__Lib_Lcd.c,30 :: 		
0x003A	0x1286      	BCF        LCD_EN, BitPos(LCD_EN+0)
;__Lib_Lcd.c,33 :: 		
0x003B	0x19D3      	BTFSC      FARG_Lcd_Cmd_out_char, 3
0x003C	0x283F      	GOTO       L__Lcd_Cmd30
0x003D	0x1186      	BCF        LCD_D7, BitPos(LCD_D7+0)
0x003E	0x2840      	GOTO       L__Lcd_Cmd31
L__Lcd_Cmd30:
0x003F	0x1586      	BSF        LCD_D7, BitPos(LCD_D7+0)
L__Lcd_Cmd31:
;__Lib_Lcd.c,34 :: 		
0x0040	0x1953      	BTFSC      FARG_Lcd_Cmd_out_char, 2
0x0041	0x2844      	GOTO       L__Lcd_Cmd32
0x0042	0x1106      	BCF        LCD_D6, BitPos(LCD_D6+0)
0x0043	0x2845      	GOTO       L__Lcd_Cmd33
L__Lcd_Cmd32:
0x0044	0x1506      	BSF        LCD_D6, BitPos(LCD_D6+0)
L__Lcd_Cmd33:
;__Lib_Lcd.c,35 :: 		
0x0045	0x18D3      	BTFSC      FARG_Lcd_Cmd_out_char, 1
0x0046	0x2849      	GOTO       L__Lcd_Cmd34
0x0047	0x1086      	BCF        LCD_D5, BitPos(LCD_D5+0)
0x0048	0x284A      	GOTO       L__Lcd_Cmd35
L__Lcd_Cmd34:
0x0049	0x1486      	BSF        LCD_D5, BitPos(LCD_D5+0)
L__Lcd_Cmd35:
;__Lib_Lcd.c,36 :: 		
0x004A	0x1853      	BTFSC      FARG_Lcd_Cmd_out_char, 0
0x004B	0x284E      	GOTO       L__Lcd_Cmd36
0x004C	0x1006      	BCF        LCD_D4, BitPos(LCD_D4+0)
0x004D	0x284F      	GOTO       L__Lcd_Cmd37
L__Lcd_Cmd36:
0x004E	0x1406      	BSF        LCD_D4, BitPos(LCD_D4+0)
L__Lcd_Cmd37:
;__Lib_Lcd.c,38 :: 		
0x004F	0x184C      	BTFSC      __Lib_Lcd_cmd_status, BitPos(__Lib_Lcd_cmd_status+0)
0x0050	0x2853      	GOTO       L__Lcd_Cmd38
0x0051	0x1606      	BSF        LCD_RS, BitPos(LCD_RS+0)
0x0052	0x2854      	GOTO       L__Lcd_Cmd39
L__Lcd_Cmd38:
0x0053	0x1206      	BCF        LCD_RS, BitPos(LCD_RS+0)
L__Lcd_Cmd39:
;__Lib_Lcd.c,40 :: 		
0x0054	0x1686      	BSF        LCD_EN, BitPos(LCD_EN+0)
;__Lib_Lcd.c,41 :: 		
0x0055	0x200A      	CALL       _Delay_1us
;__Lib_Lcd.c,42 :: 		
0x0056	0x1286      	BCF        LCD_EN, BitPos(LCD_EN+0)
;__Lib_Lcd.c,44 :: 		
0x0057	0x1C4C      	BTFSS      __Lib_Lcd_cmd_status, BitPos(__Lib_Lcd_cmd_status+0)
0x0058	0x285B      	GOTO       L_Lcd_Cmd0
;__Lib_Lcd.c,45 :: 		
0x0059	0x2010      	CALL       _Delay_5500us
0x005A	0x285C      	GOTO       L_Lcd_Cmd1
L_Lcd_Cmd0:
;__Lib_Lcd.c,47 :: 		
0x005B	0x2003      	CALL       _Delay_50us
L_Lcd_Cmd1:
;__Lib_Lcd.c,48 :: 		
0x005C	0x0008      	RETURN
; end of _Lcd_Cmd
_____DoICP:
;__Lib_System.c,6 :: 		
;__Lib_System.c,9 :: 		
0x005D	0x1283      	BCF        STATUS, 5
0x005E	0x1303      	BCF        STATUS, 6
0x005F	0x084B      	MOVF       ___DoICPAddr+1, 0
0x0060	0x008A      	MOVWF      PCLATH
;__Lib_System.c,10 :: 		
0x0061	0x084A      	MOVF       ___DoICPAddr, 0
0x0062	0x0082      	MOVWF      PCL
;__Lib_System.c,12 :: 		
0x0063	0x0008      	RETURN
; end of _____DoICP
_Lcd_Chr_CP:
;__Lib_Lcd.c,50 :: 		
;__Lib_Lcd.c,52 :: 		
0x0064	0x1283      	BCF        STATUS, 5
0x0065	0x1303      	BCF        STATUS, 6
0x0066	0x104C      	BCF        __Lib_Lcd_cmd_status, BitPos(__Lib_Lcd_cmd_status+0)
;__Lib_Lcd.c,53 :: 		
0x0067	0x0852      	MOVF       FARG_Lcd_Chr_CP_out_char, 0
0x0068	0x00D3      	MOVWF      FARG_Lcd_Cmd_out_char
0x0069	0x201D      	CALL       _Lcd_Cmd
;__Lib_Lcd.c,54 :: 		
0x006A	0x144C      	BSF        __Lib_Lcd_cmd_status, BitPos(__Lib_Lcd_cmd_status+0)
;__Lib_Lcd.c,55 :: 		
0x006B	0x0008      	RETURN
; end of _Lcd_Chr_CP
_Lcd_Out:
;__Lib_Lcd.c,184 :: 		
;__Lib_Lcd.c,187 :: 		
0x006C	0x287E      	GOTO       L_Lcd_Out11
;__Lib_Lcd.c,188 :: 		
L_Lcd_Out13:
0x006D	0x3080      	MOVLW      128
0x006E	0x1283      	BCF        STATUS, 5
0x006F	0x1303      	BCF        STATUS, 6
0x0070	0x00CE      	MOVWF      FARG_Lcd_Out_row
0x0071	0x2891      	GOTO       L_Lcd_Out12
;__Lib_Lcd.c,189 :: 		
L_Lcd_Out14:
0x0072	0x30C0      	MOVLW      192
0x0073	0x00CE      	MOVWF      FARG_Lcd_Out_row
0x0074	0x2891      	GOTO       L_Lcd_Out12
;__Lib_Lcd.c,190 :: 		
L_Lcd_Out15:
0x0075	0x3094      	MOVLW      148
0x0076	0x00CE      	MOVWF      FARG_Lcd_Out_row
0x0077	0x2891      	GOTO       L_Lcd_Out12
;__Lib_Lcd.c,191 :: 		
L_Lcd_Out16:
0x0078	0x30D4      	MOVLW      212
0x0079	0x00CE      	MOVWF      FARG_Lcd_Out_row
0x007A	0x2891      	GOTO       L_Lcd_Out12
;__Lib_Lcd.c,192 :: 		
L_Lcd_Out17:
0x007B	0x3080      	MOVLW      128
0x007C	0x00CE      	MOVWF      FARG_Lcd_Out_row
;__Lib_Lcd.c,193 :: 		
0x007D	0x2891      	GOTO       L_Lcd_Out12
L_Lcd_Out11:
0x007E	0x1283      	BCF        STATUS, 5
0x007F	0x1303      	BCF        STATUS, 6
0x0080	0x084E      	MOVF       FARG_Lcd_Out_row, 0
0x0081	0x3A01      	XORLW      1
0x0082	0x1903      	BTFSC      STATUS, 2
0x0083	0x286D      	GOTO       L_Lcd_Out13
0x0084	0x084E      	MOVF       FARG_Lcd_Out_row, 0
0x0085	0x3A02      	XORLW      2
0x0086	0x1903      	BTFSC      STATUS, 2
0x0087	0x2872      	GOTO       L_Lcd_Out14
0x0088	0x084E      	MOVF       FARG_Lcd_Out_row, 0
0x0089	0x3A03      	XORLW      3
0x008A	0x1903      	BTFSC      STATUS, 2
0x008B	0x2875      	GOTO       L_Lcd_Out15
0x008C	0x084E      	MOVF       FARG_Lcd_Out_row, 0
0x008D	0x3A04      	XORLW      4
0x008E	0x1903      	BTFSC      STATUS, 2
0x008F	0x2878      	GOTO       L_Lcd_Out16
0x0090	0x287B      	GOTO       L_Lcd_Out17
L_Lcd_Out12:
;__Lib_Lcd.c,194 :: 		
0x0091	0x034F      	DECF       FARG_Lcd_Out_column, 0
0x0092	0x00F0      	MOVWF      R0
0x0093	0x084E      	MOVF       FARG_Lcd_Out_row, 0
0x0094	0x07F0      	ADDWF      R0, 1
0x0095	0x0870      	MOVF       R0, 0
0x0096	0x00CE      	MOVWF      FARG_Lcd_Out_row
;__Lib_Lcd.c,196 :: 		
0x0097	0x0870      	MOVF       R0, 0
0x0098	0x00D3      	MOVWF      FARG_Lcd_Cmd_out_char
0x0099	0x201D      	CALL       _Lcd_Cmd
;__Lib_Lcd.c,197 :: 		
0x009A	0x104C      	BCF        __Lib_Lcd_cmd_status, BitPos(__Lib_Lcd_cmd_status+0)
;__Lib_Lcd.c,198 :: 		
0x009B	0x01D1      	CLRF       Lcd_Out_i_L0
;__Lib_Lcd.c,199 :: 		
L_Lcd_Out18:
0x009C	0x0851      	MOVF       Lcd_Out_i_L0, 0
0x009D	0x0750      	ADDWF      FARG_Lcd_Out_text, 0
0x009E	0x0084      	MOVWF      FSR
0x009F	0x0800      	MOVF       INDF, 0
0x00A0	0x1903      	BTFSC      STATUS, 2
0x00A1	0x28AA      	GOTO       L_Lcd_Out19
;__Lib_Lcd.c,200 :: 		
0x00A2	0x0851      	MOVF       Lcd_Out_i_L0, 0
0x00A3	0x0750      	ADDWF      FARG_Lcd_Out_text, 0
0x00A4	0x0084      	MOVWF      FSR
0x00A5	0x0800      	MOVF       INDF, 0
0x00A6	0x00D2      	MOVWF      FARG_Lcd_Chr_CP_out_char
0x00A7	0x2064      	CALL       _Lcd_Chr_CP
0x00A8	0x0AD1      	INCF       Lcd_Out_i_L0, 1
0x00A9	0x289C      	GOTO       L_Lcd_Out18
L_Lcd_Out19:
;__Lib_Lcd.c,201 :: 		
0x00AA	0x144C      	BSF        __Lib_Lcd_cmd_status, BitPos(__Lib_Lcd_cmd_status+0)
;__Lib_Lcd.c,202 :: 		
0x00AB	0x0008      	RETURN
; end of _Lcd_Out
_Lcd_Init:
;__Lib_Lcd.c,84 :: 		
;__Lib_Lcd.c,86 :: 		
0x00AC	0x1683      	BSF        STATUS, 5
0x00AD	0x1303      	BCF        STATUS, 6
0x00AE	0x1286      	BCF        LCD_EN_Direction, BitPos(LCD_EN_Direction+0)
;__Lib_Lcd.c,87 :: 		
0x00AF	0x1206      	BCF        LCD_RS_Direction, BitPos(LCD_RS_Direction+0)
;__Lib_Lcd.c,88 :: 		
0x00B0	0x1006      	BCF        LCD_D4_Direction, BitPos(LCD_D4_Direction+0)
;__Lib_Lcd.c,89 :: 		
0x00B1	0x1086      	BCF        LCD_D5_Direction, BitPos(LCD_D5_Direction+0)
;__Lib_Lcd.c,90 :: 		
0x00B2	0x1106      	BCF        LCD_D6_Direction, BitPos(LCD_D6_Direction+0)
;__Lib_Lcd.c,91 :: 		
0x00B3	0x1186      	BCF        LCD_D7_Direction, BitPos(LCD_D7_Direction+0)
;__Lib_Lcd.c,93 :: 		
0x00B4	0x1283      	BCF        STATUS, 5
0x00B5	0x1286      	BCF        LCD_EN, BitPos(LCD_EN+0)
;__Lib_Lcd.c,94 :: 		
0x00B6	0x1206      	BCF        LCD_RS, BitPos(LCD_RS+0)
;__Lib_Lcd.c,95 :: 		
0x00B7	0x1186      	BCF        LCD_D7, BitPos(LCD_D7+0)
;__Lib_Lcd.c,96 :: 		
0x00B8	0x1106      	BCF        LCD_D6, BitPos(LCD_D6+0)
;__Lib_Lcd.c,97 :: 		
0x00B9	0x1086      	BCF        LCD_D5, BitPos(LCD_D5+0)
;__Lib_Lcd.c,98 :: 		
0x00BA	0x1006      	BCF        LCD_D4, BitPos(LCD_D4+0)
;__Lib_Lcd.c,100 :: 		
0x00BB	0x2010      	CALL       _Delay_5500us
;__Lib_Lcd.c,101 :: 		
0x00BC	0x2010      	CALL       _Delay_5500us
;__Lib_Lcd.c,102 :: 		
0x00BD	0x2010      	CALL       _Delay_5500us
;__Lib_Lcd.c,105 :: 		
0x00BE	0x1486      	BSF        LCD_D5, BitPos(LCD_D5+0)
;__Lib_Lcd.c,106 :: 		
0x00BF	0x1406      	BSF        LCD_D4, BitPos(LCD_D4+0)
;__Lib_Lcd.c,107 :: 		
0x00C0	0x1686      	BSF        LCD_EN, BitPos(LCD_EN+0)
;__Lib_Lcd.c,108 :: 		
0x00C1	0x200A      	CALL       _Delay_1us
;__Lib_Lcd.c,109 :: 		
0x00C2	0x1286      	BCF        LCD_EN, BitPos(LCD_EN+0)
;__Lib_Lcd.c,110 :: 		
0x00C3	0x2010      	CALL       _Delay_5500us
;__Lib_Lcd.c,112 :: 		
0x00C4	0x1686      	BSF        LCD_EN, BitPos(LCD_EN+0)
;__Lib_Lcd.c,113 :: 		
0x00C5	0x200A      	CALL       _Delay_1us
;__Lib_Lcd.c,114 :: 		
0x00C6	0x1286      	BCF        LCD_EN, BitPos(LCD_EN+0)
;__Lib_Lcd.c,115 :: 		
0x00C7	0x2010      	CALL       _Delay_5500us
;__Lib_Lcd.c,117 :: 		
0x00C8	0x1686      	BSF        LCD_EN, BitPos(LCD_EN+0)
;__Lib_Lcd.c,118 :: 		
0x00C9	0x200A      	CALL       _Delay_1us
;__Lib_Lcd.c,119 :: 		
0x00CA	0x1286      	BCF        LCD_EN, BitPos(LCD_EN+0)
;__Lib_Lcd.c,120 :: 		
0x00CB	0x2010      	CALL       _Delay_5500us
;__Lib_Lcd.c,123 :: 		
0x00CC	0x1006      	BCF        LCD_D4, BitPos(LCD_D4+0)
;__Lib_Lcd.c,124 :: 		
0x00CD	0x1686      	BSF        LCD_EN, BitPos(LCD_EN+0)
;__Lib_Lcd.c,125 :: 		
0x00CE	0x200A      	CALL       _Delay_1us
;__Lib_Lcd.c,126 :: 		
0x00CF	0x1286      	BCF        LCD_EN, BitPos(LCD_EN+0)
;__Lib_Lcd.c,127 :: 		
0x00D0	0x2010      	CALL       _Delay_5500us
;__Lib_Lcd.c,130 :: 		
0x00D1	0x1686      	BSF        LCD_EN, BitPos(LCD_EN+0)
;__Lib_Lcd.c,131 :: 		
0x00D2	0x200A      	CALL       _Delay_1us
;__Lib_Lcd.c,132 :: 		
0x00D3	0x1286      	BCF        LCD_EN, BitPos(LCD_EN+0)
;__Lib_Lcd.c,134 :: 		
0x00D4	0x1086      	BCF        LCD_D5, BitPos(LCD_D5+0)
;__Lib_Lcd.c,135 :: 		
0x00D5	0x1586      	BSF        LCD_D7, BitPos(LCD_D7+0)
;__Lib_Lcd.c,136 :: 		
0x00D6	0x1686      	BSF        LCD_EN, BitPos(LCD_EN+0)
;__Lib_Lcd.c,137 :: 		
0x00D7	0x200A      	CALL       _Delay_1us
;__Lib_Lcd.c,138 :: 		
0x00D8	0x1286      	BCF        LCD_EN, BitPos(LCD_EN+0)
;__Lib_Lcd.c,139 :: 		
0x00D9	0x2010      	CALL       _Delay_5500us
;__Lib_Lcd.c,142 :: 		
0x00DA	0x1186      	BCF        LCD_D7, BitPos(LCD_D7+0)
;__Lib_Lcd.c,143 :: 		
0x00DB	0x1406      	BSF        LCD_D4, BitPos(LCD_D4+0)
;__Lib_Lcd.c,144 :: 		
0x00DC	0x1686      	BSF        LCD_EN, BitPos(LCD_EN+0)
;__Lib_Lcd.c,145 :: 		
0x00DD	0x200A      	CALL       _Delay_1us
;__Lib_Lcd.c,146 :: 		
0x00DE	0x1286      	BCF        LCD_EN, BitPos(LCD_EN+0)
;__Lib_Lcd.c,148 :: 		
0x00DF	0x1006      	BCF        LCD_D4, BitPos(LCD_D4+0)
;__Lib_Lcd.c,149 :: 		
0x00E0	0x1686      	BSF        LCD_EN, BitPos(LCD_EN+0)
;__Lib_Lcd.c,150 :: 		
0x00E1	0x200A      	CALL       _Delay_1us
;__Lib_Lcd.c,151 :: 		
0x00E2	0x1286      	BCF        LCD_EN, BitPos(LCD_EN+0)
;__Lib_Lcd.c,152 :: 		
0x00E3	0x2010      	CALL       _Delay_5500us
;__Lib_Lcd.c,155 :: 		
0x00E4	0x1686      	BSF        LCD_EN, BitPos(LCD_EN+0)
;__Lib_Lcd.c,156 :: 		
0x00E5	0x200A      	CALL       _Delay_1us
;__Lib_Lcd.c,157 :: 		
0x00E6	0x1286      	BCF        LCD_EN, BitPos(LCD_EN+0)
;__Lib_Lcd.c,159 :: 		
0x00E7	0x1406      	BSF        LCD_D4, BitPos(LCD_D4+0)
;__Lib_Lcd.c,160 :: 		
0x00E8	0x1686      	BSF        LCD_EN, BitPos(LCD_EN+0)
;__Lib_Lcd.c,161 :: 		
0x00E9	0x200A      	CALL       _Delay_1us
;__Lib_Lcd.c,162 :: 		
0x00EA	0x1286      	BCF        LCD_EN, BitPos(LCD_EN+0)
;__Lib_Lcd.c,163 :: 		
0x00EB	0x2010      	CALL       _Delay_5500us
;__Lib_Lcd.c,166 :: 		
0x00EC	0x1006      	BCF        LCD_D4, BitPos(LCD_D4+0)
;__Lib_Lcd.c,167 :: 		
0x00ED	0x1686      	BSF        LCD_EN, BitPos(LCD_EN+0)
;__Lib_Lcd.c,168 :: 		
0x00EE	0x200A      	CALL       _Delay_1us
;__Lib_Lcd.c,169 :: 		
0x00EF	0x1286      	BCF        LCD_EN, BitPos(LCD_EN+0)
;__Lib_Lcd.c,171 :: 		
0x00F0	0x1586      	BSF        LCD_D7, BitPos(LCD_D7+0)
;__Lib_Lcd.c,172 :: 		
0x00F1	0x1506      	BSF        LCD_D6, BitPos(LCD_D6+0)
;__Lib_Lcd.c,173 :: 		
0x00F2	0x1486      	BSF        LCD_D5, BitPos(LCD_D5+0)
;__Lib_Lcd.c,174 :: 		
0x00F3	0x1406      	BSF        LCD_D4, BitPos(LCD_D4+0)
;__Lib_Lcd.c,175 :: 		
0x00F4	0x1686      	BSF        LCD_EN, BitPos(LCD_EN+0)
;__Lib_Lcd.c,176 :: 		
0x00F5	0x200A      	CALL       _Delay_1us
;__Lib_Lcd.c,177 :: 		
0x00F6	0x1286      	BCF        LCD_EN, BitPos(LCD_EN+0)
;__Lib_Lcd.c,179 :: 		
0x00F7	0x2010      	CALL       _Delay_5500us
;__Lib_Lcd.c,181 :: 		
0x00F8	0x144C      	BSF        __Lib_Lcd_cmd_status, BitPos(__Lib_Lcd_cmd_status+0)
;__Lib_Lcd.c,182 :: 		
0x00F9	0x0008      	RETURN
; end of _Lcd_Init
_Move_Delay:
;LCD.c,24 :: 		void Move_Delay() {                  // Function used for text moving
;LCD.c,25 :: 		Delay_ms(500);                     // You can change the moving speed here
0x00FA	0x300D      	MOVLW      13
0x00FB	0x1283      	BCF        STATUS, 5
0x00FC	0x1303      	BCF        STATUS, 6
0x00FD	0x00FB      	MOVWF      R11
0x00FE	0x30AF      	MOVLW      175
0x00FF	0x00FC      	MOVWF      R12
0x0100	0x30B6      	MOVLW      182
0x0101	0x00FD      	MOVWF      R13
L_Move_Delay0:
0x0102	0x0BFD      	DECFSZ     R13, 1
0x0103	0x2902      	GOTO       L_Move_Delay0
0x0104	0x0BFC      	DECFSZ     R12, 1
0x0105	0x2902      	GOTO       L_Move_Delay0
0x0106	0x0BFB      	DECFSZ     R11, 1
0x0107	0x2902      	GOTO       L_Move_Delay0
0x0108	0x0000      	NOP
;LCD.c,26 :: 		}
0x0109	0x0008      	RETURN
; end of _Move_Delay
___CC2DW:
;__Lib_System.c,24 :: 		
;__Lib_System.c,27 :: 		
_CC2D_Loop1:
;__Lib_System.c,29 :: 		
0x010A	0x205D      	CALL       _____DoICP
0x010B	0x118A      	BCF        PCLATH, 3
0x010C	0x120A      	BCF        PCLATH, 4
;__Lib_System.c,31 :: 		
0x010D	0x0080      	MOVWF      INDF
;__Lib_System.c,32 :: 		
0x010E	0x0A84      	INCF       FSR, 1
;__Lib_System.c,33 :: 		
0x010F	0x0ACA      	INCF       ___DoICPAddr, 1
;__Lib_System.c,35 :: 		
0x0110	0x1903      	BTFSC      STATUS, 2
;__Lib_System.c,36 :: 		
0x0111	0x0ACB      	INCF       ___DoICPAddr+1, 1
;__Lib_System.c,37 :: 		
0x0112	0x03F0      	DECF       R0, 1
;__Lib_System.c,39 :: 		
0x0113	0x1D03      	BTFSS      STATUS, 2
;__Lib_System.c,40 :: 		
0x0114	0x290A      	GOTO       _CC2D_Loop1
;__Lib_System.c,42 :: 		
0x0115	0x0008      	RETURN
; end of ___CC2DW
_main:
0x0116	0x21AC      	CALL       428
;LCD.c,28 :: 		void main(){
;LCD.c,31 :: 		Lcd_Init();                        // Initialize LCD
0x0117	0x20AC      	CALL       _Lcd_Init
;LCD.c,33 :: 		Lcd_Cmd(_LCD_CLEAR);               // Clear display
0x0118	0x3001      	MOVLW      1
0x0119	0x00D3      	MOVWF      FARG_Lcd_Cmd_out_char
0x011A	0x201D      	CALL       _Lcd_Cmd
;LCD.c,34 :: 		Lcd_Cmd(_LCD_CURSOR_OFF);          // Cursor off
0x011B	0x300C      	MOVLW      12
0x011C	0x00D3      	MOVWF      FARG_Lcd_Cmd_out_char
0x011D	0x201D      	CALL       _Lcd_Cmd
;LCD.c,35 :: 		Lcd_Out(1,6,txt3);                 // Write text in first row
0x011E	0x3001      	MOVLW      1
0x011F	0x00CE      	MOVWF      FARG_Lcd_Out_row
0x0120	0x3006      	MOVLW      6
0x0121	0x00CF      	MOVWF      FARG_Lcd_Out_column
0x0122	0x3042      	MOVLW      _txt3
0x0123	0x00D0      	MOVWF      FARG_Lcd_Out_text
0x0124	0x206C      	CALL       _Lcd_Out
;LCD.c,37 :: 		Lcd_Out(2,6,txt4);                 // Write text in second row
0x0125	0x3002      	MOVLW      2
0x0126	0x00CE      	MOVWF      FARG_Lcd_Out_row
0x0127	0x3006      	MOVLW      6
0x0128	0x00CF      	MOVWF      FARG_Lcd_Out_column
0x0129	0x303A      	MOVLW      _txt4
0x012A	0x00D0      	MOVWF      FARG_Lcd_Out_text
0x012B	0x206C      	CALL       _Lcd_Out
;LCD.c,38 :: 		Delay_ms(2000);
0x012C	0x3033      	MOVLW      51
0x012D	0x00FB      	MOVWF      R11
0x012E	0x30BB      	MOVLW      187
0x012F	0x00FC      	MOVWF      R12
0x0130	0x30DF      	MOVLW      223
0x0131	0x00FD      	MOVWF      R13
L_main1:
0x0132	0x0BFD      	DECFSZ     R13, 1
0x0133	0x2932      	GOTO       L_main1
0x0134	0x0BFC      	DECFSZ     R12, 1
0x0135	0x2932      	GOTO       L_main1
0x0136	0x0BFB      	DECFSZ     R11, 1
0x0137	0x2932      	GOTO       L_main1
0x0138	0x0000      	NOP
0x0139	0x0000      	NOP
;LCD.c,39 :: 		Lcd_Cmd(_LCD_CLEAR);               // Clear display
0x013A	0x3001      	MOVLW      1
0x013B	0x00D3      	MOVWF      FARG_Lcd_Cmd_out_char
0x013C	0x201D      	CALL       _Lcd_Cmd
;LCD.c,41 :: 		Lcd_Out(1,1,txt1);                 // Write text in first row
0x013D	0x3001      	MOVLW      1
0x013E	0x00CE      	MOVWF      FARG_Lcd_Out_row
0x013F	0x3001      	MOVLW      1
0x0140	0x00CF      	MOVWF      FARG_Lcd_Out_column
0x0141	0x3029      	MOVLW      _txt1
0x0142	0x00D0      	MOVWF      FARG_Lcd_Out_text
0x0143	0x206C      	CALL       _Lcd_Out
;LCD.c,42 :: 		Lcd_Out(2,5,txt2);                 // Write text in second row
0x0144	0x3002      	MOVLW      2
0x0145	0x00CE      	MOVWF      FARG_Lcd_Out_row
0x0146	0x3005      	MOVLW      5
0x0147	0x00CF      	MOVWF      FARG_Lcd_Out_column
0x0148	0x3020      	MOVLW      _txt2
0x0149	0x00D0      	MOVWF      FARG_Lcd_Out_text
0x014A	0x206C      	CALL       _Lcd_Out
;LCD.c,44 :: 		Delay_ms(2000);
0x014B	0x3033      	MOVLW      51
0x014C	0x00FB      	MOVWF      R11
0x014D	0x30BB      	MOVLW      187
0x014E	0x00FC      	MOVWF      R12
0x014F	0x30DF      	MOVLW      223
0x0150	0x00FD      	MOVWF      R13
L_main2:
0x0151	0x0BFD      	DECFSZ     R13, 1
0x0152	0x2951      	GOTO       L_main2
0x0153	0x0BFC      	DECFSZ     R12, 1
0x0154	0x2951      	GOTO       L_main2
0x0155	0x0BFB      	DECFSZ     R11, 1
0x0156	0x2951      	GOTO       L_main2
0x0157	0x0000      	NOP
0x0158	0x0000      	NOP
;LCD.c,47 :: 		for(i=0; i<4; i++) {               // Move text to the right 4 times
0x0159	0x01CD      	CLRF       _i
L_main3:
0x015A	0x3004      	MOVLW      4
0x015B	0x024D      	SUBWF      _i, 0
0x015C	0x1803      	BTFSC      STATUS, 0
0x015D	0x2964      	GOTO       L_main4
;LCD.c,48 :: 		Lcd_Cmd(_LCD_SHIFT_RIGHT);
0x015E	0x301C      	MOVLW      28
0x015F	0x00D3      	MOVWF      FARG_Lcd_Cmd_out_char
0x0160	0x201D      	CALL       _Lcd_Cmd
;LCD.c,49 :: 		Move_Delay();
0x0161	0x20FA      	CALL       _Move_Delay
;LCD.c,47 :: 		for(i=0; i<4; i++) {               // Move text to the right 4 times
0x0162	0x0ACD      	INCF       _i, 1
;LCD.c,50 :: 		}
0x0163	0x295A      	GOTO       L_main3
L_main4:
;LCD.c,52 :: 		while(1) {                         // Endless loop
L_main6:
;LCD.c,53 :: 		for(i=0; i<8; i++) {             // Move text to the left 7 times
0x0164	0x01CD      	CLRF       _i
L_main8:
0x0165	0x3008      	MOVLW      8
0x0166	0x024D      	SUBWF      _i, 0
0x0167	0x1803      	BTFSC      STATUS, 0
0x0168	0x296F      	GOTO       L_main9
;LCD.c,54 :: 		Lcd_Cmd(_LCD_SHIFT_LEFT);
0x0169	0x3018      	MOVLW      24
0x016A	0x00D3      	MOVWF      FARG_Lcd_Cmd_out_char
0x016B	0x201D      	CALL       _Lcd_Cmd
;LCD.c,55 :: 		Move_Delay();
0x016C	0x20FA      	CALL       _Move_Delay
;LCD.c,53 :: 		for(i=0; i<8; i++) {             // Move text to the left 7 times
0x016D	0x0ACD      	INCF       _i, 1
;LCD.c,56 :: 		}
0x016E	0x2965      	GOTO       L_main8
L_main9:
;LCD.c,58 :: 		for(i=0; i<8; i++) {             // Move text to the right 7 times
0x016F	0x01CD      	CLRF       _i
L_main11:
0x0170	0x3008      	MOVLW      8
0x0171	0x024D      	SUBWF      _i, 0
0x0172	0x1803      	BTFSC      STATUS, 0
0x0173	0x297A      	GOTO       L_main12
;LCD.c,59 :: 		Lcd_Cmd(_LCD_SHIFT_RIGHT);
0x0174	0x301C      	MOVLW      28
0x0175	0x00D3      	MOVWF      FARG_Lcd_Cmd_out_char
0x0176	0x201D      	CALL       _Lcd_Cmd
;LCD.c,60 :: 		Move_Delay();
0x0177	0x20FA      	CALL       _Move_Delay
;LCD.c,58 :: 		for(i=0; i<8; i++) {             // Move text to the right 7 times
0x0178	0x0ACD      	INCF       _i, 1
;LCD.c,61 :: 		}
0x0179	0x2970      	GOTO       L_main11
L_main12:
;LCD.c,62 :: 		}
0x017A	0x2964      	GOTO       L_main6
;LCD.c,63 :: 		}
0x017B	0x297B      	GOTO       $+0
; end of _main
0x01AC	0x3020      	MOVLW      32
0x01AD	0x0084      	MOVWF      FSR
0x01AE	0x302A      	MOVLW      42
0x01AF	0x1283      	BCF        STATUS, 5
0x01B0	0x1303      	BCF        STATUS, 6
0x01B1	0x00F0      	MOVWF      R0
0x01B2	0x3081      	MOVLW      129
0x01B3	0x00CA      	MOVWF      ___DoICPAddr
0x01B4	0x3001      	MOVLW      1
0x01B5	0x00CB      	MOVWF      75
0x01B6	0x210A      	CALL       266
0x01B7	0x0008      	RETURN
;LCD.c,0 :: ?ICS_txt2
0x0181	0x3445 ;?ICS_txt2+0
0x0182	0x3461 ;?ICS_txt2+1
0x0183	0x3473 ;?ICS_txt2+2
0x0184	0x3479 ;?ICS_txt2+3
0x0185	0x3450 ;?ICS_txt2+4
0x0186	0x3449 ;?ICS_txt2+5
0x0187	0x3443 ;?ICS_txt2+6
0x0188	0x3436 ;?ICS_txt2+7
0x0189	0x3400 ;?ICS_txt2+8
; end of ?ICS_txt2
;LCD.c,0 :: ?ICS_txt1
0x018A	0x346D ;?ICS_txt1+0
0x018B	0x3469 ;?ICS_txt1+1
0x018C	0x346B ;?ICS_txt1+2
0x018D	0x3472 ;?ICS_txt1+3
0x018E	0x346F ;?ICS_txt1+4
0x018F	0x3445 ;?ICS_txt1+5
0x0190	0x346C ;?ICS_txt1+6
0x0191	0x3465 ;?ICS_txt1+7
0x0192	0x346B ;?ICS_txt1+8
0x0193	0x3474 ;?ICS_txt1+9
0x0194	0x3472 ;?ICS_txt1+10
0x0195	0x346F ;?ICS_txt1+11
0x0196	0x346E ;?ICS_txt1+12
0x0197	0x3469 ;?ICS_txt1+13
0x0198	0x346B ;?ICS_txt1+14
0x0199	0x3461 ;?ICS_txt1+15
0x019A	0x3400 ;?ICS_txt1+16
; end of ?ICS_txt1
;LCD.c,0 :: ?ICS_txt4
0x019B	0x3465 ;?ICS_txt4+0
0x019C	0x3478 ;?ICS_txt4+1
0x019D	0x3461 ;?ICS_txt4+2
0x019E	0x346D ;?ICS_txt4+3
0x019F	0x3470 ;?ICS_txt4+4
0x01A0	0x346C ;?ICS_txt4+5
0x01A1	0x3465 ;?ICS_txt4+6
0x01A2	0x3400 ;?ICS_txt4+7
; end of ?ICS_txt4
;LCD.c,0 :: ?ICS_txt3
0x01A3	0x344C ;?ICS_txt3+0
0x01A4	0x3463 ;?ICS_txt3+1
0x01A5	0x3464 ;?ICS_txt3+2
0x01A6	0x3434 ;?ICS_txt3+3
0x01A7	0x3462 ;?ICS_txt3+4
0x01A8	0x3469 ;?ICS_txt3+5
0x01A9	0x3474 ;?ICS_txt3+6
0x01AA	0x3400 ;?ICS_txt3+7
; end of ?ICS_txt3
Symbol List:
//** Routines locations **
//ADDRESS    SIZE    PROCEDURE
//----------------------------------------------
0x0003       [7]    _Delay_50us
0x000A       [6]    _Delay_1us
0x0010      [13]    _Delay_5500us
0x001D      [64]    _Lcd_Cmd
0x005D       [7]    _____DoICP
0x0064       [8]    _Lcd_Chr_CP
0x006C      [64]    _Lcd_Out
0x00AC      [78]    _Lcd_Init
0x00FA      [16]    _Move_Delay
0x010A      [12]    ___CC2DW
0x0116     [101]    _main
//** Variables locations ** 
//ADDRESS    SIZE    VARIABLE
//----------------------------------------------
0x0000       [1]    INDF
0x0001       [1]    TMR0
0x0002       [1]    PCL
0x0003       [0]    IRP_bit
0x0003       [0]    RP1_bit
0x0003       [0]    RP0_bit
0x0003       [0]    DC_bit
0x0003       [0]    Z_bit
0x0003       [1]    STATUS
0x0003       [0]    NOT_PD_bit
0x0003       [0]    NOT_TO_bit
0x0003       [0]    C_bit
0x0004       [1]    FSRPTR
0x0004       [1]    FSR
0x0005       [0]    RA3_bit
0x0005       [0]    RA4_bit
0x0005       [0]    RA0_bit
0x0005       [1]    PORTA
0x0005       [0]    RA5_bit
0x0005       [0]    RA1_bit
0x0005       [0]    RA2_bit
0x0006       [0]    LCD_D6
0x0006       [0]    LCD_D4
0x0006       [0]    LCD_D7
0x0006       [1]    PORTB
0x0006       [0]    LCD_EN
0x0006       [0]    LCD_D5
0x0006       [0]    LCD_RS
0x0006       [0]    RB7_bit
0x0006       [0]    RB2_bit
0x0006       [0]    RB3_bit
0x0006       [0]    RB0_bit
0x0006       [0]    RB1_bit
0x0006       [0]    RB6_bit
0x0006       [0]    RB5_bit
0x0006       [0]    RB4_bit
0x0007       [0]    RC5_bit
0x0007       [1]    PORTC
0x0007       [0]    RC7_bit
0x0007       [0]    RC6_bit
0x0007       [0]    RC4_bit
0x0007       [0]    RC0_bit
0x0007       [0]    RC3_bit
0x0007       [0]    RC1_bit
0x0007       [0]    RC2_bit
0x0008       [0]    RD2_bit
0x0008       [1]    PORTD
0x0008       [0]    RD0_bit
0x0008       [0]    RD1_bit
0x0008       [0]    RD7_bit
0x0008       [0]    RD4_bit
0x0008       [0]    RD6_bit
0x0008       [0]    RD3_bit
0x0008       [0]    RD5_bit
0x0009       [0]    RE2_bit
0x0009       [1]    PORTE
0x0009       [0]    RE1_bit
0x0009       [0]    RE0_bit
0x000A       [1]    PCLATH
0x000B       [0]    RBIE_bit
0x000B       [0]    INTE_bit
0x000B       [0]    PEIE_bit
0x000B       [0]    T0IF_bit
0x000B       [1]    INTCON
0x000B       [0]    GIE_bit
0x000B       [0]    RBIF_bit
0x000B       [0]    INTF_bit
0x000B       [0]    TMR0IE_bit
0x000B       [0]    TMR0IF_bit
0x000B       [0]    T0IE_bit
0x000C       [0]    TMR2IF_bit
0x000C       [0]    ADIF_bit
0x000C       [0]    SSPIF_bit
0x000C       [0]    CCP1IF_bit
0x000C       [0]    TXIF_bit
0x000C       [0]    PSPIF_bit
0x000C       [0]    RCIF_bit
0x000C       [0]    TMR1IF_bit
0x000C       [1]    PIR1
0x000D       [0]    EEIF_bit
0x000D       [0]    BCLIF_bit
0x000D       [0]    CCP2IF_bit
0x000D       [0]    CMIF_bit
0x000D       [1]    PIR2
0x000E       [1]    TMR1L
0x000F       [1]    TMR1H
0x0010       [0]    T1INSYNC_bit
0x0010       [0]    T1CKPS0_bit
0x0010       [0]    T1CKPS1_bit
0x0010       [0]    TMR1ON_bit
0x0010       [0]    T1SYNC_bit
0x0010       [0]    T1OSCEN_bit
0x0010       [0]    NOT_T1SYNC_bit
0x0010       [0]    TMR1CS_bit
0x0010       [1]    T1CON
0x0011       [1]    TMR2
0x0012       [0]    TMR2ON_bit
0x0012       [0]    T2CKPS1_bit
0x0012       [0]    T2CKPS0_bit
0x0012       [1]    T2CON
0x0012       [0]    TOUTPS1_bit
0x0012       [0]    TOUTPS3_bit
0x0012       [0]    TOUTPS0_bit
0x0012       [0]    TOUTPS2_bit
0x0013       [1]    SSPBUF
0x0014       [1]    SSPCON
0x0014       [0]    CKP_bit
0x0014       [0]    SSPM3_bit
0x0014       [0]    SSPM2_bit
0x0014       [0]    WCOL_bit
0x0014       [0]    SSPOV_bit
0x0014       [0]    SSPEN_bit
0x0014       [0]    SSPM1_bit
0x0014       [0]    SSPM0_bit
0x0015       [2]    CCPR1
0x0015       [1]    CCPR1L
0x0016       [1]    CCPR1H
0x0017       [0]    CCP1M2_bit
0x0017       [1]    CCP1CON
0x0017       [0]    CCP1Y_bit
0x0017       [0]    CCP1M0_bit
0x0017       [0]    CCP1M3_bit
0x0017       [0]    CCP1X_bit
0x0017       [0]    CCP1M1_bit
0x0018       [0]    CREN_bit
0x0018       [0]    RCD8_bit
0x0018       [0]    FERR_bit
0x0018       [0]    RX9_bit
0x0018       [0]    ADDEN_bit
0x0018       [0]    RX9D_bit
0x0018       [0]    SPEN_bit
0x0018       [0]    OERR_bit
0x0018       [0]    RC9_bit
0x0018       [0]    NOT_RC8_bit
0x0018       [1]    RCSTA
0x0018       [0]    SREN_bit
0x0018       [0]    RC8_9_bit
0x0019       [1]    TXREG
0x001A       [1]    RCREG
0x001B       [1]    CCPR2L
0x001B       [2]    CCPR2
0x001C       [1]    CCPR2H
0x001D       [0]    CCP2M1_bit
0x001D       [0]    CCP2M2_bit
0x001D       [1]    CCP2CON
0x001D       [0]    CCP2M0_bit
0x001D       [0]    CCP2X_bit
0x001D       [0]    CCP2Y_bit
0x001D       [0]    CCP2M3_bit
0x001E       [1]    ADRESH
0x001F       [0]    CHS2_bit
0x001F       [0]    CHS0_bit
0x001F       [1]    ADCON0
0x001F       [0]    ADCS0_bit
0x001F       [0]    ADCS1_bit
0x001F       [0]    NOT_DONE_bit
0x001F       [0]    GO_DONE_bit
0x001F       [0]    CHS1_bit
0x001F       [0]    ADON_bit
0x001F       [0]    GO_bit
0x0020       [9]    _txt2
0x0029      [17]    _txt1
0x003A       [8]    _txt4
0x0042       [8]    _txt3
0x004A       [2]    ___DoICPAddr
0x004C       [0]    __Lib_Lcd_cmd_status
0x004D       [1]    _i
0x004E       [1]    FARG_Lcd_Out_row
0x004F       [1]    FARG_Lcd_Out_column
0x0050       [1]    FARG_Lcd_Out_text
0x0051       [1]    Lcd_Out_i_L0
0x0052       [1]    FARG_Lcd_Chr_CP_out_char
0x0053       [1]    FARG_Lcd_Cmd_out_char
0x0070       [1]    R0
0x0071       [1]    R1
0x0072       [1]    R2
0x0073       [1]    R3
0x0074       [1]    R4
0x0075       [1]    R5
0x0076       [1]    R6
0x0077       [1]    R7
0x0078       [1]    R8
0x0079       [1]    R9
0x007A       [1]    R10
0x007B       [1]    R11
0x007C       [1]    R12
0x007D       [1]    R13
0x007E       [1]    R14
0x007F       [1]    R15
0x0081       [1]    OPTION_REG
0x0081       [0]    T0CS_bit
0x0081       [0]    INTEDG_bit
0x0081       [0]    NOT_RBPU_bit
0x0081       [0]    PS2_bit
0x0081       [0]    PS0_bit
0x0081       [0]    PSA_bit
0x0081       [0]    T0SE_bit
0x0081       [0]    PS1_bit
0x0085       [0]    TRISA2_bit
0x0085       [0]    TRISA1_bit
0x0085       [0]    TRISA0_bit
0x0085       [0]    TRISA5_bit
0x0085       [1]    TRISA
0x0085       [0]    TRISA3_bit
0x0085       [0]    TRISA4_bit
0x0086       [0]    TRISB3_bit
0x0086       [0]    TRISB2_bit
0x0086       [0]    LCD_D7_Direction
0x0086       [0]    TRISB4_bit
0x0086       [0]    TRISB1_bit
0x0086       [0]    TRISB0_bit
0x0086       [1]    TRISB
0x0086       [0]    LCD_EN_Direction
0x0086       [0]    LCD_D6_Direction
0x0086       [0]    TRISB7_bit
0x0086       [0]    TRISB6_bit
0x0086       [0]    LCD_D5_Direction
0x0086       [0]    LCD_D4_Direction
0x0086       [0]    TRISB5_bit
0x0086       [0]    LCD_RS_Direction
0x0087       [0]    TRISC5_bit
0x0087       [0]    TRISC4_bit
0x0087       [0]    TRISC1_bit
0x0087       [0]    TRISC0_bit
0x0087       [0]    TRISC3_bit
0x0087       [0]    TRISC2_bit
0x0087       [0]    TRISC6_bit
0x0087       [0]    TRISC7_bit
0x0087       [1]    TRISC
0x0088       [0]    TRISD5_bit
0x0088       [0]    TRISD0_bit
0x0088       [0]    TRISD6_bit
0x0088       [0]    TRISD7_bit
0x0088       [1]    TRISD
0x0088       [0]    TRISD2_bit
0x0088       [0]    TRISD1_bit
0x0088       [0]    TRISD4_bit
0x0088       [0]    TRISD3_bit
0x0089       [1]    TRISE
0x0089       [0]    TRISE0_bit
0x0089       [0]    PSPMODE_TRISE_bit
0x0089       [0]    IBOV_TRISE_bit
0x0089       [0]    OBF_TRISE_bit
0x0089       [0]    IBOV_bit
0x0089       [0]    IBF_TRISE_bit
0x0089       [0]    PSPMODE_bit
0x0089       [0]    TRISE1_bit
0x0089       [0]    IBF_bit
0x0089       [0]    OBF_bit
0x0089       [0]    TRISE2_bit
0x008C       [1]    PIE1
0x008C       [0]    TMR2IE_bit
0x008C       [0]    PSPIE_bit
0x008C       [0]    CCP1IE_bit
0x008C       [0]    TMR1IE_bit
0x008C       [0]    ADIE_bit
0x008C       [0]    RCIE_bit
0x008C       [0]    SSPIE_bit
0x008C       [0]    TXIE_bit
0x008D       [0]    BCLIE_bit
0x008D       [0]    CCP2IE_bit
0x008D       [1]    PIE2
0x008D       [0]    CMIE_bit
0x008D       [0]    EEIE_bit
0x008E       [0]    NOT_BO_bit
0x008E       [0]    NOT_POR_bit
0x008E       [1]    PCON
0x008E       [0]    NOT_BOR_bit
0x0091       [0]    RCEN_bit
0x0091       [0]    PEN_bit
0x0091       [0]    SEN_bit
0x0091       [0]    RSEN_bit
0x0091       [0]    GCEN_bit
0x0091       [0]    ACKSTAT_bit
0x0091       [1]    SSPCON2
0x0091       [0]    ACKEN_bit
0x0091       [0]    ACKDT_bit
0x0092       [1]    PR2
0x0093       [1]    SSPADD
0x0094       [0]    I2C_READ_bit
0x0094       [0]    NOT_W_bit
0x0094       [0]    R_bit
0x0094       [0]    S_bit
0x0094       [0]    I2C_START__bit
0x0094       [0]    UA_bit
0x0094       [0]    BF_bit
0x0094       [0]    READ_WRITE_bit
0x0094       [0]    NOT_WRITE_bit
0x0094       [0]    R_W_bit
0x0094       [0]    I2C_STOP__bit
0x0094       [0]    I2C_DATA_bit
0x0094       [0]    NOT_A_bit
0x0094       [0]    D_bit
0x0094       [0]    SMP_bit
0x0094       [0]    CKE_bit
0x0094       [0]    P_bit
0x0094       [1]    SSPSTAT
0x0094       [0]    DATA_ADDRESS_bit
0x0094       [0]    NOT_ADDRESS_bit
0x0094       [0]    D_A_bit
0x0098       [0]    TX8_9_bit
0x0098       [0]    TXEN_bit
0x0098       [0]    SYNC_bit
0x0098       [0]    CSRC_bit
0x0098       [0]    TX9_bit
0x0098       [0]    NOT_TX8_bit
0x0098       [0]    TXD8_bit
0x0098       [1]    TXSTA
0x0098       [0]    TX9D_bit
0x0098       [0]    BRGH_bit
0x0098       [0]    TRMT_bit
0x0099       [1]    SPBRG
0x009C       [0]    C2INV_bit
0x009C       [0]    C1INV_bit
0x009C       [0]    C2OUT_bit
0x009C       [0]    C1OUT_bit
0x009C       [0]    CIS_bit
0x009C       [0]    CM0_bit
0x009C       [1]    CMCON
0x009C       [0]    CM2_bit
0x009C       [0]    CM1_bit
0x009D       [0]    CVR3_bit
0x009D       [0]    CVR2_bit
0x009D       [0]    CVRR_bit
0x009D       [0]    CVREN_bit
0x009D       [0]    CVROE_bit
0x009D       [1]    CVRCON
0x009D       [0]    CVR0_bit
0x009D       [0]    CVR1_bit
0x009E       [1]    ADRESL
0x009F       [1]    ADCON1
0x009F       [0]    PCFG2_bit
0x009F       [0]    PCFG1_bit
0x009F       [0]    PCFG0_bit
0x009F       [0]    PCFG3_bit
0x009F       [0]    ADFM_bit
0x009F       [0]    ADCS2_bit
0x010C       [1]    EEDATA
0x010D       [1]    EEADR
0x010E       [1]    EEDATH
0x010F       [1]    EEADRH
0x018C       [0]    WREN_bit
0x018C       [0]    WR_bit
0x018C       [0]    EEPGD_bit
0x018C       [0]    WRERR_bit
0x018C       [1]    EECON1
0x018C       [0]    RD_bit
0x018D       [1]    EECON2
//** Constants locations ** 
//ADDRESS    SIZE    CONSTANT
//----------------------------------------------
0x0181       [9]    ?ICS_txt2
0x018A      [17]    ?ICS_txt1
0x019B       [8]    ?ICS_txt4
0x01A3       [8]    ?ICS_txt3
//** Label List: ** 
//----------------------------------------------
  L_Move_Delay0
  L_main1
  L_main2
  L_main3
  L_main4
  L_main5
  L_main6
  L_main7
  L_main8
  L_main9
  L_main10
  L_main11
  L_main12
  L_main13
  _Move_Delay
  _main
  L_Delay_10us0
  L_Delay_22us1
  L_Delay_50us2
  L_Delay_80us3
  L_Delay_500us4
  L_Delay_5500us5
  L_Delay_1ms6
  L_Delay_5ms7
  L_Delay_8ms8
  L_Delay_100ms9
  L_Delay_1sec10
  L_boot16_Delay_5ms11
  L_Delay_Cyc12
  L_Delay_Cyc13
  L_VDelay_ms14
  L_VDelay_ms15
  L_VDelay_ms16
  L_VDelay_Advanced_ms17
  L_VDelay_Advanced_ms18
  L_VDelay_Advanced_ms19
  _Get_Fosc_kHz
  _Delay_1us
  _Delay_10us
  _Delay_22us
  _Delay_50us
  _Delay_80us
  _Delay_500us
  _Delay_5500us
  _Delay_1ms
  _Delay_5ms
  _Delay_8ms
  _Delay_100ms
  _Delay_1sec
  _boot16_Delay_5ms
  _Delay_Cyc
  _VDelay_ms
  L__VDelay_ms20
  L__VDelay_ms21
  L__VDelay_ms22
  _VDelay_Advanced_ms
  L__VDelay_Advanced_ms23
  L__VDelay_Advanced_ms24
  L__VDelay_Advanced_ms25
  L_Lcd_Cmd0
  L_Lcd_Cmd1
  L_Lcd_Out_CP2
  L_Lcd_Out_CP3
  L_Lcd_Chr4
  L_Lcd_Chr5
  L_Lcd_Chr6
  L_Lcd_Chr7
  L_Lcd_Chr8
  L_Lcd_Chr9
  L_Lcd_Chr10
  L_Lcd_Out11
  L_Lcd_Out12
  L_Lcd_Out13
  L_Lcd_Out14
  L_Lcd_Out15
  L_Lcd_Out16
  L_Lcd_Out17
  L_Lcd_Out18
  L_Lcd_Out19
  _Lcd_Cmd
  L__Lcd_Cmd20
  L__Lcd_Cmd21
  L__Lcd_Cmd22
  L__Lcd_Cmd23
  L__Lcd_Cmd24
  L__Lcd_Cmd25
  L__Lcd_Cmd26
  L__Lcd_Cmd27
  L__Lcd_Cmd28
  L__Lcd_Cmd29
  L__Lcd_Cmd30
  L__Lcd_Cmd31
  L__Lcd_Cmd32
  L__Lcd_Cmd33
  L__Lcd_Cmd34
  L__Lcd_Cmd35
  L__Lcd_Cmd36
  L__Lcd_Cmd37
  L__Lcd_Cmd38
  L__Lcd_Cmd39
  _Lcd_Chr_CP
  _Lcd_Out_CP
  _Lcd_Chr
  _Lcd_Init
  _Lcd_Out
  _CC2D_Loop1
  _____DoICP
  _____DoIFC
  ___CC2DW
  _Swap
