;  LST file generated by mikroListExporter - v.2.0 
; Date/Time: 10/24/2015 4:49:18 AM
;----------------------------------------------

;Address Opcode 	ASM
0x0000	0x28E4      	GOTO       228
_Mul_8x8_U:
;__Lib_Math.c,103 :: 		
;__Lib_Math.c,108 :: 		
0x0003	0x1283      	BCF        STATUS, 5
;__Lib_Math.c,109 :: 		
0x0004	0x1303      	BCF        STATUS, 6
;__Lib_Math.c,110 :: 		
0x0005	0x0870      	MOVF       R0, 0
;__Lib_Math.c,111 :: 		
0x0006	0x00F1      	MOVWF      R1
;__Lib_Math.c,112 :: 		
0x0007	0x01F0      	CLRF       R0
;__Lib_Math.c,113 :: 		
0x0008	0x3008      	MOVLW      8
;__Lib_Math.c,114 :: 		
0x0009	0x00FC      	MOVWF      R12
;__Lib_Math.c,115 :: 		
0x000A	0x0871      	MOVF       R1, 0
;__Lib_Math.c,116 :: 		
0x000B	0x0CF4      	RRF        R4, 1
;__Lib_Math.c,117 :: 		
0x000C	0x1803      	BTFSC      STATUS, 0
;__Lib_Math.c,118 :: 		
0x000D	0x2812      	GOTO       $+5
;__Lib_Math.c,119 :: 		
0x000E	0x0BFC      	DECFSZ     R12, 1
;__Lib_Math.c,120 :: 		
0x000F	0x280B      	GOTO       $-4
;__Lib_Math.c,121 :: 		
0x0010	0x01F1      	CLRF       R1
;__Lib_Math.c,122 :: 		
0x0011	0x3400      	RETLW      0
;__Lib_Math.c,123 :: 		
0x0012	0x1003      	BCF        STATUS, 0
;__Lib_Math.c,124 :: 		
0x0013	0x2817      	GOTO       $+4
;__Lib_Math.c,125 :: 		
0x0014	0x0CF4      	RRF        R4, 1
;__Lib_Math.c,126 :: 		
0x0015	0x1803      	BTFSC      STATUS, 0
;__Lib_Math.c,127 :: 		
0x0016	0x07F1      	ADDWF      R1, 1
;__Lib_Math.c,128 :: 		
0x0017	0x0CF1      	RRF        R1, 1
;__Lib_Math.c,129 :: 		
0x0018	0x0CF0      	RRF        R0, 1
;__Lib_Math.c,130 :: 		
0x0019	0x0BFC      	DECFSZ     R12, 1
;__Lib_Math.c,131 :: 		
0x001A	0x2814      	GOTO       $-6
;__Lib_Math.c,133 :: 		
;__Lib_Math.c,134 :: 		
0x001B	0x0008      	RETURN
; end of _Mul_8x8_U
_EEPROM_Read:
;__Lib_EEPROM.c,4 :: 		
;__Lib_EEPROM.c,5 :: 		
0x001C	0x1283      	BCF        STATUS, 5
0x001D	0x1303      	BCF        STATUS, 6
0x001E	0x0862      	MOVF       FARG_EEPROM_Read_Address, 0
0x001F	0x1703      	BSF        STATUS, 6
0x0020	0x008D      	MOVWF      EEADR
;__Lib_EEPROM.c,6 :: 		
0x0021	0x1683      	BSF        STATUS, 5
0x0022	0x138C      	BCF        EECON1, 7
;__Lib_EEPROM.c,12 :: 		
0x0023	0x140C      	BSF        EECON1, 0
;__Lib_EEPROM.c,13 :: 		
0x0024	0x1283      	BCF        STATUS, 5
0x0025	0x080C      	MOVF       EEDATA, 0
0x0026	0x00F0      	MOVWF      R0
;__Lib_EEPROM.c,14 :: 		
0x0027	0x0008      	RETURN
; end of _EEPROM_Read
_____DoICP:
;__Lib_System.c,6 :: 		
;__Lib_System.c,9 :: 		
0x0028	0x1283      	BCF        STATUS, 5
0x0029	0x1303      	BCF        STATUS, 6
0x002A	0x084E      	MOVF       ___DoICPAddr+1, 0
0x002B	0x008A      	MOVWF      PCLATH
;__Lib_System.c,10 :: 		
0x002C	0x084D      	MOVF       ___DoICPAddr, 0
0x002D	0x0082      	MOVWF      PCL
;__Lib_System.c,12 :: 		
0x002E	0x0008      	RETURN
; end of _____DoICP
___CC2DW:
;__Lib_System.c,24 :: 		
;__Lib_System.c,27 :: 		
_CC2D_Loop1:
;__Lib_System.c,29 :: 		
0x002F	0x2028      	CALL       _____DoICP
0x0030	0x118A      	BCF        PCLATH, 3
0x0031	0x120A      	BCF        PCLATH, 4
;__Lib_System.c,31 :: 		
0x0032	0x0080      	MOVWF      INDF
;__Lib_System.c,32 :: 		
0x0033	0x0A84      	INCF       FSR, 1
;__Lib_System.c,33 :: 		
0x0034	0x0ACD      	INCF       ___DoICPAddr, 1
;__Lib_System.c,35 :: 		
0x0035	0x1903      	BTFSC      STATUS, 2
;__Lib_System.c,36 :: 		
0x0036	0x0ACE      	INCF       ___DoICPAddr+1, 1
;__Lib_System.c,37 :: 		
0x0037	0x03F0      	DECF       R0, 1
;__Lib_System.c,39 :: 		
0x0038	0x1D03      	BTFSS      STATUS, 2
;__Lib_System.c,40 :: 		
0x0039	0x282F      	GOTO       _CC2D_Loop1
;__Lib_System.c,42 :: 		
0x003A	0x0008      	RETURN
; end of ___CC2DW
_Div_8x8_U:
;__Lib_Math.c,189 :: 		
;__Lib_Math.c,196 :: 		
0x003B	0x1283      	BCF        STATUS, 5
;__Lib_Math.c,197 :: 		
0x003C	0x1303      	BCF        STATUS, 6
;__Lib_Math.c,198 :: 		
0x003D	0x01F8      	CLRF       R8
;__Lib_Math.c,199 :: 		
0x003E	0x3008      	MOVLW      8
;__Lib_Math.c,200 :: 		
0x003F	0x00FC      	MOVWF      R12
;__Lib_Math.c,201 :: 		
0x0040	0x0D70      	RLF        R0, 0
;__Lib_Math.c,202 :: 		
0x0041	0x0DF8      	RLF        R8, 1
;__Lib_Math.c,203 :: 		
0x0042	0x0874      	MOVF       R4, 0
;__Lib_Math.c,204 :: 		
0x0043	0x02F8      	SUBWF      R8, 1
;__Lib_Math.c,205 :: 		
0x0044	0x1803      	BTFSC      STATUS, 0
;__Lib_Math.c,206 :: 		
0x0045	0x2848      	GOTO       $+3
;__Lib_Math.c,207 :: 		
0x0046	0x07F8      	ADDWF      R8, 1
;__Lib_Math.c,208 :: 		
0x0047	0x1003      	BCF        STATUS, 0
;__Lib_Math.c,209 :: 		
0x0048	0x0DF0      	RLF        R0, 1
;__Lib_Math.c,210 :: 		
0x0049	0x0BFC      	DECFSZ     R12, 1
;__Lib_Math.c,211 :: 		
0x004A	0x2840      	GOTO       $-10
;__Lib_Math.c,213 :: 		
0x004B	0x0008      	RETURN
; end of _Div_8x8_U
_Send_Data:
;ledcmatrix.c,27 :: 		void Send_Data(unsigned short rw){
;ledcmatrix.c,29 :: 		for (num = 0; num < 5; num++) {
0x004C	0x1283      	BCF        STATUS, 5
0x004D	0x1303      	BCF        STATUS, 6
0x004E	0x01DF      	CLRF       Send_Data_num_L0
L_Send_Data0:
0x004F	0x3005      	MOVLW      5
0x0050	0x025F      	SUBWF      Send_Data_num_L0, 0
0x0051	0x1803      	BTFSC      STATUS, 0
0x0052	0x28C2      	GOTO       L_Send_Data1
;ledcmatrix.c,30 :: 		Mask = 0x01;
0x0053	0x3001      	MOVLW      1
0x0054	0x00DD      	MOVWF      Send_Data_Mask_L0
;ledcmatrix.c,32 :: 		for (t=0; t<8; t++){              //each bit
0x0055	0x01DE      	CLRF       Send_Data_t_L0
L_Send_Data3:
0x0056	0x3008      	MOVLW      8
0x0057	0x025E      	SUBWF      Send_Data_t_L0, 0
0x0058	0x1803      	BTFSC      STATUS, 0
0x0059	0x28C0      	GOTO       L_Send_Data4
;ledcmatrix.c,33 :: 		if(num==3&&t==6)
0x005A	0x085F      	MOVF       Send_Data_num_L0, 0
0x005B	0x3A03      	XORLW      3
0x005C	0x1D03      	BTFSS      STATUS, 2
0x005D	0x28A6      	GOTO       L_Send_Data8
0x005E	0x085E      	MOVF       Send_Data_t_L0, 0
0x005F	0x3A06      	XORLW      6
0x0060	0x1D03      	BTFSS      STATUS, 2
0x0061	0x28A6      	GOTO       L_Send_Data8
L__Send_Data42:
;ledcmatrix.c,35 :: 		EBuffer=Buffer[rw][3]<<2      ;
0x0062	0x085C      	MOVF       FARG_Send_Data_rw, 0
0x0063	0x00F0      	MOVWF      R0
0x0064	0x3005      	MOVLW      5
0x0065	0x00F4      	MOVWF      R4
0x0066	0x2003      	CALL       _Mul_8x8_U
0x0067	0x0870      	MOVF       R0, 0
0x0068	0x3E20      	ADDLW      _Buffer
0x0069	0x00F2      	MOVWF      R2
0x006A	0x3003      	MOVLW      3
0x006B	0x0772      	ADDWF      R2, 0
0x006C	0x0084      	MOVWF      FSR
0x006D	0x0800      	MOVF       INDF, 0
0x006E	0x00F1      	MOVWF      R1
0x006F	0x0871      	MOVF       R1, 0
0x0070	0x00E0      	MOVWF      Send_Data_EBuffer_L0
0x0071	0x0DE0      	RLF        Send_Data_EBuffer_L0, 1
0x0072	0x1060      	BCF        Send_Data_EBuffer_L0, 0
0x0073	0x0DE0      	RLF        Send_Data_EBuffer_L0, 1
0x0074	0x1060      	BCF        Send_Data_EBuffer_L0, 0
;ledcmatrix.c,36 :: 		EBuffer.rd0 = Buffer[rw][2].rd6      ;
0x0075	0x3002      	MOVLW      2
0x0076	0x0772      	ADDWF      R2, 0
0x0077	0x00F1      	MOVWF      R1
0x0078	0x0871      	MOVF       R1, 0
0x0079	0x0084      	MOVWF      FSR
0x007A	0x0800      	MOVF       INDF, 0
0x007B	0x00F0      	MOVWF      R0
0x007C	0x1B70      	BTFSC      R0, 6
0x007D	0x2880      	GOTO       L__Send_Data43
0x007E	0x1060      	BCF        Send_Data_EBuffer_L0, 0
0x007F	0x2881      	GOTO       L__Send_Data44
L__Send_Data43:
0x0080	0x1460      	BSF        Send_Data_EBuffer_L0, 0
L__Send_Data44:
;ledcmatrix.c,37 :: 		EBuffer.rd1 = Buffer[rw][2].rd7      ;
0x0081	0x0871      	MOVF       R1, 0
0x0082	0x0084      	MOVWF      FSR
0x0083	0x0800      	MOVF       INDF, 0
0x0084	0x00F0      	MOVWF      R0
0x0085	0x1BF0      	BTFSC      R0, 7
0x0086	0x2889      	GOTO       L__Send_Data45
0x0087	0x10E0      	BCF        Send_Data_EBuffer_L0, 1
0x0088	0x288A      	GOTO       L__Send_Data46
L__Send_Data45:
0x0089	0x14E0      	BSF        Send_Data_EBuffer_L0, 1
L__Send_Data46:
;ledcmatrix.c,38 :: 		EEBuffer.rd0 =  Buffer[rw][4].rd6    ;
0x008A	0x3004      	MOVLW      4
0x008B	0x0772      	ADDWF      R2, 0
0x008C	0x00F1      	MOVWF      R1
0x008D	0x0871      	MOVF       R1, 0
0x008E	0x0084      	MOVWF      FSR
0x008F	0x0800      	MOVF       INDF, 0
0x0090	0x00F0      	MOVWF      R0
0x0091	0x1B70      	BTFSC      R0, 6
0x0092	0x2895      	GOTO       L__Send_Data47
0x0093	0x1061      	BCF        Send_Data_EEBuffer_L0, 0
0x0094	0x2896      	GOTO       L__Send_Data48
L__Send_Data47:
0x0095	0x1461      	BSF        Send_Data_EEBuffer_L0, 0
L__Send_Data48:
;ledcmatrix.c,39 :: 		EEBuffer.rd1 =  Buffer[rw][4].rd7    ;
0x0096	0x0871      	MOVF       R1, 0
0x0097	0x0084      	MOVWF      FSR
0x0098	0x0800      	MOVF       INDF, 0
0x0099	0x00F0      	MOVWF      R0
0x009A	0x1BF0      	BTFSC      R0, 7
0x009B	0x289E      	GOTO       L__Send_Data49
0x009C	0x10E1      	BCF        Send_Data_EEBuffer_L0, 1
0x009D	0x289F      	GOTO       L__Send_Data50
L__Send_Data49:
0x009E	0x14E1      	BSF        Send_Data_EEBuffer_L0, 1
L__Send_Data50:
;ledcmatrix.c,40 :: 		PORTC.b0 = 1    ;    //to alert the sec IC
0x009F	0x1407      	BSF        PORTC, 0
;ledcmatrix.c,42 :: 		PORTC.b0 = 0;
0x00A0	0x1007      	BCF        PORTC, 0
;ledcmatrix.c,44 :: 		PORTD  =EBuffer;
0x00A1	0x0860      	MOVF       Send_Data_EBuffer_L0, 0
0x00A2	0x0088      	MOVWF      PORTD
;ledcmatrix.c,45 :: 		PORTA  =EEBuffer;
0x00A3	0x0861      	MOVF       Send_Data_EEBuffer_L0, 0
0x00A4	0x0085      	MOVWF      PORTA
;ledcmatrix.c,47 :: 		return;
0x00A5	0x0008      	RETURN
;ledcmatrix.c,48 :: 		}  //if
L_Send_Data8:
;ledcmatrix.c,49 :: 		Fflag = Buffer[rw][num] & Mask;
0x00A6	0x085C      	MOVF       FARG_Send_Data_rw, 0
0x00A7	0x00F0      	MOVWF      R0
0x00A8	0x3005      	MOVLW      5
0x00A9	0x00F4      	MOVWF      R4
0x00AA	0x2003      	CALL       _Mul_8x8_U
0x00AB	0x3020      	MOVLW      _Buffer
0x00AC	0x07F0      	ADDWF      R0, 1
0x00AD	0x085F      	MOVF       Send_Data_num_L0, 0
0x00AE	0x0770      	ADDWF      R0, 0
0x00AF	0x0084      	MOVWF      FSR
0x00B0	0x085D      	MOVF       Send_Data_Mask_L0, 0
0x00B1	0x0500      	ANDWF      INDF, 0
0x00B2	0x00F1      	MOVWF      R1
;ledcmatrix.c,50 :: 		if(Fflag==0) PORTC.b1 = 0;
0x00B3	0x0871      	MOVF       R1, 0
0x00B4	0x3A00      	XORLW      0
0x00B5	0x1D03      	BTFSS      STATUS, 2
0x00B6	0x28B9      	GOTO       L_Send_Data9
0x00B7	0x1087      	BCF        PORTC, 1
0x00B8	0x28BA      	GOTO       L_Send_Data10
L_Send_Data9:
;ledcmatrix.c,51 :: 		else PORTC.b1 = 1;
0x00B9	0x1487      	BSF        PORTC, 1
L_Send_Data10:
;ledcmatrix.c,52 :: 		PORTC.b0 = 1    ;    //to
0x00BA	0x1407      	BSF        PORTC, 0
;ledcmatrix.c,54 :: 		PORTC.b0 = 0;
0x00BB	0x1007      	BCF        PORTC, 0
;ledcmatrix.c,56 :: 		Mask = Mask << 1;
0x00BC	0x0DDD      	RLF        Send_Data_Mask_L0, 1
0x00BD	0x105D      	BCF        Send_Data_Mask_L0, 0
;ledcmatrix.c,32 :: 		for (t=0; t<8; t++){              //each bit
0x00BE	0x0ADE      	INCF       Send_Data_t_L0, 1
;ledcmatrix.c,58 :: 		}
0x00BF	0x2856      	GOTO       L_Send_Data3
L_Send_Data4:
;ledcmatrix.c,29 :: 		for (num = 0; num < 5; num++) {
0x00C0	0x0ADF      	INCF       Send_Data_num_L0, 1
;ledcmatrix.c,59 :: 		}
0x00C1	0x284F      	GOTO       L_Send_Data0
L_Send_Data1:
;ledcmatrix.c,72 :: 		}
0x00C2	0x0008      	RETURN
; end of _Send_Data
_Load_Data:
;ledcmatrix.c,194 :: 		void Load_Data(){
;ledcmatrix.c,195 :: 		for (k=0; k<StringLength+4; k++){
0x00C3	0x1283      	BCF        STATUS, 5
0x00C4	0x1303      	BCF        STATUS, 6
0x00C5	0x01CC      	CLRF       _k
L_Load_Data15:
0x00C6	0x3004      	MOVLW      4
0x00C7	0x074A      	ADDWF      _StringLength, 0
0x00C8	0x00F1      	MOVWF      R1
0x00C9	0x084B      	MOVF       _StringLength+1, 0
0x00CA	0x1803      	BTFSC      STATUS, 0
0x00CB	0x3E01      	ADDLW      1
0x00CC	0x00F2      	MOVWF      R1+1
0x00CD	0x0872      	MOVF       R1+1, 0
0x00CE	0x3C00      	SUBLW      0
0x00CF	0x1D03      	BTFSS      STATUS, 2
0x00D0	0x28D3      	GOTO       L__Load_Data52
0x00D1	0x0871      	MOVF       R1, 0
0x00D2	0x024C      	SUBWF      _k, 0
L__Load_Data52:
0x00D3	0x1803      	BTFSC      STATUS, 0
0x00D4	0x28E3      	GOTO       L_Load_Data16
;ledcmatrix.c,196 :: 		message[k] = EEPROM_Read(k+2);
0x00D5	0x084C      	MOVF       _k, 0
0x00D6	0x3EA0      	ADDLW      _message
0x00D7	0x00DC      	MOVWF      FLOC__Load_Data
0x00D8	0x3002      	MOVLW      2
0x00D9	0x074C      	ADDWF      _k, 0
0x00DA	0x00E2      	MOVWF      FARG_EEPROM_Read_Address
0x00DB	0x201C      	CALL       _EEPROM_Read
0x00DC	0x1303      	BCF        STATUS, 6
0x00DD	0x085C      	MOVF       FLOC__Load_Data, 0
0x00DE	0x0084      	MOVWF      FSR
0x00DF	0x0870      	MOVF       R0, 0
0x00E0	0x0080      	MOVWF      INDF
;ledcmatrix.c,195 :: 		for (k=0; k<StringLength+4; k++){
0x00E1	0x0ACC      	INCF       _k, 1
;ledcmatrix.c,197 :: 		}
0x00E2	0x28C6      	GOTO       L_Load_Data15
L_Load_Data16:
;ledcmatrix.c,198 :: 		}
0x00E3	0x0008      	RETURN
; end of _Load_Data
_main:
0x00E4	0x2680      	CALL       1664
;ledcmatrix.c,200 :: 		void main() {
;ledcmatrix.c,202 :: 		OPTION_REG  =0x05;
0x00E5	0x3005      	MOVLW      5
0x00E6	0x1683      	BSF        STATUS, 5
0x00E7	0x1303      	BCF        STATUS, 6
0x00E8	0x0081      	MOVWF      OPTION_REG
;ledcmatrix.c,203 :: 		TRISD = 0x00;
0x00E9	0x0188      	CLRF       TRISD
;ledcmatrix.c,204 :: 		TRISC = 0x00;
0x00EA	0x0187      	CLRF       TRISC
;ledcmatrix.c,205 :: 		TRISE = 0x00;
0x00EB	0x0189      	CLRF       TRISE
;ledcmatrix.c,206 :: 		TRISB = 0x00;
0x00EC	0x0186      	CLRF       TRISB
;ledcmatrix.c,208 :: 		ADCON0=0x00;
0x00ED	0x1283      	BCF        STATUS, 5
0x00EE	0x019F      	CLRF       ADCON0
;ledcmatrix.c,209 :: 		PORTB=0x00;
0x00EF	0x0186      	CLRF       PORTB
;ledcmatrix.c,210 :: 		PORTD=0x00;
0x00F0	0x0188      	CLRF       PORTD
;ledcmatrix.c,211 :: 		PORTC=0x00;
0x00F1	0x0187      	CLRF       PORTC
;ledcmatrix.c,214 :: 		PORTE=0xFF;
0x00F2	0x30FF      	MOVLW      255
0x00F3	0x0089      	MOVWF      PORTE
;ledcmatrix.c,216 :: 		PIE1 =  0b00000100;
0x00F4	0x3004      	MOVLW      4
0x00F5	0x1683      	BSF        STATUS, 5
0x00F6	0x008C      	MOVWF      PIE1
;ledcmatrix.c,217 :: 		CCP1CON =0x04;
0x00F7	0x3004      	MOVLW      4
0x00F8	0x1283      	BCF        STATUS, 5
0x00F9	0x0097      	MOVWF      CCP1CON
;ledcmatrix.c,218 :: 		INTCON = 0b11000000;
0x00FA	0x30C0      	MOVLW      192
0x00FB	0x008B      	MOVWF      INTCON
;ledcmatrix.c,219 :: 		PIR1.CCP1IF=0;
0x00FC	0x110C      	BCF        PIR1, 2
;ledcmatrix.c,221 :: 		UserIP = EEPROM_Read(0x00);
0x00FD	0x01E2      	CLRF       FARG_EEPROM_Read_Address
0x00FE	0x201C      	CALL       _EEPROM_Read
0x00FF	0x0870      	MOVF       R0, 0
0x0100	0x1303      	BCF        STATUS, 6
0x0101	0x00C8      	MOVWF      _UserIP
;ledcmatrix.c,223 :: 		if(UserIP == 1) {
0x0102	0x0870      	MOVF       R0, 0
0x0103	0x3A01      	XORLW      1
0x0104	0x1D03      	BTFSS      STATUS, 2
0x0105	0x290F      	GOTO       L_main18
;ledcmatrix.c,224 :: 		StringLength = EEPROM_Read(0x01);
0x0106	0x3001      	MOVLW      1
0x0107	0x00E2      	MOVWF      FARG_EEPROM_Read_Address
0x0108	0x201C      	CALL       _EEPROM_Read
0x0109	0x0870      	MOVF       R0, 0
0x010A	0x1303      	BCF        STATUS, 6
0x010B	0x00CA      	MOVWF      _StringLength
0x010C	0x01CB      	CLRF       _StringLength+1
;ledcmatrix.c,225 :: 		Load_Data();  // Read stored data and save into RAM
0x010D	0x20C3      	CALL       _Load_Data
;ledcmatrix.c,226 :: 		}
0x010E	0x2912      	GOTO       L_main19
L_main18:
;ledcmatrix.c,227 :: 		else  StringLength = 156;
0x010F	0x309C      	MOVLW      156
0x0110	0x00CA      	MOVWF      _StringLength
0x0111	0x01CB      	CLRF       _StringLength+1
L_main19:
;ledcmatrix.c,228 :: 		PORTC.b0 = 1    ;    //to
0x0112	0x1407      	BSF        PORTC, 0
;ledcmatrix.c,229 :: 		PORTC.b0 = 0;
0x0113	0x1007      	BCF        PORTC, 0
;ledcmatrix.c,230 :: 		Delay_us(1000);
0x0114	0x3007      	MOVLW      7
0x0115	0x00FC      	MOVWF      R12
0x0116	0x307D      	MOVLW      125
0x0117	0x00FD      	MOVWF      R13
L_main20:
0x0118	0x0BFD      	DECFSZ     R13, 1
0x0119	0x2918      	GOTO       L_main20
0x011A	0x0BFC      	DECFSZ     R12, 1
0x011B	0x2918      	GOTO       L_main20
;ledcmatrix.c,231 :: 		PORTC.b0 = 1    ;    //to
0x011C	0x1407      	BSF        PORTC, 0
;ledcmatrix.c,232 :: 		PORTC.b0 = 0;
0x011D	0x1007      	BCF        PORTC, 0
;ledcmatrix.c,233 :: 		do {
L_main21:
;ledcmatrix.c,234 :: 		for (k=0; k<StringLength+4; k++){
0x011E	0x01CC      	CLRF       _k
L_main24:
0x011F	0x3004      	MOVLW      4
0x0120	0x074A      	ADDWF      _StringLength, 0
0x0121	0x00F1      	MOVWF      R1
0x0122	0x084B      	MOVF       _StringLength+1, 0
0x0123	0x1803      	BTFSC      STATUS, 0
0x0124	0x3E01      	ADDLW      1
0x0125	0x00F2      	MOVWF      R1+1
0x0126	0x0872      	MOVF       R1+1, 0
0x0127	0x3C00      	SUBLW      0
0x0128	0x1D03      	BTFSS      STATUS, 2
0x0129	0x292C      	GOTO       L__main53
0x012A	0x0871      	MOVF       R1, 0
0x012B	0x024C      	SUBWF      _k, 0
L__main53:
0x012C	0x1803      	BTFSC      STATUS, 0
0x012D	0x2ABA      	GOTO       L_main25
;ledcmatrix.c,235 :: 		for (scroll=0; scroll<(8/shift_step); scroll++) {
0x012E	0x01D2      	CLRF       _scroll
L_main27:
0x012F	0x0849      	MOVF       _shift_step, 0
0x0130	0x00F4      	MOVWF      R4
0x0131	0x3008      	MOVLW      8
0x0132	0x00F0      	MOVWF      R0
0x0133	0x203B      	CALL       _Div_8x8_U
0x0134	0x0870      	MOVF       R0, 0
0x0135	0x0252      	SUBWF      _scroll, 0
0x0136	0x1803      	BTFSC      STATUS, 0
0x0137	0x2AB8      	GOTO       L_main28
;ledcmatrix.c,236 :: 		for (row=0; row<8; row++){
0x0138	0x01D5      	CLRF       _row
L_main30:
0x0139	0x3008      	MOVLW      8
0x013A	0x0255      	SUBWF      _row, 0
0x013B	0x1803      	BTFSC      STATUS, 0
0x013C	0x2A8F      	GOTO       L_main31
;ledcmatrix.c,237 :: 		if(UserIP == 1) index = message[k];
0x013D	0x0848      	MOVF       _UserIP, 0
0x013E	0x3A01      	XORLW      1
0x013F	0x1D03      	BTFSS      STATUS, 2
0x0140	0x2947      	GOTO       L_main33
0x0141	0x084C      	MOVF       _k, 0
0x0142	0x3EA0      	ADDLW      _message
0x0143	0x0084      	MOVWF      FSR
0x0144	0x0800      	MOVF       INDF, 0
0x0145	0x00D3      	MOVWF      _index
0x0146	0x2956      	GOTO       L_main34
L_main33:
;ledcmatrix.c,238 :: 		else index = default_message[k];
0x0147	0x084C      	MOVF       _k, 0
0x0148	0x3EB9      	ADDLW      _default_message
0x0149	0x00F0      	MOVWF      R0
0x014A	0x3005      	MOVLW      hi_addr(_default_message)
0x014B	0x1803      	BTFSC      STATUS, 0
0x014C	0x3E01      	ADDLW      1
0x014D	0x00F1      	MOVWF      R0+1
0x014E	0x0870      	MOVF       R0, 0
0x014F	0x00CD      	MOVWF      ___DoICPAddr
0x0150	0x0871      	MOVF       R0+1, 0
0x0151	0x00CE      	MOVWF      ___DoICPAddr+1
0x0152	0x2028      	CALL       _____DoICP
0x0153	0x118A      	BCF        PCLATH, 3
0x0154	0x120A      	BCF        PCLATH, 4
0x0155	0x00D3      	MOVWF      _index
L_main34:
;ledcmatrix.c,239 :: 		temp = CharData[index-32][row];
0x0156	0x3020      	MOVLW      32
0x0157	0x0253      	SUBWF      _index, 0
0x0158	0x00F3      	MOVWF      R3
0x0159	0x01F4      	CLRF       R3+1
0x015A	0x1C03      	BTFSS      STATUS, 0
0x015B	0x03F4      	DECF       R3+1, 1
0x015C	0x3003      	MOVLW      3
0x015D	0x00F2      	MOVWF      R2
0x015E	0x0873      	MOVF       R3, 0
0x015F	0x00F0      	MOVWF      R0
0x0160	0x0874      	MOVF       R3+1, 0
0x0161	0x00F1      	MOVWF      R0+1
0x0162	0x0872      	MOVF       R2, 0
L__main54:
0x0163	0x1903      	BTFSC      STATUS, 2
0x0164	0x296A      	GOTO       L__main55
0x0165	0x0DF0      	RLF        R0, 1
0x0166	0x0DF1      	RLF        R0+1, 1
0x0167	0x1070      	BCF        R0, 0
0x0168	0x3EFF      	ADDLW      255
0x0169	0x2963      	GOTO       L__main54
L__main55:
0x016A	0x30C1      	MOVLW      _CharData
0x016B	0x07F0      	ADDWF      R0, 1
0x016C	0x3002      	MOVLW      hi_addr(_CharData)
0x016D	0x1803      	BTFSC      STATUS, 0
0x016E	0x3E01      	ADDLW      1
0x016F	0x07F1      	ADDWF      R0+1, 1
0x0170	0x0855      	MOVF       _row, 0
0x0171	0x07F0      	ADDWF      R0, 1
0x0172	0x1803      	BTFSC      STATUS, 0
0x0173	0x0AF1      	INCF       R0+1, 1
0x0174	0x0870      	MOVF       R0, 0
0x0175	0x00CD      	MOVWF      ___DoICPAddr
0x0176	0x0871      	MOVF       R0+1, 0
0x0177	0x00CE      	MOVWF      ___DoICPAddr+1
0x0178	0x2028      	CALL       _____DoICP
0x0179	0x118A      	BCF        PCLATH, 3
0x017A	0x120A      	BCF        PCLATH, 4
0x017B	0x00D4      	MOVWF      _temp
;ledcmatrix.c,240 :: 		Buffer[row][4] = (Buffer[row][4] << Shift_Step) | (Buffer[row][3] >> (8-Shift_Step));
0x017C	0x0855      	MOVF       _row, 0
0x017D	0x00F0      	MOVWF      R0
0x017E	0x3005      	MOVLW      5
0x017F	0x00F4      	MOVWF      R4
0x0180	0x2003      	CALL       _Mul_8x8_U
0x0181	0x0870      	MOVF       R0, 0
0x0182	0x3E20      	ADDLW      _Buffer
0x0183	0x00F2      	MOVWF      R2
0x0184	0x3004      	MOVLW      4
0x0185	0x0772      	ADDWF      R2, 0
0x0186	0x00F4      	MOVWF      R4
0x0187	0x0874      	MOVF       R4, 0
0x0188	0x0084      	MOVWF      FSR
0x0189	0x0800      	MOVF       INDF, 0
0x018A	0x00F1      	MOVWF      R1
0x018B	0x0849      	MOVF       _shift_step, 0
0x018C	0x00F0      	MOVWF      R0
0x018D	0x0871      	MOVF       R1, 0
0x018E	0x00F3      	MOVWF      R3
0x018F	0x0870      	MOVF       R0, 0
L__main56:
0x0190	0x1903      	BTFSC      STATUS, 2
0x0191	0x2996      	GOTO       L__main57
0x0192	0x0DF3      	RLF        R3, 1
0x0193	0x1073      	BCF        R3, 0
0x0194	0x3EFF      	ADDLW      255
0x0195	0x2990      	GOTO       L__main56
L__main57:
0x0196	0x3003      	MOVLW      3
0x0197	0x0772      	ADDWF      R2, 0
0x0198	0x0084      	MOVWF      FSR
0x0199	0x0800      	MOVF       INDF, 0
0x019A	0x00F2      	MOVWF      R2
0x019B	0x0849      	MOVF       _shift_step, 0
0x019C	0x3C08      	SUBLW      8
0x019D	0x00F0      	MOVWF      R0
0x019E	0x01F1      	CLRF       R0+1
0x019F	0x1C03      	BTFSS      STATUS, 0
0x01A0	0x03F1      	DECF       R0+1, 1
0x01A1	0x0870      	MOVF       R0, 0
0x01A2	0x00F1      	MOVWF      R1
0x01A3	0x0872      	MOVF       R2, 0
0x01A4	0x00F0      	MOVWF      R0
0x01A5	0x0871      	MOVF       R1, 0
L__main58:
0x01A6	0x1903      	BTFSC      STATUS, 2
0x01A7	0x29AC      	GOTO       L__main59
0x01A8	0x0CF0      	RRF        R0, 1
0x01A9	0x13F0      	BCF        R0, 7
0x01AA	0x3EFF      	ADDLW      255
0x01AB	0x29A6      	GOTO       L__main58
L__main59:
0x01AC	0x0873      	MOVF       R3, 0
0x01AD	0x04F0      	IORWF      R0, 1
0x01AE	0x0874      	MOVF       R4, 0
0x01AF	0x0084      	MOVWF      FSR
0x01B0	0x0870      	MOVF       R0, 0
0x01B1	0x0080      	MOVWF      INDF
;ledcmatrix.c,241 :: 		Buffer[row][3] = (Buffer[row][3] << Shift_Step) | (Buffer[row][2] >> (8-Shift_Step));
0x01B2	0x0855      	MOVF       _row, 0
0x01B3	0x00F0      	MOVWF      R0
0x01B4	0x3005      	MOVLW      5
0x01B5	0x00F4      	MOVWF      R4
0x01B6	0x2003      	CALL       _Mul_8x8_U
0x01B7	0x0870      	MOVF       R0, 0
0x01B8	0x3E20      	ADDLW      _Buffer
0x01B9	0x00F2      	MOVWF      R2
0x01BA	0x3003      	MOVLW      3
0x01BB	0x0772      	ADDWF      R2, 0
0x01BC	0x00F4      	MOVWF      R4
0x01BD	0x0874      	MOVF       R4, 0
0x01BE	0x0084      	MOVWF      FSR
0x01BF	0x0800      	MOVF       INDF, 0
0x01C0	0x00F1      	MOVWF      R1
0x01C1	0x0849      	MOVF       _shift_step, 0
0x01C2	0x00F0      	MOVWF      R0
0x01C3	0x0871      	MOVF       R1, 0
0x01C4	0x00F3      	MOVWF      R3
0x01C5	0x0870      	MOVF       R0, 0
L__main60:
0x01C6	0x1903      	BTFSC      STATUS, 2
0x01C7	0x29CC      	GOTO       L__main61
0x01C8	0x0DF3      	RLF        R3, 1
0x01C9	0x1073      	BCF        R3, 0
0x01CA	0x3EFF      	ADDLW      255
0x01CB	0x29C6      	GOTO       L__main60
L__main61:
0x01CC	0x3002      	MOVLW      2
0x01CD	0x0772      	ADDWF      R2, 0
0x01CE	0x0084      	MOVWF      FSR
0x01CF	0x0800      	MOVF       INDF, 0
0x01D0	0x00F2      	MOVWF      R2
0x01D1	0x0849      	MOVF       _shift_step, 0
0x01D2	0x3C08      	SUBLW      8
0x01D3	0x00F0      	MOVWF      R0
0x01D4	0x01F1      	CLRF       R0+1
0x01D5	0x1C03      	BTFSS      STATUS, 0
0x01D6	0x03F1      	DECF       R0+1, 1
0x01D7	0x0870      	MOVF       R0, 0
0x01D8	0x00F1      	MOVWF      R1
0x01D9	0x0872      	MOVF       R2, 0
0x01DA	0x00F0      	MOVWF      R0
0x01DB	0x0871      	MOVF       R1, 0
L__main62:
0x01DC	0x1903      	BTFSC      STATUS, 2
0x01DD	0x29E2      	GOTO       L__main63
0x01DE	0x0CF0      	RRF        R0, 1
0x01DF	0x13F0      	BCF        R0, 7
0x01E0	0x3EFF      	ADDLW      255
0x01E1	0x29DC      	GOTO       L__main62
L__main63:
0x01E2	0x0873      	MOVF       R3, 0
0x01E3	0x04F0      	IORWF      R0, 1
0x01E4	0x0874      	MOVF       R4, 0
0x01E5	0x0084      	MOVWF      FSR
0x01E6	0x0870      	MOVF       R0, 0
0x01E7	0x0080      	MOVWF      INDF
;ledcmatrix.c,242 :: 		Buffer[row][2] = (Buffer[row][2] << Shift_Step) | (Buffer[row][1] >> (8-Shift_Step));
0x01E8	0x0855      	MOVF       _row, 0
0x01E9	0x00F0      	MOVWF      R0
0x01EA	0x3005      	MOVLW      5
0x01EB	0x00F4      	MOVWF      R4
0x01EC	0x2003      	CALL       _Mul_8x8_U
0x01ED	0x0870      	MOVF       R0, 0
0x01EE	0x3E20      	ADDLW      _Buffer
0x01EF	0x00F2      	MOVWF      R2
0x01F0	0x3002      	MOVLW      2
0x01F1	0x0772      	ADDWF      R2, 0
0x01F2	0x00F4      	MOVWF      R4
0x01F3	0x0874      	MOVF       R4, 0
0x01F4	0x0084      	MOVWF      FSR
0x01F5	0x0800      	MOVF       INDF, 0
0x01F6	0x00F1      	MOVWF      R1
0x01F7	0x0849      	MOVF       _shift_step, 0
0x01F8	0x00F0      	MOVWF      R0
0x01F9	0x0871      	MOVF       R1, 0
0x01FA	0x00F3      	MOVWF      R3
0x01FB	0x0870      	MOVF       R0, 0
L__main64:
0x01FC	0x1903      	BTFSC      STATUS, 2
0x01FD	0x2A02      	GOTO       L__main65
0x01FE	0x0DF3      	RLF        R3, 1
0x01FF	0x1073      	BCF        R3, 0
0x0200	0x3EFF      	ADDLW      255
0x0201	0x29FC      	GOTO       L__main64
L__main65:
0x0202	0x0A72      	INCF       R2, 0
0x0203	0x0084      	MOVWF      FSR
0x0204	0x0800      	MOVF       INDF, 0
0x0205	0x00F2      	MOVWF      R2
0x0206	0x0849      	MOVF       _shift_step, 0
0x0207	0x3C08      	SUBLW      8
0x0208	0x00F0      	MOVWF      R0
0x0209	0x01F1      	CLRF       R0+1
0x020A	0x1C03      	BTFSS      STATUS, 0
0x020B	0x03F1      	DECF       R0+1, 1
0x020C	0x0870      	MOVF       R0, 0
0x020D	0x00F1      	MOVWF      R1
0x020E	0x0872      	MOVF       R2, 0
0x020F	0x00F0      	MOVWF      R0
0x0210	0x0871      	MOVF       R1, 0
L__main66:
0x0211	0x1903      	BTFSC      STATUS, 2
0x0212	0x2A17      	GOTO       L__main67
0x0213	0x0CF0      	RRF        R0, 1
0x0214	0x13F0      	BCF        R0, 7
0x0215	0x3EFF      	ADDLW      255
0x0216	0x2A11      	GOTO       L__main66
L__main67:
0x0217	0x0873      	MOVF       R3, 0
0x0218	0x04F0      	IORWF      R0, 1
0x0219	0x0874      	MOVF       R4, 0
0x021A	0x0084      	MOVWF      FSR
0x021B	0x0870      	MOVF       R0, 0
0x021C	0x0080      	MOVWF      INDF
;ledcmatrix.c,243 :: 		Buffer[row][1] = (Buffer[row][1] << Shift_Step) | (Buffer[row][0] >> (8-Shift_Step));
0x021D	0x0855      	MOVF       _row, 0
0x021E	0x00F0      	MOVWF      R0
0x021F	0x3005      	MOVLW      5
0x0220	0x00F4      	MOVWF      R4
0x0221	0x2003      	CALL       _Mul_8x8_U
0x0222	0x0870      	MOVF       R0, 0
0x0223	0x3E20      	ADDLW      _Buffer
0x0224	0x00F2      	MOVWF      R2
0x0225	0x0A72      	INCF       R2, 0
0x0226	0x00F4      	MOVWF      R4
0x0227	0x0874      	MOVF       R4, 0
0x0228	0x0084      	MOVWF      FSR
0x0229	0x0800      	MOVF       INDF, 0
0x022A	0x00F1      	MOVWF      R1
0x022B	0x0849      	MOVF       _shift_step, 0
0x022C	0x00F0      	MOVWF      R0
0x022D	0x0871      	MOVF       R1, 0
0x022E	0x00F3      	MOVWF      R3
0x022F	0x0870      	MOVF       R0, 0
L__main68:
0x0230	0x1903      	BTFSC      STATUS, 2
0x0231	0x2A36      	GOTO       L__main69
0x0232	0x0DF3      	RLF        R3, 1
0x0233	0x1073      	BCF        R3, 0
0x0234	0x3EFF      	ADDLW      255
0x0235	0x2A30      	GOTO       L__main68
L__main69:
0x0236	0x0872      	MOVF       R2, 0
0x0237	0x0084      	MOVWF      FSR
0x0238	0x0800      	MOVF       INDF, 0
0x0239	0x00F2      	MOVWF      R2
0x023A	0x0849      	MOVF       _shift_step, 0
0x023B	0x3C08      	SUBLW      8
0x023C	0x00F0      	MOVWF      R0
0x023D	0x01F1      	CLRF       R0+1
0x023E	0x1C03      	BTFSS      STATUS, 0
0x023F	0x03F1      	DECF       R0+1, 1
0x0240	0x0870      	MOVF       R0, 0
0x0241	0x00F1      	MOVWF      R1
0x0242	0x0872      	MOVF       R2, 0
0x0243	0x00F0      	MOVWF      R0
0x0244	0x0871      	MOVF       R1, 0
L__main70:
0x0245	0x1903      	BTFSC      STATUS, 2
0x0246	0x2A4B      	GOTO       L__main71
0x0247	0x0CF0      	RRF        R0, 1
0x0248	0x13F0      	BCF        R0, 7
0x0249	0x3EFF      	ADDLW      255
0x024A	0x2A45      	GOTO       L__main70
L__main71:
0x024B	0x0873      	MOVF       R3, 0
0x024C	0x04F0      	IORWF      R0, 1
0x024D	0x0874      	MOVF       R4, 0
0x024E	0x0084      	MOVWF      FSR
0x024F	0x0870      	MOVF       R0, 0
0x0250	0x0080      	MOVWF      INDF
;ledcmatrix.c,244 :: 		Buffer[row][0] = (Buffer[row][0] << Shift_Step)| (temp >> ((8-shift_step)-scroll*shift_step));
0x0251	0x0855      	MOVF       _row, 0
0x0252	0x00F0      	MOVWF      R0
0x0253	0x3005      	MOVLW      5
0x0254	0x00F4      	MOVWF      R4
0x0255	0x2003      	CALL       _Mul_8x8_U
0x0256	0x3020      	MOVLW      _Buffer
0x0257	0x07F0      	ADDWF      R0, 1
0x0258	0x0870      	MOVF       R0, 0
0x0259	0x00DB      	MOVWF      FLOC__main+3
0x025A	0x0870      	MOVF       R0, 0
0x025B	0x0084      	MOVWF      FSR
0x025C	0x0800      	MOVF       INDF, 0
0x025D	0x00F1      	MOVWF      R1
0x025E	0x0849      	MOVF       _shift_step, 0
0x025F	0x00F0      	MOVWF      R0
0x0260	0x0871      	MOVF       R1, 0
0x0261	0x00DA      	MOVWF      FLOC__main+2
0x0262	0x0870      	MOVF       R0, 0
L__main72:
0x0263	0x1903      	BTFSC      STATUS, 2
0x0264	0x2A69      	GOTO       L__main73
0x0265	0x0DDA      	RLF        FLOC__main+2, 1
0x0266	0x105A      	BCF        FLOC__main+2, 0
0x0267	0x3EFF      	ADDLW      255
0x0268	0x2A63      	GOTO       L__main72
L__main73:
0x0269	0x0849      	MOVF       _shift_step, 0
0x026A	0x3C08      	SUBLW      8
0x026B	0x00D8      	MOVWF      FLOC__main
0x026C	0x01D9      	CLRF       FLOC__main+1
0x026D	0x1C03      	BTFSS      STATUS, 0
0x026E	0x03D9      	DECF       FLOC__main+1, 1
0x026F	0x0852      	MOVF       _scroll, 0
0x0270	0x00F0      	MOVWF      R0
0x0271	0x0849      	MOVF       _shift_step, 0
0x0272	0x00F4      	MOVWF      R4
0x0273	0x2003      	CALL       _Mul_8x8_U
0x0274	0x0870      	MOVF       R0, 0
0x0275	0x0258      	SUBWF      FLOC__main, 0
0x0276	0x00F0      	MOVWF      R0
0x0277	0x0871      	MOVF       R0+1, 0
0x0278	0x1C03      	BTFSS      STATUS, 0
0x0279	0x3E01      	ADDLW      1
0x027A	0x0259      	SUBWF      FLOC__main+1, 0
0x027B	0x00F1      	MOVWF      R0+1
0x027C	0x0870      	MOVF       R0, 0
0x027D	0x00F1      	MOVWF      R1
0x027E	0x0854      	MOVF       _temp, 0
0x027F	0x00F0      	MOVWF      R0
0x0280	0x0871      	MOVF       R1, 0
L__main74:
0x0281	0x1903      	BTFSC      STATUS, 2
0x0282	0x2A87      	GOTO       L__main75
0x0283	0x0CF0      	RRF        R0, 1
0x0284	0x13F0      	BCF        R0, 7
0x0285	0x3EFF      	ADDLW      255
0x0286	0x2A81      	GOTO       L__main74
L__main75:
0x0287	0x085A      	MOVF       FLOC__main+2, 0
0x0288	0x04F0      	IORWF      R0, 1
0x0289	0x085B      	MOVF       FLOC__main+3, 0
0x028A	0x0084      	MOVWF      FSR
0x028B	0x0870      	MOVF       R0, 0
0x028C	0x0080      	MOVWF      INDF
;ledcmatrix.c,236 :: 		for (row=0; row<8; row++){
0x028D	0x0AD5      	INCF       _row, 1
;ledcmatrix.c,245 :: 		}
0x028E	0x2939      	GOTO       L_main30
L_main31:
;ledcmatrix.c,246 :: 		speed = 10;
0x028F	0x300A      	MOVLW      10
0x0290	0x00D0      	MOVWF      _speed
0x0291	0x3000      	MOVLW      0
0x0292	0x00D1      	MOVWF      _speed+1
;ledcmatrix.c,247 :: 		for(l=0; l<speed;l++){
0x0293	0x01CF      	CLRF       _l
L_main35:
0x0294	0x0851      	MOVF       _speed+1, 0
0x0295	0x3C00      	SUBLW      0
0x0296	0x1D03      	BTFSS      STATUS, 2
0x0297	0x2A9A      	GOTO       L__main76
0x0298	0x0850      	MOVF       _speed, 0
0x0299	0x024F      	SUBWF      _l, 0
L__main76:
0x029A	0x1803      	BTFSC      STATUS, 0
0x029B	0x2AB6      	GOTO       L_main36
;ledcmatrix.c,248 :: 		m = 1;
0x029C	0x3001      	MOVLW      1
0x029D	0x00D7      	MOVWF      _m
;ledcmatrix.c,249 :: 		for (i=0; i<8; i++) {    //each row
0x029E	0x01D6      	CLRF       _i
L_main38:
0x029F	0x3008      	MOVLW      8
0x02A0	0x0256      	SUBWF      _i, 0
0x02A1	0x1803      	BTFSC      STATUS, 0
0x02A2	0x2AB4      	GOTO       L_main39
;ledcmatrix.c,250 :: 		Send_Data(i);
0x02A3	0x0856      	MOVF       _i, 0
0x02A4	0x00DC      	MOVWF      FARG_Send_Data_rw
0x02A5	0x204C      	CALL       _Send_Data
;ledcmatrix.c,252 :: 		PORTB=~m;
0x02A6	0x0957      	COMF       _m, 0
0x02A7	0x0086      	MOVWF      PORTB
;ledcmatrix.c,253 :: 		m = m << 1;
0x02A8	0x0DD7      	RLF        _m, 1
0x02A9	0x1057      	BCF        _m, 0
;ledcmatrix.c,254 :: 		Delay_us(1000);
0x02AA	0x3007      	MOVLW      7
0x02AB	0x00FC      	MOVWF      R12
0x02AC	0x307D      	MOVLW      125
0x02AD	0x00FD      	MOVWF      R13
L_main41:
0x02AE	0x0BFD      	DECFSZ     R13, 1
0x02AF	0x2AAE      	GOTO       L_main41
0x02B0	0x0BFC      	DECFSZ     R12, 1
0x02B1	0x2AAE      	GOTO       L_main41
;ledcmatrix.c,249 :: 		for (i=0; i<8; i++) {    //each row
0x02B2	0x0AD6      	INCF       _i, 1
;ledcmatrix.c,255 :: 		}  // i
0x02B3	0x2A9F      	GOTO       L_main38
L_main39:
;ledcmatrix.c,247 :: 		for(l=0; l<speed;l++){
0x02B4	0x0ACF      	INCF       _l, 1
;ledcmatrix.c,256 :: 		} // l
0x02B5	0x2A94      	GOTO       L_main35
L_main36:
;ledcmatrix.c,235 :: 		for (scroll=0; scroll<(8/shift_step); scroll++) {
0x02B6	0x0AD2      	INCF       _scroll, 1
;ledcmatrix.c,257 :: 		} // scroll
0x02B7	0x292F      	GOTO       L_main27
L_main28:
;ledcmatrix.c,234 :: 		for (k=0; k<StringLength+4; k++){
0x02B8	0x0ACC      	INCF       _k, 1
;ledcmatrix.c,258 :: 		} // k
0x02B9	0x291F      	GOTO       L_main24
L_main25:
;ledcmatrix.c,260 :: 		} while(1);
0x02BA	0x291E      	GOTO       L_main21
;ledcmatrix.c,261 :: 		}
0x02BB	0x2ABB      	GOTO       $+0
; end of _main
0x0680	0x3020      	MOVLW      32
0x0681	0x0084      	MOVWF      FSR
0x0682	0x302A      	MOVLW      42
0x0683	0x1283      	BCF        STATUS, 5
0x0684	0x1303      	BCF        STATUS, 6
0x0685	0x00F0      	MOVWF      R0
0x0686	0x3056      	MOVLW      86
0x0687	0x00CD      	MOVWF      ___DoICPAddr
0x0688	0x3006      	MOVLW      6
0x0689	0x00CE      	MOVWF      78
0x068A	0x202F      	CALL       47
0x068B	0x0008      	RETURN
;ledcmatrix.c,75 :: _CharData
0x02C1	0x3400 ;_CharData+0
0x02C2	0x3400 ;_CharData+1
0x02C3	0x3400 ;_CharData+2
0x02C4	0x3400 ;_CharData+3
0x02C5	0x3400 ;_CharData+4
0x02C6	0x3400 ;_CharData+5
0x02C7	0x3400 ;_CharData+6
0x02C8	0x3400 ;_CharData+7
0x02C9	0x3404 ;_CharData+8
0x02CA	0x3404 ;_CharData+9
0x02CB	0x3404 ;_CharData+10
0x02CC	0x3404 ;_CharData+11
0x02CD	0x3404 ;_CharData+12
0x02CE	0x3404 ;_CharData+13
0x02CF	0x3400 ;_CharData+14
0x02D0	0x3404 ;_CharData+15
0x02D1	0x340A ;_CharData+16
0x02D2	0x340A ;_CharData+17
0x02D3	0x340A ;_CharData+18
0x02D4	0x3400 ;_CharData+19
0x02D5	0x3400 ;_CharData+20
0x02D6	0x3400 ;_CharData+21
0x02D7	0x3400 ;_CharData+22
0x02D8	0x3400 ;_CharData+23
0x02D9	0x3400 ;_CharData+24
0x02DA	0x340A ;_CharData+25
0x02DB	0x341F ;_CharData+26
0x02DC	0x340A ;_CharData+27
0x02DD	0x341F ;_CharData+28
0x02DE	0x340A ;_CharData+29
0x02DF	0x341F ;_CharData+30
0x02E0	0x340A ;_CharData+31
0x02E1	0x3407 ;_CharData+32
0x02E2	0x340C ;_CharData+33
0x02E3	0x3414 ;_CharData+34
0x02E4	0x340C ;_CharData+35
0x02E5	0x3406 ;_CharData+36
0x02E6	0x3405 ;_CharData+37
0x02E7	0x3406 ;_CharData+38
0x02E8	0x341C ;_CharData+39
0x02E9	0x3419 ;_CharData+40
0x02EA	0x341A ;_CharData+41
0x02EB	0x3402 ;_CharData+42
0x02EC	0x3404 ;_CharData+43
0x02ED	0x3404 ;_CharData+44
0x02EE	0x3408 ;_CharData+45
0x02EF	0x340B ;_CharData+46
0x02F0	0x3413 ;_CharData+47
0x02F1	0x3406 ;_CharData+48
0x02F2	0x340A ;_CharData+49
0x02F3	0x3412 ;_CharData+50
0x02F4	0x3414 ;_CharData+51
0x02F5	0x3409 ;_CharData+52
0x02F6	0x3416 ;_CharData+53
0x02F7	0x3416 ;_CharData+54
0x02F8	0x3409 ;_CharData+55
0x02F9	0x3404 ;_CharData+56
0x02FA	0x3404 ;_CharData+57
0x02FB	0x3404 ;_CharData+58
0x02FC	0x3400 ;_CharData+59
0x02FD	0x3400 ;_CharData+60
0x02FE	0x3400 ;_CharData+61
0x02FF	0x3400 ;_CharData+62
0x0300	0x3400 ;_CharData+63
0x0301	0x3402 ;_CharData+64
0x0302	0x3404 ;_CharData+65
0x0303	0x3408 ;_CharData+66
0x0304	0x3408 ;_CharData+67
0x0305	0x3408 ;_CharData+68
0x0306	0x3408 ;_CharData+69
0x0307	0x3404 ;_CharData+70
0x0308	0x3402 ;_CharData+71
0x0309	0x3408 ;_CharData+72
0x030A	0x3404 ;_CharData+73
0x030B	0x3402 ;_CharData+74
0x030C	0x3402 ;_CharData+75
0x030D	0x3402 ;_CharData+76
0x030E	0x3402 ;_CharData+77
0x030F	0x3404 ;_CharData+78
0x0310	0x3408 ;_CharData+79
0x0311	0x3415 ;_CharData+80
0x0312	0x340E ;_CharData+81
0x0313	0x341F ;_CharData+82
0x0314	0x340E ;_CharData+83
0x0315	0x3415 ;_CharData+84
0x0316	0x3400 ;_CharData+85
0x0317	0x3400 ;_CharData+86
0x0318	0x3400 ;_CharData+87
0x0319	0x3400 ;_CharData+88
0x031A	0x3400 ;_CharData+89
0x031B	0x3404 ;_CharData+90
0x031C	0x3404 ;_CharData+91
0x031D	0x341F ;_CharData+92
0x031E	0x3404 ;_CharData+93
0x031F	0x3404 ;_CharData+94
0x0320	0x3400 ;_CharData+95
0x0321	0x3400 ;_CharData+96
0x0322	0x3400 ;_CharData+97
0x0323	0x3400 ;_CharData+98
0x0324	0x3400 ;_CharData+99
0x0325	0x3400 ;_CharData+100
0x0326	0x3406 ;_CharData+101
0x0327	0x3404 ;_CharData+102
0x0328	0x3408 ;_CharData+103
0x0329	0x3400 ;_CharData+104
0x032A	0x3400 ;_CharData+105
0x032B	0x3400 ;_CharData+106
0x032C	0x3400 ;_CharData+107
0x032D	0x340E ;_CharData+108
0x032E	0x3400 ;_CharData+109
0x032F	0x3400 ;_CharData+110
0x0330	0x3400 ;_CharData+111
0x0331	0x3400 ;_CharData+112
0x0332	0x3400 ;_CharData+113
0x0333	0x3400 ;_CharData+114
0x0334	0x3400 ;_CharData+115
0x0335	0x3400 ;_CharData+116
0x0336	0x3400 ;_CharData+117
0x0337	0x3400 ;_CharData+118
0x0338	0x3404 ;_CharData+119
0x0339	0x3401 ;_CharData+120
0x033A	0x3402 ;_CharData+121
0x033B	0x3402 ;_CharData+122
0x033C	0x3404 ;_CharData+123
0x033D	0x3404 ;_CharData+124
0x033E	0x3408 ;_CharData+125
0x033F	0x3408 ;_CharData+126
0x0340	0x3410 ;_CharData+127
0x0341	0x340E ;_CharData+128
0x0342	0x3411 ;_CharData+129
0x0343	0x3413 ;_CharData+130
0x0344	0x3411 ;_CharData+131
0x0345	0x3415 ;_CharData+132
0x0346	0x3411 ;_CharData+133
0x0347	0x3419 ;_CharData+134
0x0348	0x340E ;_CharData+135
0x0349	0x3404 ;_CharData+136
0x034A	0x340C ;_CharData+137
0x034B	0x3414 ;_CharData+138
0x034C	0x3404 ;_CharData+139
0x034D	0x3404 ;_CharData+140
0x034E	0x3404 ;_CharData+141
0x034F	0x3404 ;_CharData+142
0x0350	0x341F ;_CharData+143
0x0351	0x340E ;_CharData+144
0x0352	0x3411 ;_CharData+145
0x0353	0x3411 ;_CharData+146
0x0354	0x3402 ;_CharData+147
0x0355	0x3404 ;_CharData+148
0x0356	0x3408 ;_CharData+149
0x0357	0x3410 ;_CharData+150
0x0358	0x341F ;_CharData+151
0x0359	0x340E ;_CharData+152
0x035A	0x3411 ;_CharData+153
0x035B	0x3401 ;_CharData+154
0x035C	0x340E ;_CharData+155
0x035D	0x3401 ;_CharData+156
0x035E	0x3401 ;_CharData+157
0x035F	0x3411 ;_CharData+158
0x0360	0x340E ;_CharData+159
0x0361	0x3410 ;_CharData+160
0x0362	0x3410 ;_CharData+161
0x0363	0x3414 ;_CharData+162
0x0364	0x3414 ;_CharData+163
0x0365	0x341F ;_CharData+164
0x0366	0x3404 ;_CharData+165
0x0367	0x3404 ;_CharData+166
0x0368	0x3404 ;_CharData+167
0x0369	0x341F ;_CharData+168
0x036A	0x3410 ;_CharData+169
0x036B	0x3410 ;_CharData+170
0x036C	0x341E ;_CharData+171
0x036D	0x3401 ;_CharData+172
0x036E	0x3401 ;_CharData+173
0x036F	0x3401 ;_CharData+174
0x0370	0x341E ;_CharData+175
0x0371	0x3407 ;_CharData+176
0x0372	0x3408 ;_CharData+177
0x0373	0x3410 ;_CharData+178
0x0374	0x341E ;_CharData+179
0x0375	0x3411 ;_CharData+180
0x0376	0x3411 ;_CharData+181
0x0377	0x3411 ;_CharData+182
0x0378	0x340E ;_CharData+183
0x0379	0x341F ;_CharData+184
0x037A	0x3401 ;_CharData+185
0x037B	0x3401 ;_CharData+186
0x037C	0x3401 ;_CharData+187
0x037D	0x3402 ;_CharData+188
0x037E	0x3404 ;_CharData+189
0x037F	0x3408 ;_CharData+190
0x0380	0x3410 ;_CharData+191
0x0381	0x340E ;_CharData+192
0x0382	0x3411 ;_CharData+193
0x0383	0x3411 ;_CharData+194
0x0384	0x340E ;_CharData+195
0x0385	0x3411 ;_CharData+196
0x0386	0x3411 ;_CharData+197
0x0387	0x3411 ;_CharData+198
0x0388	0x340E ;_CharData+199
0x0389	0x340E ;_CharData+200
0x038A	0x3411 ;_CharData+201
0x038B	0x3411 ;_CharData+202
0x038C	0x340F ;_CharData+203
0x038D	0x3401 ;_CharData+204
0x038E	0x3401 ;_CharData+205
0x038F	0x3401 ;_CharData+206
0x0390	0x3401 ;_CharData+207
0x0391	0x3400 ;_CharData+208
0x0392	0x3404 ;_CharData+209
0x0393	0x3404 ;_CharData+210
0x0394	0x3400 ;_CharData+211
0x0395	0x3400 ;_CharData+212
0x0396	0x3404 ;_CharData+213
0x0397	0x3404 ;_CharData+214
0x0398	0x3400 ;_CharData+215
0x0399	0x3400 ;_CharData+216
0x039A	0x3404 ;_CharData+217
0x039B	0x3404 ;_CharData+218
0x039C	0x3400 ;_CharData+219
0x039D	0x3400 ;_CharData+220
0x039E	0x3404 ;_CharData+221
0x039F	0x3404 ;_CharData+222
0x03A0	0x3408 ;_CharData+223
0x03A1	0x3401 ;_CharData+224
0x03A2	0x3402 ;_CharData+225
0x03A3	0x3404 ;_CharData+226
0x03A4	0x3408 ;_CharData+227
0x03A5	0x3408 ;_CharData+228
0x03A6	0x3404 ;_CharData+229
0x03A7	0x3402 ;_CharData+230
0x03A8	0x3401 ;_CharData+231
0x03A9	0x3400 ;_CharData+232
0x03AA	0x3400 ;_CharData+233
0x03AB	0x3400 ;_CharData+234
0x03AC	0x341E ;_CharData+235
0x03AD	0x3400 ;_CharData+236
0x03AE	0x341E ;_CharData+237
0x03AF	0x3400 ;_CharData+238
0x03B0	0x3400 ;_CharData+239
0x03B1	0x3410 ;_CharData+240
0x03B2	0x3408 ;_CharData+241
0x03B3	0x3404 ;_CharData+242
0x03B4	0x3402 ;_CharData+243
0x03B5	0x3402 ;_CharData+244
0x03B6	0x3404 ;_CharData+245
0x03B7	0x3408 ;_CharData+246
0x03B8	0x3410 ;_CharData+247
0x03B9	0x340E ;_CharData+248
0x03BA	0x3411 ;_CharData+249
0x03BB	0x3411 ;_CharData+250
0x03BC	0x3402 ;_CharData+251
0x03BD	0x3404 ;_CharData+252
0x03BE	0x3404 ;_CharData+253
0x03BF	0x3400 ;_CharData+254
0x03C0	0x3404 ;_CharData+255
0x03C1	0x340E ;_CharData+256
0x03C2	0x3411 ;_CharData+257
0x03C3	0x3411 ;_CharData+258
0x03C4	0x3415 ;_CharData+259
0x03C5	0x3415 ;_CharData+260
0x03C6	0x3411 ;_CharData+261
0x03C7	0x3411 ;_CharData+262
0x03C8	0x341E ;_CharData+263
0x03C9	0x340E ;_CharData+264
0x03CA	0x3411 ;_CharData+265
0x03CB	0x3411 ;_CharData+266
0x03CC	0x3411 ;_CharData+267
0x03CD	0x341F ;_CharData+268
0x03CE	0x3411 ;_CharData+269
0x03CF	0x3411 ;_CharData+270
0x03D0	0x3411 ;_CharData+271
0x03D1	0x341E ;_CharData+272
0x03D2	0x3411 ;_CharData+273
0x03D3	0x3411 ;_CharData+274
0x03D4	0x341E ;_CharData+275
0x03D5	0x3411 ;_CharData+276
0x03D6	0x3411 ;_CharData+277
0x03D7	0x3411 ;_CharData+278
0x03D8	0x341E ;_CharData+279
0x03D9	0x3407 ;_CharData+280
0x03DA	0x3408 ;_CharData+281
0x03DB	0x3410 ;_CharData+282
0x03DC	0x3410 ;_CharData+283
0x03DD	0x3410 ;_CharData+284
0x03DE	0x3410 ;_CharData+285
0x03DF	0x3408 ;_CharData+286
0x03E0	0x3407 ;_CharData+287
0x03E1	0x341C ;_CharData+288
0x03E2	0x3412 ;_CharData+289
0x03E3	0x3411 ;_CharData+290
0x03E4	0x3411 ;_CharData+291
0x03E5	0x3411 ;_CharData+292
0x03E6	0x3411 ;_CharData+293
0x03E7	0x3412 ;_CharData+294
0x03E8	0x341C ;_CharData+295
0x03E9	0x341F ;_CharData+296
0x03EA	0x3410 ;_CharData+297
0x03EB	0x3410 ;_CharData+298
0x03EC	0x341E ;_CharData+299
0x03ED	0x3410 ;_CharData+300
0x03EE	0x3410 ;_CharData+301
0x03EF	0x3410 ;_CharData+302
0x03F0	0x341F ;_CharData+303
0x03F1	0x341F ;_CharData+304
0x03F2	0x3410 ;_CharData+305
0x03F3	0x3410 ;_CharData+306
0x03F4	0x341E ;_CharData+307
0x03F5	0x3410 ;_CharData+308
0x03F6	0x3410 ;_CharData+309
0x03F7	0x3410 ;_CharData+310
0x03F8	0x3410 ;_CharData+311
0x03F9	0x340E ;_CharData+312
0x03FA	0x3411 ;_CharData+313
0x03FB	0x3410 ;_CharData+314
0x03FC	0x3410 ;_CharData+315
0x03FD	0x3417 ;_CharData+316
0x03FE	0x3411 ;_CharData+317
0x03FF	0x3411 ;_CharData+318
0x0400	0x340E ;_CharData+319
0x0401	0x3411 ;_CharData+320
0x0402	0x3411 ;_CharData+321
0x0403	0x3411 ;_CharData+322
0x0404	0x341F ;_CharData+323
0x0405	0x3411 ;_CharData+324
0x0406	0x3411 ;_CharData+325
0x0407	0x3411 ;_CharData+326
0x0408	0x3411 ;_CharData+327
0x0409	0x341F ;_CharData+328
0x040A	0x3404 ;_CharData+329
0x040B	0x3404 ;_CharData+330
0x040C	0x3404 ;_CharData+331
0x040D	0x3404 ;_CharData+332
0x040E	0x3404 ;_CharData+333
0x040F	0x3404 ;_CharData+334
0x0410	0x341F ;_CharData+335
0x0411	0x341F ;_CharData+336
0x0412	0x3404 ;_CharData+337
0x0413	0x3404 ;_CharData+338
0x0414	0x3404 ;_CharData+339
0x0415	0x3404 ;_CharData+340
0x0416	0x3404 ;_CharData+341
0x0417	0x3414 ;_CharData+342
0x0418	0x3408 ;_CharData+343
0x0419	0x3411 ;_CharData+344
0x041A	0x3412 ;_CharData+345
0x041B	0x3414 ;_CharData+346
0x041C	0x3418 ;_CharData+347
0x041D	0x3414 ;_CharData+348
0x041E	0x3412 ;_CharData+349
0x041F	0x3411 ;_CharData+350
0x0420	0x3411 ;_CharData+351
0x0421	0x3410 ;_CharData+352
0x0422	0x3410 ;_CharData+353
0x0423	0x3410 ;_CharData+354
0x0424	0x3410 ;_CharData+355
0x0425	0x3410 ;_CharData+356
0x0426	0x3410 ;_CharData+357
0x0427	0x3410 ;_CharData+358
0x0428	0x341F ;_CharData+359
0x0429	0x3411 ;_CharData+360
0x042A	0x341B ;_CharData+361
0x042B	0x341F ;_CharData+362
0x042C	0x3415 ;_CharData+363
0x042D	0x3411 ;_CharData+364
0x042E	0x3411 ;_CharData+365
0x042F	0x3411 ;_CharData+366
0x0430	0x3411 ;_CharData+367
0x0431	0x3411 ;_CharData+368
0x0432	0x3419 ;_CharData+369
0x0433	0x3419 ;_CharData+370
0x0434	0x3415 ;_CharData+371
0x0435	0x3415 ;_CharData+372
0x0436	0x3413 ;_CharData+373
0x0437	0x3413 ;_CharData+374
0x0438	0x3411 ;_CharData+375
0x0439	0x340E ;_CharData+376
0x043A	0x3411 ;_CharData+377
0x043B	0x3411 ;_CharData+378
0x043C	0x3411 ;_CharData+379
0x043D	0x3411 ;_CharData+380
0x043E	0x3411 ;_CharData+381
0x043F	0x3411 ;_CharData+382
0x0440	0x340E ;_CharData+383
0x0441	0x341E ;_CharData+384
0x0442	0x3411 ;_CharData+385
0x0443	0x3411 ;_CharData+386
0x0444	0x341E ;_CharData+387
0x0445	0x3410 ;_CharData+388
0x0446	0x3410 ;_CharData+389
0x0447	0x3410 ;_CharData+390
0x0448	0x3410 ;_CharData+391
0x0449	0x340E ;_CharData+392
0x044A	0x3411 ;_CharData+393
0x044B	0x3411 ;_CharData+394
0x044C	0x3411 ;_CharData+395
0x044D	0x3411 ;_CharData+396
0x044E	0x3415 ;_CharData+397
0x044F	0x3413 ;_CharData+398
0x0450	0x340F ;_CharData+399
0x0451	0x341E ;_CharData+400
0x0452	0x3411 ;_CharData+401
0x0453	0x3411 ;_CharData+402
0x0454	0x341E ;_CharData+403
0x0455	0x3414 ;_CharData+404
0x0456	0x3412 ;_CharData+405
0x0457	0x3411 ;_CharData+406
0x0458	0x3411 ;_CharData+407
0x0459	0x340E ;_CharData+408
0x045A	0x3411 ;_CharData+409
0x045B	0x3410 ;_CharData+410
0x045C	0x3408 ;_CharData+411
0x045D	0x3406 ;_CharData+412
0x045E	0x3401 ;_CharData+413
0x045F	0x3411 ;_CharData+414
0x0460	0x340E ;_CharData+415
0x0461	0x341F ;_CharData+416
0x0462	0x3404 ;_CharData+417
0x0463	0x3404 ;_CharData+418
0x0464	0x3404 ;_CharData+419
0x0465	0x3404 ;_CharData+420
0x0466	0x3404 ;_CharData+421
0x0467	0x3404 ;_CharData+422
0x0468	0x3404 ;_CharData+423
0x0469	0x3411 ;_CharData+424
0x046A	0x3411 ;_CharData+425
0x046B	0x3411 ;_CharData+426
0x046C	0x3411 ;_CharData+427
0x046D	0x3411 ;_CharData+428
0x046E	0x3411 ;_CharData+429
0x046F	0x3411 ;_CharData+430
0x0470	0x340E ;_CharData+431
0x0471	0x3411 ;_CharData+432
0x0472	0x3411 ;_CharData+433
0x0473	0x3411 ;_CharData+434
0x0474	0x3411 ;_CharData+435
0x0475	0x3411 ;_CharData+436
0x0476	0x3411 ;_CharData+437
0x0477	0x340A ;_CharData+438
0x0478	0x3404 ;_CharData+439
0x0479	0x3411 ;_CharData+440
0x047A	0x3411 ;_CharData+441
0x047B	0x3411 ;_CharData+442
0x047C	0x3411 ;_CharData+443
0x047D	0x3411 ;_CharData+444
0x047E	0x3415 ;_CharData+445
0x047F	0x3415 ;_CharData+446
0x0480	0x340A ;_CharData+447
0x0481	0x3411 ;_CharData+448
0x0482	0x3411 ;_CharData+449
0x0483	0x340A ;_CharData+450
0x0484	0x3404 ;_CharData+451
0x0485	0x3404 ;_CharData+452
0x0486	0x340A ;_CharData+453
0x0487	0x3411 ;_CharData+454
0x0488	0x3411 ;_CharData+455
0x0489	0x3411 ;_CharData+456
0x048A	0x3411 ;_CharData+457
0x048B	0x340A ;_CharData+458
0x048C	0x3404 ;_CharData+459
0x048D	0x3404 ;_CharData+460
0x048E	0x3404 ;_CharData+461
0x048F	0x3404 ;_CharData+462
0x0490	0x3404 ;_CharData+463
0x0491	0x341F ;_CharData+464
0x0492	0x3401 ;_CharData+465
0x0493	0x3402 ;_CharData+466
0x0494	0x3404 ;_CharData+467
0x0495	0x3408 ;_CharData+468
0x0496	0x3410 ;_CharData+469
0x0497	0x3410 ;_CharData+470
0x0498	0x341F ;_CharData+471
0x0499	0x340E ;_CharData+472
0x049A	0x3408 ;_CharData+473
0x049B	0x3408 ;_CharData+474
0x049C	0x3408 ;_CharData+475
0x049D	0x3408 ;_CharData+476
0x049E	0x3408 ;_CharData+477
0x049F	0x3408 ;_CharData+478
0x04A0	0x340E ;_CharData+479
0x04A1	0x3410 ;_CharData+480
0x04A2	0x3408 ;_CharData+481
0x04A3	0x3408 ;_CharData+482
0x04A4	0x3404 ;_CharData+483
0x04A5	0x3404 ;_CharData+484
0x04A6	0x3402 ;_CharData+485
0x04A7	0x3402 ;_CharData+486
0x04A8	0x3401 ;_CharData+487
0x04A9	0x340E ;_CharData+488
0x04AA	0x3402 ;_CharData+489
0x04AB	0x3402 ;_CharData+490
0x04AC	0x3402 ;_CharData+491
0x04AD	0x3402 ;_CharData+492
0x04AE	0x3402 ;_CharData+493
0x04AF	0x3402 ;_CharData+494
0x04B0	0x340E ;_CharData+495
0x04B1	0x3404 ;_CharData+496
0x04B2	0x340A ;_CharData+497
0x04B3	0x3411 ;_CharData+498
0x04B4	0x3400 ;_CharData+499
0x04B5	0x3400 ;_CharData+500
0x04B6	0x3400 ;_CharData+501
0x04B7	0x3400 ;_CharData+502
0x04B8	0x3400 ;_CharData+503
0x04B9	0x3400 ;_CharData+504
0x04BA	0x3400 ;_CharData+505
0x04BB	0x3400 ;_CharData+506
0x04BC	0x3400 ;_CharData+507
0x04BD	0x3400 ;_CharData+508
0x04BE	0x3400 ;_CharData+509
0x04BF	0x3400 ;_CharData+510
0x04C0	0x341F ;_CharData+511
0x04C1	0x3408 ;_CharData+512
0x04C2	0x3404 ;_CharData+513
0x04C3	0x3400 ;_CharData+514
0x04C4	0x3400 ;_CharData+515
0x04C5	0x3400 ;_CharData+516
0x04C6	0x3400 ;_CharData+517
0x04C7	0x3400 ;_CharData+518
0x04C8	0x3400 ;_CharData+519
0x04C9	0x3400 ;_CharData+520
0x04CA	0x3400 ;_CharData+521
0x04CB	0x3400 ;_CharData+522
0x04CC	0x340E ;_CharData+523
0x04CD	0x3412 ;_CharData+524
0x04CE	0x3412 ;_CharData+525
0x04CF	0x3412 ;_CharData+526
0x04D0	0x340F ;_CharData+527
0x04D1	0x3400 ;_CharData+528
0x04D2	0x3410 ;_CharData+529
0x04D3	0x3410 ;_CharData+530
0x04D4	0x3410 ;_CharData+531
0x04D5	0x341C ;_CharData+532
0x04D6	0x3412 ;_CharData+533
0x04D7	0x3412 ;_CharData+534
0x04D8	0x341C ;_CharData+535
0x04D9	0x3400 ;_CharData+536
0x04DA	0x3400 ;_CharData+537
0x04DB	0x3400 ;_CharData+538
0x04DC	0x340E ;_CharData+539
0x04DD	0x3410 ;_CharData+540
0x04DE	0x3410 ;_CharData+541
0x04DF	0x3410 ;_CharData+542
0x04E0	0x340E ;_CharData+543
0x04E1	0x3400 ;_CharData+544
0x04E2	0x3401 ;_CharData+545
0x04E3	0x3401 ;_CharData+546
0x04E4	0x3401 ;_CharData+547
0x04E5	0x3407 ;_CharData+548
0x04E6	0x3409 ;_CharData+549
0x04E7	0x3409 ;_CharData+550
0x04E8	0x3407 ;_CharData+551
0x04E9	0x3400 ;_CharData+552
0x04EA	0x3400 ;_CharData+553
0x04EB	0x3400 ;_CharData+554
0x04EC	0x341C ;_CharData+555
0x04ED	0x3412 ;_CharData+556
0x04EE	0x341E ;_CharData+557
0x04EF	0x3410 ;_CharData+558
0x04F0	0x340E ;_CharData+559
0x04F1	0x3400 ;_CharData+560
0x04F2	0x3403 ;_CharData+561
0x04F3	0x3404 ;_CharData+562
0x04F4	0x3404 ;_CharData+563
0x04F5	0x3406 ;_CharData+564
0x04F6	0x3404 ;_CharData+565
0x04F7	0x3404 ;_CharData+566
0x04F8	0x3404 ;_CharData+567
0x04F9	0x3400 ;_CharData+568
0x04FA	0x340E ;_CharData+569
0x04FB	0x340A ;_CharData+570
0x04FC	0x340A ;_CharData+571
0x04FD	0x340E ;_CharData+572
0x04FE	0x3402 ;_CharData+573
0x04FF	0x3402 ;_CharData+574
0x0500	0x340C ;_CharData+575
0x0501	0x3400 ;_CharData+576
0x0502	0x3410 ;_CharData+577
0x0503	0x3410 ;_CharData+578
0x0504	0x3410 ;_CharData+579
0x0505	0x341C ;_CharData+580
0x0506	0x3412 ;_CharData+581
0x0507	0x3412 ;_CharData+582
0x0508	0x3412 ;_CharData+583
0x0509	0x3400 ;_CharData+584
0x050A	0x3400 ;_CharData+585
0x050B	0x3404 ;_CharData+586
0x050C	0x3400 ;_CharData+587
0x050D	0x3404 ;_CharData+588
0x050E	0x3404 ;_CharData+589
0x050F	0x3404 ;_CharData+590
0x0510	0x3404 ;_CharData+591
0x0511	0x3400 ;_CharData+592
0x0512	0x3402 ;_CharData+593
0x0513	0x3400 ;_CharData+594
0x0514	0x3402 ;_CharData+595
0x0515	0x3402 ;_CharData+596
0x0516	0x3402 ;_CharData+597
0x0517	0x3402 ;_CharData+598
0x0518	0x340C ;_CharData+599
0x0519	0x3400 ;_CharData+600
0x051A	0x3410 ;_CharData+601
0x051B	0x3410 ;_CharData+602
0x051C	0x3414 ;_CharData+603
0x051D	0x3418 ;_CharData+604
0x051E	0x3418 ;_CharData+605
0x051F	0x3414 ;_CharData+606
0x0520	0x3410 ;_CharData+607
0x0521	0x3400 ;_CharData+608
0x0522	0x3410 ;_CharData+609
0x0523	0x3410 ;_CharData+610
0x0524	0x3410 ;_CharData+611
0x0525	0x3410 ;_CharData+612
0x0526	0x3410 ;_CharData+613
0x0527	0x3410 ;_CharData+614
0x0528	0x340C ;_CharData+615
0x0529	0x3400 ;_CharData+616
0x052A	0x3400 ;_CharData+617
0x052B	0x3400 ;_CharData+618
0x052C	0x340A ;_CharData+619
0x052D	0x3415 ;_CharData+620
0x052E	0x3411 ;_CharData+621
0x052F	0x3411 ;_CharData+622
0x0530	0x3411 ;_CharData+623
0x0531	0x3400 ;_CharData+624
0x0532	0x3400 ;_CharData+625
0x0533	0x3400 ;_CharData+626
0x0534	0x3414 ;_CharData+627
0x0535	0x341A ;_CharData+628
0x0536	0x3412 ;_CharData+629
0x0537	0x3412 ;_CharData+630
0x0538	0x3412 ;_CharData+631
0x0539	0x3400 ;_CharData+632
0x053A	0x3400 ;_CharData+633
0x053B	0x3400 ;_CharData+634
0x053C	0x340C ;_CharData+635
0x053D	0x3412 ;_CharData+636
0x053E	0x3412 ;_CharData+637
0x053F	0x3412 ;_CharData+638
0x0540	0x340C ;_CharData+639
0x0541	0x3400 ;_CharData+640
0x0542	0x341C ;_CharData+641
0x0543	0x3412 ;_CharData+642
0x0544	0x3412 ;_CharData+643
0x0545	0x341C ;_CharData+644
0x0546	0x3410 ;_CharData+645
0x0547	0x3410 ;_CharData+646
0x0548	0x3410 ;_CharData+647
0x0549	0x3400 ;_CharData+648
0x054A	0x340E ;_CharData+649
0x054B	0x3412 ;_CharData+650
0x054C	0x3412 ;_CharData+651
0x054D	0x340E ;_CharData+652
0x054E	0x3402 ;_CharData+653
0x054F	0x3402 ;_CharData+654
0x0550	0x3401 ;_CharData+655
0x0551	0x3400 ;_CharData+656
0x0552	0x3400 ;_CharData+657
0x0553	0x3400 ;_CharData+658
0x0554	0x340A ;_CharData+659
0x0555	0x340C ;_CharData+660
0x0556	0x3408 ;_CharData+661
0x0557	0x3408 ;_CharData+662
0x0558	0x3408 ;_CharData+663
0x0559	0x3400 ;_CharData+664
0x055A	0x3400 ;_CharData+665
0x055B	0x340E ;_CharData+666
0x055C	0x3410 ;_CharData+667
0x055D	0x3408 ;_CharData+668
0x055E	0x3404 ;_CharData+669
0x055F	0x3402 ;_CharData+670
0x0560	0x341E ;_CharData+671
0x0561	0x3400 ;_CharData+672
0x0562	0x3410 ;_CharData+673
0x0563	0x3410 ;_CharData+674
0x0564	0x341C ;_CharData+675
0x0565	0x3410 ;_CharData+676
0x0566	0x3410 ;_CharData+677
0x0567	0x3410 ;_CharData+678
0x0568	0x340C ;_CharData+679
0x0569	0x3400 ;_CharData+680
0x056A	0x3400 ;_CharData+681
0x056B	0x3400 ;_CharData+682
0x056C	0x3412 ;_CharData+683
0x056D	0x3412 ;_CharData+684
0x056E	0x3412 ;_CharData+685
0x056F	0x3412 ;_CharData+686
0x0570	0x340C ;_CharData+687
0x0571	0x3400 ;_CharData+688
0x0572	0x3400 ;_CharData+689
0x0573	0x3400 ;_CharData+690
0x0574	0x3411 ;_CharData+691
0x0575	0x3411 ;_CharData+692
0x0576	0x3411 ;_CharData+693
0x0577	0x340A ;_CharData+694
0x0578	0x3404 ;_CharData+695
0x0579	0x3400 ;_CharData+696
0x057A	0x3400 ;_CharData+697
0x057B	0x3400 ;_CharData+698
0x057C	0x3411 ;_CharData+699
0x057D	0x3411 ;_CharData+700
0x057E	0x3411 ;_CharData+701
0x057F	0x3415 ;_CharData+702
0x0580	0x340A ;_CharData+703
0x0581	0x3400 ;_CharData+704
0x0582	0x3400 ;_CharData+705
0x0583	0x3400 ;_CharData+706
0x0584	0x3411 ;_CharData+707
0x0585	0x340A ;_CharData+708
0x0586	0x3404 ;_CharData+709
0x0587	0x340A ;_CharData+710
0x0588	0x3411 ;_CharData+711
0x0589	0x3400 ;_CharData+712
0x058A	0x3400 ;_CharData+713
0x058B	0x3411 ;_CharData+714
0x058C	0x340A ;_CharData+715
0x058D	0x3404 ;_CharData+716
0x058E	0x3408 ;_CharData+717
0x058F	0x3408 ;_CharData+718
0x0590	0x3410 ;_CharData+719
0x0591	0x3400 ;_CharData+720
0x0592	0x3400 ;_CharData+721
0x0593	0x3400 ;_CharData+722
0x0594	0x341F ;_CharData+723
0x0595	0x3402 ;_CharData+724
0x0596	0x3404 ;_CharData+725
0x0597	0x3408 ;_CharData+726
0x0598	0x341F ;_CharData+727
0x0599	0x3402 ;_CharData+728
0x059A	0x3404 ;_CharData+729
0x059B	0x3404 ;_CharData+730
0x059C	0x3404 ;_CharData+731
0x059D	0x3408 ;_CharData+732
0x059E	0x3404 ;_CharData+733
0x059F	0x3404 ;_CharData+734
0x05A0	0x3402 ;_CharData+735
0x05A1	0x3404 ;_CharData+736
0x05A2	0x3404 ;_CharData+737
0x05A3	0x3404 ;_CharData+738
0x05A4	0x3404 ;_CharData+739
0x05A5	0x3404 ;_CharData+740
0x05A6	0x3404 ;_CharData+741
0x05A7	0x3404 ;_CharData+742
0x05A8	0x3404 ;_CharData+743
0x05A9	0x3408 ;_CharData+744
0x05AA	0x3404 ;_CharData+745
0x05AB	0x3404 ;_CharData+746
0x05AC	0x3404 ;_CharData+747
0x05AD	0x3402 ;_CharData+748
0x05AE	0x3404 ;_CharData+749
0x05AF	0x3404 ;_CharData+750
0x05B0	0x3408 ;_CharData+751
0x05B1	0x3400 ;_CharData+752
0x05B2	0x3400 ;_CharData+753
0x05B3	0x3400 ;_CharData+754
0x05B4	0x340A ;_CharData+755
0x05B5	0x341E ;_CharData+756
0x05B6	0x3414 ;_CharData+757
0x05B7	0x3400 ;_CharData+758
0x05B8	0x3400 ;_CharData+759
; end of _CharData
;ledcmatrix.c,23 :: _default_message
0x05B9	0x3441 ;_default_message+0
0x05BA	0x3441 ;_default_message+1
0x05BB	0x3441 ;_default_message+2
0x05BC	0x3441 ;_default_message+3
0x05BD	0x3420 ;_default_message+4
0x05BE	0x3441 ;_default_message+5
0x05BF	0x3441 ;_default_message+6
0x05C0	0x3420 ;_default_message+7
0x05C1	0x3441 ;_default_message+8
0x05C2	0x3420 ;_default_message+9
0x05C3	0x3444 ;_default_message+10
0x05C4	0x3444 ;_default_message+11
0x05C5	0x3444 ;_default_message+12
0x05C6	0x3444 ;_default_message+13
0x05C7	0x344E ;_default_message+14
0x05C8	0x3453 ;_default_message+15
0x05C9	0x3454 ;_default_message+16
0x05CA	0x3452 ;_default_message+17
0x05CB	0x3441 ;_default_message+18
0x05CC	0x3454 ;_default_message+19
0x05CD	0x3449 ;_default_message+20
0x05CE	0x344F ;_default_message+21
0x05CF	0x344E ;_default_message+22
0x05D0	0x3420 ;_default_message+23
0x05D1	0x344F ;_default_message+24
0x05D2	0x3446 ;_default_message+25
0x05D3	0x3420 ;_default_message+26
0x05D4	0x3441 ;_default_message+27
0x05D5	0x344E ;_default_message+28
0x05D6	0x3420 ;_default_message+29
0x05D7	0x3438 ;_default_message+30
0x05D8	0x3458 ;_default_message+31
0x05D9	0x3434 ;_default_message+32
0x05DA	0x3430 ;_default_message+33
0x05DB	0x3420 ;_default_message+34
0x05DC	0x344C ;_default_message+35
0x05DD	0x3445 ;_default_message+36
0x05DE	0x3444 ;_default_message+37
0x05DF	0x3420 ;_default_message+38
0x05E0	0x344D ;_default_message+39
0x05E1	0x3441 ;_default_message+40
0x05E2	0x3454 ;_default_message+41
0x05E3	0x3452 ;_default_message+42
0x05E4	0x3449 ;_default_message+43
0x05E5	0x3458 ;_default_message+44
0x05E6	0x3420 ;_default_message+45
0x05E7	0x3444 ;_default_message+46
0x05E8	0x3449 ;_default_message+47
0x05E9	0x3453 ;_default_message+48
0x05EA	0x3450 ;_default_message+49
0x05EB	0x344C ;_default_message+50
0x05EC	0x3441 ;_default_message+51
0x05ED	0x3459 ;_default_message+52
0x05EE	0x3420 ;_default_message+53
0x05EF	0x3455 ;_default_message+54
0x05F0	0x3453 ;_default_message+55
0x05F1	0x3449 ;_default_message+56
0x05F2	0x344E ;_default_message+57
0x05F3	0x3447 ;_default_message+58
0x05F4	0x3420 ;_default_message+59
0x05F5	0x3453 ;_default_message+60
0x05F6	0x3448 ;_default_message+61
0x05F7	0x3449 ;_default_message+62
0x05F8	0x3446 ;_default_message+63
0x05F9	0x3454 ;_default_message+64
0x05FA	0x3420 ;_default_message+65
0x05FB	0x3452 ;_default_message+66
0x05FC	0x3445 ;_default_message+67
0x05FD	0x3447 ;_default_message+68
0x05FE	0x3449 ;_default_message+69
0x05FF	0x3453 ;_default_message+70
0x0600	0x3454 ;_default_message+71
0x0601	0x3445 ;_default_message+72
0x0602	0x3452 ;_default_message+73
0x0603	0x3453 ;_default_message+74
0x0604	0x3420 ;_default_message+75
0x0605	0x3441 ;_default_message+76
0x0606	0x344E ;_default_message+77
0x0607	0x3444 ;_default_message+78
0x0608	0x3420 ;_default_message+79
0x0609	0x3450 ;_default_message+80
0x060A	0x3449 ;_default_message+81
0x060B	0x3443 ;_default_message+82
0x060C	0x3431 ;_default_message+83
0x060D	0x3436 ;_default_message+84
0x060E	0x3446 ;_default_message+85
0x060F	0x3431 ;_default_message+86
0x0610	0x3438 ;_default_message+87
0x0611	0x3434 ;_default_message+88
0x0612	0x3437 ;_default_message+89
0x0613	0x3420 ;_default_message+90
0x0614	0x344D ;_default_message+91
0x0615	0x3449 ;_default_message+92
0x0616	0x3443 ;_default_message+93
0x0617	0x3452 ;_default_message+94
0x0618	0x344F ;_default_message+95
0x0619	0x3443 ;_default_message+96
0x061A	0x344F ;_default_message+97
0x061B	0x344E ;_default_message+98
0x061C	0x3454 ;_default_message+99
0x061D	0x3452 ;_default_message+100
0x061E	0x344F ;_default_message+101
0x061F	0x344C ;_default_message+102
0x0620	0x344C ;_default_message+103
0x0621	0x3445 ;_default_message+104
0x0622	0x3452 ;_default_message+105
0x0623	0x342E ;_default_message+106
0x0624	0x3420 ;_default_message+107
0x0625	0x3446 ;_default_message+108
0x0626	0x344F ;_default_message+109
0x0627	0x3452 ;_default_message+110
0x0628	0x3420 ;_default_message+111
0x0629	0x344D ;_default_message+112
0x062A	0x344F ;_default_message+113
0x062B	0x3452 ;_default_message+114
0x062C	0x3445 ;_default_message+115
0x062D	0x3420 ;_default_message+116
0x062E	0x3444 ;_default_message+117
0x062F	0x3445 ;_default_message+118
0x0630	0x3454 ;_default_message+119
0x0631	0x3441 ;_default_message+120
0x0632	0x3449 ;_default_message+121
0x0633	0x344C ;_default_message+122
0x0634	0x3453 ;_default_message+123
0x0635	0x3420 ;_default_message+124
0x0636	0x3456 ;_default_message+125
0x0637	0x3449 ;_default_message+126
0x0638	0x3453 ;_default_message+127
0x0639	0x3449 ;_default_message+128
0x063A	0x3454 ;_default_message+129
0x063B	0x3420 ;_default_message+130
0x063C	0x3457 ;_default_message+131
0x063D	0x3457 ;_default_message+132
0x063E	0x3457 ;_default_message+133
0x063F	0x342E ;_default_message+134
0x0640	0x3445 ;_default_message+135
0x0641	0x344D ;_default_message+136
0x0642	0x3442 ;_default_message+137
0x0643	0x3445 ;_default_message+138
0x0644	0x3444 ;_default_message+139
0x0645	0x3444 ;_default_message+140
0x0646	0x3445 ;_default_message+141
0x0647	0x3444 ;_default_message+142
0x0648	0x342D ;_default_message+143
0x0649	0x344C ;_default_message+144
0x064A	0x3441 ;_default_message+145
0x064B	0x3442 ;_default_message+146
0x064C	0x342E ;_default_message+147
0x064D	0x3443 ;_default_message+148
0x064E	0x344F ;_default_message+149
0x064F	0x344D ;_default_message+150
0x0650	0x342E ;_default_message+151
0x0651	0x3420 ;_default_message+152
0x0652	0x3420 ;_default_message+153
0x0653	0x3420 ;_default_message+154
0x0654	0x3420 ;_default_message+155
0x0655	0x3400 ;_default_message+156
; end of _default_message
;ledcmatrix.c,0 :: ?ICS_Buffer
0x0656	0x3400 ;?ICS_Buffer+0
0x0657	0x3400 ;?ICS_Buffer+1
0x0658	0x3400 ;?ICS_Buffer+2
0x0659	0x3400 ;?ICS_Buffer+3
0x065A	0x3400 ;?ICS_Buffer+4
0x065B	0x3400 ;?ICS_Buffer+5
0x065C	0x3400 ;?ICS_Buffer+6
0x065D	0x3400 ;?ICS_Buffer+7
0x065E	0x3400 ;?ICS_Buffer+8
0x065F	0x3400 ;?ICS_Buffer+9
0x0660	0x3400 ;?ICS_Buffer+10
0x0661	0x3400 ;?ICS_Buffer+11
0x0662	0x3400 ;?ICS_Buffer+12
0x0663	0x3400 ;?ICS_Buffer+13
0x0664	0x3400 ;?ICS_Buffer+14
0x0665	0x3400 ;?ICS_Buffer+15
0x0666	0x3400 ;?ICS_Buffer+16
0x0667	0x3400 ;?ICS_Buffer+17
0x0668	0x3400 ;?ICS_Buffer+18
0x0669	0x3400 ;?ICS_Buffer+19
0x066A	0x3400 ;?ICS_Buffer+20
0x066B	0x3400 ;?ICS_Buffer+21
0x066C	0x3400 ;?ICS_Buffer+22
0x066D	0x3400 ;?ICS_Buffer+23
0x066E	0x3400 ;?ICS_Buffer+24
0x066F	0x3400 ;?ICS_Buffer+25
0x0670	0x3400 ;?ICS_Buffer+26
0x0671	0x3400 ;?ICS_Buffer+27
0x0672	0x3400 ;?ICS_Buffer+28
0x0673	0x3400 ;?ICS_Buffer+29
0x0674	0x3400 ;?ICS_Buffer+30
0x0675	0x3400 ;?ICS_Buffer+31
0x0676	0x3400 ;?ICS_Buffer+32
0x0677	0x3400 ;?ICS_Buffer+33
0x0678	0x3400 ;?ICS_Buffer+34
0x0679	0x3400 ;?ICS_Buffer+35
0x067A	0x3400 ;?ICS_Buffer+36
0x067B	0x3400 ;?ICS_Buffer+37
0x067C	0x3400 ;?ICS_Buffer+38
0x067D	0x3400 ;?ICS_Buffer+39
; end of ?ICS_Buffer
;ledcmatrix.c,0 :: ?ICS_UserIP
0x067E	0x3400 ;?ICS_UserIP+0
; end of ?ICS_UserIP
;ledcmatrix.c,0 :: ?ICS_shift_step
0x067F	0x3401 ;?ICS_shift_step+0
; end of ?ICS_shift_step
Symbol List:
//** Routines locations **
//ADDRESS    SIZE    PROCEDURE
//----------------------------------------------
0x0003      [25]    _Mul_8x8_U
0x001C      [12]    _EEPROM_Read
0x0028       [7]    _____DoICP
0x002F      [12]    ___CC2DW
0x003B      [17]    _Div_8x8_U
0x004C     [119]    _Send_Data
0x00C3      [33]    _Load_Data
0x00E4     [471]    _main
//** Variables locations ** 
//ADDRESS    SIZE    VARIABLE
//----------------------------------------------
0x0000       [1]    INDF
0x0001       [1]    TMR0
0x0002       [1]    PCL
0x0003       [0]    RP0_bit
0x0003       [0]    C_bit
0x0003       [0]    RP1_bit
0x0003       [0]    IRP_bit
0x0003       [0]    Z_bit
0x0003       [0]    NOT_PD_bit
0x0003       [1]    STATUS
0x0003       [0]    DC_bit
0x0003       [0]    NOT_TO_bit
0x0004       [1]    FSRPTR
0x0004       [1]    FSR
0x0005       [0]    RA0_bit
0x0005       [0]    RA1_bit
0x0005       [0]    RA2_bit
0x0005       [0]    RA3_bit
0x0005       [1]    PORTA
0x0005       [0]    RA5_bit
0x0005       [0]    RA4_bit
0x0006       [1]    PORTB
0x0006       [0]    RB2_bit
0x0006       [0]    RB3_bit
0x0006       [0]    RB0_bit
0x0006       [0]    RB1_bit
0x0006       [0]    RB6_bit
0x0006       [0]    RB7_bit
0x0006       [0]    RB4_bit
0x0006       [0]    RB5_bit
0x0007       [0]    RC2_bit
0x0007       [0]    RC3_bit
0x0007       [0]    RC0_bit
0x0007       [0]    RC1_bit
0x0007       [0]    RC6_bit
0x0007       [0]    RC7_bit
0x0007       [0]    RC4_bit
0x0007       [0]    RC5_bit
0x0007       [1]    PORTC
0x0008       [0]    RD1_bit
0x0008       [0]    Serial_Data
0x0008       [0]    RD0_bit
0x0008       [0]    SH_Clk
0x0008       [0]    ST_Clk
0x0008       [0]    RD2_bit
0x0008       [0]    RD6_bit
0x0008       [0]    RD7_bit
0x0008       [0]    RD5_bit
0x0008       [0]    RD3_bit
0x0008       [0]    RD4_bit
0x0008       [1]    PORTD
0x0009       [0]    RE2_bit
0x0009       [0]    RE1_bit
0x0009       [1]    PORTE
0x0009       [0]    RE0_bit
0x000A       [1]    PCLATH
0x000B       [0]    T0IE_bit
0x000B       [0]    TMR0IE_bit
0x000B       [0]    INTE_bit
0x000B       [1]    INTCON
0x000B       [0]    RBIF_bit
0x000B       [0]    PEIE_bit
0x000B       [0]    GIE_bit
0x000B       [0]    T0IF_bit
0x000B       [0]    TMR0IF_bit
0x000B       [0]    INTF_bit
0x000B       [0]    RBIE_bit
0x000C       [0]    SSPIF_bit
0x000C       [0]    CCP1IF_bit
0x000C       [0]    TMR2IF_bit
0x000C       [1]    PIR1
0x000C       [0]    RCIF_bit
0x000C       [0]    ADIF_bit
0x000C       [0]    TXIF_bit
0x000C       [0]    PSPIF_bit
0x000C       [0]    TMR1IF_bit
0x000D       [0]    BCLIF_bit
0x000D       [0]    CMIF_bit
0x000D       [0]    CCP2IF_bit
0x000D       [1]    PIR2
0x000D       [0]    EEIF_bit
0x000E       [1]    TMR1L
0x000F       [1]    TMR1H
0x0010       [0]    T1CKPS1_bit
0x0010       [0]    T1SYNC_bit
0x0010       [0]    T1OSCEN_bit
0x0010       [0]    NOT_T1SYNC_bit
0x0010       [0]    T1CKPS0_bit
0x0010       [0]    T1INSYNC_bit
0x0010       [0]    TMR1ON_bit
0x0010       [1]    T1CON
0x0010       [0]    TMR1CS_bit
0x0011       [1]    TMR2
0x0012       [0]    T2CKPS0_bit
0x0012       [1]    T2CON
0x0012       [0]    TMR2ON_bit
0x0012       [0]    TOUTPS2_bit
0x0012       [0]    TOUTPS0_bit
0x0012       [0]    TOUTPS3_bit
0x0012       [0]    T2CKPS1_bit
0x0012       [0]    TOUTPS1_bit
0x0013       [1]    SSPBUF
0x0014       [0]    SSPM2_bit
0x0014       [0]    SSPM0_bit
0x0014       [0]    SSPM1_bit
0x0014       [0]    SSPM3_bit
0x0014       [0]    SSPOV_bit
0x0014       [0]    WCOL_bit
0x0014       [0]    SSPEN_bit
0x0014       [1]    SSPCON
0x0014       [0]    CKP_bit
0x0015       [1]    CCPR1L
0x0015       [2]    CCPR1
0x0016       [1]    CCPR1H
0x0017       [0]    CCP1M2_bit
0x0017       [0]    CCP1M0_bit
0x0017       [0]    CCP1M1_bit
0x0017       [0]    CCP1M3_bit
0x0017       [1]    CCP1CON
0x0017       [0]    CCP1X_bit
0x0017       [0]    CCP1Y_bit
0x0018       [0]    FERR_bit
0x0018       [0]    ADDEN_bit
0x0018       [0]    CREN_bit
0x0018       [0]    RCD8_bit
0x0018       [0]    RX9D_bit
0x0018       [0]    OERR_bit
0x0018       [0]    RC9_bit
0x0018       [0]    RX9_bit
0x0018       [0]    SPEN_bit
0x0018       [0]    SREN_bit
0x0018       [0]    RC8_9_bit
0x0018       [0]    NOT_RC8_bit
0x0018       [1]    RCSTA
0x0019       [1]    TXREG
0x001A       [1]    RCREG
0x001B       [2]    CCPR2
0x001B       [1]    CCPR2L
0x001C       [1]    CCPR2H
0x001D       [0]    CCP2X_bit
0x001D       [0]    CCP2M2_bit
0x001D       [0]    CCP2M0_bit
0x001D       [0]    CCP2M1_bit
0x001D       [1]    CCP2CON
0x001D       [0]    CCP2M3_bit
0x001D       [0]    CCP2Y_bit
0x001E       [1]    ADRESH
0x001F       [0]    CHS1_bit
0x001F       [0]    CHS0_bit
0x001F       [0]    GO_bit
0x001F       [0]    ADCS0_bit
0x001F       [0]    CHS2_bit
0x001F       [0]    ADCS1_bit
0x001F       [0]    ADON_bit
0x001F       [1]    ADCON0
0x001F       [0]    GO_DONE_bit
0x001F       [0]    NOT_DONE_bit
0x0020      [40]    _Buffer
0x0048       [1]    _UserIP
0x0049       [1]    _shift_step
0x004A       [2]    _StringLength
0x004C       [1]    _k
0x004D       [2]    ___DoICPAddr
0x004F       [1]    _l
0x0050       [2]    _speed
0x0052       [1]    _scroll
0x0053       [1]    _index
0x0054       [1]    _temp
0x0055       [1]    _row
0x0056       [1]    _i
0x0057       [1]    _m
0x0058       [4]    FLOC__main
0x005C       [1]    FARG_Send_Data_rw
0x005C       [1]    FLOC__Load_Data
0x005D       [1]    Send_Data_Mask_L0
0x005E       [1]    Send_Data_t_L0
0x005F       [1]    Send_Data_num_L0
0x0060       [1]    Send_Data_EBuffer_L0
0x0061       [1]    Send_Data_EEBuffer_L0
0x0062       [1]    FARG_EEPROM_Read_Address
0x0070       [1]    R0
0x0071       [1]    R1
0x0072       [1]    R2
0x0073       [1]    R3
0x0074       [1]    R4
0x0075       [1]    R5
0x0076       [1]    R6
0x0077       [1]    R7
0x0078       [1]    R8
0x0079       [1]    R9
0x007A       [1]    R10
0x007B       [1]    R11
0x007C       [1]    R12
0x007D       [1]    R13
0x007E       [1]    R14
0x007F       [1]    R15
0x0081       [0]    T0SE_bit
0x0081       [0]    PSA_bit
0x0081       [0]    T0CS_bit
0x0081       [0]    INTEDG_bit
0x0081       [0]    NOT_RBPU_bit
0x0081       [0]    PS2_bit
0x0081       [0]    PS0_bit
0x0081       [0]    PS1_bit
0x0081       [1]    OPTION_REG
0x0085       [0]    TRISA3_bit
0x0085       [0]    TRISA0_bit
0x0085       [0]    TRISA5_bit
0x0085       [0]    TRISA2_bit
0x0085       [0]    TRISA1_bit
0x0085       [0]    TRISA4_bit
0x0085       [1]    TRISA
0x0086       [0]    TRISB0_bit
0x0086       [0]    TRISB5_bit
0x0086       [0]    TRISB6_bit
0x0086       [0]    TRISB7_bit
0x0086       [0]    TRISB3_bit
0x0086       [0]    TRISB2_bit
0x0086       [0]    TRISB4_bit
0x0086       [1]    TRISB
0x0086       [0]    TRISB1_bit
0x0087       [0]    TRISC2_bit
0x0087       [0]    TRISC6_bit
0x0087       [0]    TRISC3_bit
0x0087       [0]    TRISC7_bit
0x0087       [1]    TRISC
0x0087       [0]    TRISC5_bit
0x0087       [0]    TRISC0_bit
0x0087       [0]    TRISC1_bit
0x0087       [0]    TRISC4_bit
0x0088       [0]    TRISD2_bit
0x0088       [0]    TRISD3_bit
0x0088       [0]    TRISD0_bit
0x0088       [0]    TRISD1_bit
0x0088       [0]    TRISD4_bit
0x0088       [0]    TRISD7_bit
0x0088       [1]    TRISD
0x0088       [0]    TRISD5_bit
0x0088       [0]    TRISD6_bit
0x0089       [0]    TRISE1_bit
0x0089       [0]    OBF_bit
0x0089       [0]    TRISE2_bit
0x0089       [0]    PSPMODE_bit
0x0089       [0]    IBOV_bit
0x0089       [0]    TRISE0_bit
0x0089       [0]    IBOV_TRISE_bit
0x0089       [0]    OBF_TRISE_bit
0x0089       [0]    IBF_TRISE_bit
0x0089       [0]    IBF_bit
0x0089       [0]    PSPMODE_TRISE_bit
0x0089       [1]    TRISE
0x008C       [0]    ADIE_bit
0x008C       [0]    PSPIE_bit
0x008C       [0]    TMR2IE_bit
0x008C       [0]    TMR1IE_bit
0x008C       [1]    PIE1
0x008C       [0]    CCP1IE_bit
0x008C       [0]    RCIE_bit
0x008C       [0]    TXIE_bit
0x008C       [0]    SSPIE_bit
0x008D       [0]    CCP2IE_bit
0x008D       [1]    PIE2
0x008D       [0]    CMIE_bit
0x008D       [0]    EEIE_bit
0x008D       [0]    BCLIE_bit
0x008E       [1]    PCON
0x008E       [0]    NOT_BOR_bit
0x008E       [0]    NOT_BO_bit
0x008E       [0]    NOT_POR_bit
0x0091       [0]    RSEN_bit
0x0091       [0]    PEN_bit
0x0091       [0]    SEN_bit
0x0091       [1]    SSPCON2
0x0091       [0]    RCEN_bit
0x0091       [0]    ACKSTAT_bit
0x0091       [0]    GCEN_bit
0x0091       [0]    ACKEN_bit
0x0091       [0]    ACKDT_bit
0x0092       [1]    PR2
0x0093       [1]    SSPADD
0x0094       [0]    R_bit
0x0094       [0]    I2C_START__bit
0x0094       [0]    P_bit
0x0094       [0]    DATA_ADDRESS_bit
0x0094       [0]    S_bit
0x0094       [0]    I2C_STOP__bit
0x0094       [0]    I2C_READ_bit
0x0094       [0]    READ_WRITE_bit
0x0094       [0]    UA_bit
0x0094       [0]    BF_bit
0x0094       [0]    NOT_W_bit
0x0094       [0]    NOT_WRITE_bit
0x0094       [0]    R_W_bit
0x0094       [0]    CKE_bit
0x0094       [0]    D_bit
0x0094       [1]    SSPSTAT
0x0094       [0]    SMP_bit
0x0094       [0]    NOT_ADDRESS_bit
0x0094       [0]    D_A_bit
0x0094       [0]    I2C_DATA_bit
0x0094       [0]    NOT_A_bit
0x0098       [0]    SYNC_bit
0x0098       [0]    TX8_9_bit
0x0098       [0]    TXEN_bit
0x0098       [1]    TXSTA
0x0098       [0]    TRMT_bit
0x0098       [0]    BRGH_bit
0x0098       [0]    TXD8_bit
0x0098       [0]    TX9D_bit
0x0098       [0]    CSRC_bit
0x0098       [0]    TX9_bit
0x0098       [0]    NOT_TX8_bit
0x0099       [1]    SPBRG
0x009C       [0]    CM2_bit
0x009C       [0]    CIS_bit
0x009C       [0]    C1INV_bit
0x009C       [1]    CMCON
0x009C       [0]    CM0_bit
0x009C       [0]    CM1_bit
0x009C       [0]    C2OUT_bit
0x009C       [0]    C1OUT_bit
0x009C       [0]    C2INV_bit
0x009D       [0]    CVR2_bit
0x009D       [0]    CVR3_bit
0x009D       [0]    CVR1_bit
0x009D       [1]    CVRCON
0x009D       [0]    CVR0_bit
0x009D       [0]    CVREN_bit
0x009D       [0]    CVROE_bit
0x009D       [0]    CVRR_bit
0x009E       [1]    ADRESL
0x009F       [1]    ADCON1
0x009F       [0]    PCFG1_bit
0x009F       [0]    PCFG0_bit
0x009F       [0]    PCFG2_bit
0x009F       [0]    ADCS2_bit
0x009F       [0]    ADFM_bit
0x009F       [0]    PCFG3_bit
0x00A0      [50]    _message
0x010C       [1]    EEDATA
0x010D       [1]    EEADR
0x010E       [1]    EEDATH
0x010F       [1]    EEADRH
0x018C       [0]    WR_bit
0x018C       [0]    RD_bit
0x018C       [1]    EECON1
0x018C       [0]    EEPGD_bit
0x018C       [0]    WREN_bit
0x018C       [0]    WRERR_bit
0x018D       [1]    EECON2
//** Constants locations ** 
//ADDRESS    SIZE    CONSTANT
//----------------------------------------------
0x02C1     [760]    _CharData
0x05B9     [157]    _default_message
0x0656      [40]    ?ICS_Buffer
0x067E       [1]    ?ICS_UserIP
0x067F       [1]    ?ICS_shift_step
//** Label List: ** 
//----------------------------------------------
  L_Send_Data0
  L_Send_Data1
  L_Send_Data2
  L_Send_Data3
  L_Send_Data4
  L_Send_Data5
  L_Send_Data6
  L_Send_Data7
  L_Send_Data8
  L_Send_Data9
  L_Send_Data10
  L_Delay_onesec11
  L_Save_Message12
  L_Save_Message13
  L_Save_Message14
  L_Load_Data15
  L_Load_Data16
  L_Load_Data17
  L_main18
  L_main19
  L_main20
  L_main21
  L_main22
  L_main23
  L_main24
  L_main25
  L_main26
  L_main27
  L_main28
  L_main29
  L_main30
  L_main31
  L_main32
  L_main33
  L_main34
  L_main35
  L_main36
  L_main37
  L_main38
  L_main39
  L_main40
  L_main41
  L__Send_Data42
  _Send_Data
  L__Send_Data43
  L__Send_Data44
  L__Send_Data45
  L__Send_Data46
  L__Send_Data47
  L__Send_Data48
  L__Send_Data49
  L__Send_Data50
  _Delay_onesec
  _Find_StrLength
  _Save_Message
  L__Save_Message51
  _Load_Data
  L__Load_Data52
  _main
  L__main53
  L__main54
  L__main55
  L__main56
  L__main57
  L__main58
  L__main59
  L__main60
  L__main61
  L__main62
  L__main63
  L__main64
  L__main65
  L__main66
  L__main67
  L__main68
  L__main69
  L__main70
  L__main71
  L__main72
  L__main73
  L__main74
  L__main75
  L__main76
  L_EEPROM_Write0
  L_EEPROM_Write1
  _EEPROM_Read
  _EEPROM_Write
  L__EEPROM_Write2
  L__EEPROM_Write3
  L_Div_16x16_S0
  L_Div_16x16_S1
  LOOPS3232A
  SADD22LA
  SOK22LA
  SADD22L8
  SOK22L8
  LOOPS3232B
  SADD22LB
  SOK22LB
  SADD22L16
  SOK22L16
  LOOPS3232C
  SADD22LC
  SOK22LC
  SADD22L24
  SOK22L24
  LOOPS3232D
  SADD22LD
  SOK22LD
  SOK22L
  L_Div_32x32_S6
  L_Div_32x32_S7
  L_Div_32x32_S8
  L_Div_32x32_S9
  FXD3232S
  END_ALL
  CA3232S
  C3232SX
  C3232SX1
  C3232S
  C3232S2
  C3232SX4
  C3232SOK
  C3232SX3
  C3232SX2
  avoid_comfrem
  LOOPU3232A
  UADD22LA
  UOK22LA
  UADD22L8
  UOK22L8
  LOOPU3232B
  UADD22LB
  UOK22LB
  UADD22L16
  UOK22L16
  LOOPU3232C
  UADD22LC
  UOK22LC
  UADD22L24
  UOK22L24
  LOOPU3232D
  UADD22LD
  UOK22LD
  UOK22L
  _NEXT
  _EXIT2
  _LOOP
  _EXIT1
  _IF_FIRST
  _IF_SECOND
  _INVERCE_FIRST
  _MULT
  _INBERSE_SECOND
  _EXIT
  _Mul_8x8_U
  _Mul_16x16_U
  _Div_8x8_U
  _Div_16x16_U
  _Mul_8x8_S
  _Mul_16x16_S
  _Div_16x16_S_L
  _Div_16x16_S
  _Div_8x8_S
  _SDIV3232L
  _COMFREM
  _Div_32x32_S
  _Div_32x32_U
  _Mul_32x32_U
  _Mul_32x32_S
  _CC2D_Loop1
  _____DoICP
  _____DoIFC
  ___CC2DW
  _Swap
