Error[113]   C:\USERS\PUBLIC\DOCUMENTS\PIC FILES\C PROGRAMS\LEDSHIFT.ASM 6 : Symbol not previously defined (Send_Data_num_L0)
Error[113]   C:\USERS\PUBLIC\DOCUMENTS\PIC FILES\C PROGRAMS\LEDSHIFT.ASM 9 : Symbol not previously defined (Send_Data_num_L0)
Error[113]   C:\USERS\PUBLIC\DOCUMENTS\PIC FILES\C PROGRAMS\LEDSHIFT.ASM 10 : Symbol not previously defined (STATUS)
Error[113]   C:\USERS\PUBLIC\DOCUMENTS\PIC FILES\C PROGRAMS\LEDSHIFT.ASM 14 : Symbol not previously defined (Send_Data_Mask_L0)
Error[113]   C:\USERS\PUBLIC\DOCUMENTS\PIC FILES\C PROGRAMS\LEDSHIFT.ASM 16 : Symbol not previously defined (Send_Data_t_L0)
Error[113]   C:\USERS\PUBLIC\DOCUMENTS\PIC FILES\C PROGRAMS\LEDSHIFT.ASM 19 : Symbol not previously defined (Send_Data_t_L0)
Error[113]   C:\USERS\PUBLIC\DOCUMENTS\PIC FILES\C PROGRAMS\LEDSHIFT.ASM 20 : Symbol not previously defined (STATUS)
Error[113]   C:\USERS\PUBLIC\DOCUMENTS\PIC FILES\C PROGRAMS\LEDSHIFT.ASM 23 : Symbol not previously defined (FARG_Send_Data_rw)
Error[113]   C:\USERS\PUBLIC\DOCUMENTS\PIC FILES\C PROGRAMS\LEDSHIFT.ASM 24 : Symbol not previously defined (R0)
Error[113]   C:\USERS\PUBLIC\DOCUMENTS\PIC FILES\C PROGRAMS\LEDSHIFT.ASM 26 : Symbol not previously defined (R4)
Error[113]   C:\USERS\PUBLIC\DOCUMENTS\PIC FILES\C PROGRAMS\LEDSHIFT.ASM 27 : Symbol not previously defined (_Mul_8x8_U)
Error[113]   C:\USERS\PUBLIC\DOCUMENTS\PIC FILES\C PROGRAMS\LEDSHIFT.ASM 28 : Symbol not previously defined (_Buffer)
Error[113]   C:\USERS\PUBLIC\DOCUMENTS\PIC FILES\C PROGRAMS\LEDSHIFT.ASM 29 : Symbol not previously defined (R0)
Error[113]   C:\USERS\PUBLIC\DOCUMENTS\PIC FILES\C PROGRAMS\LEDSHIFT.ASM 30 : Symbol not previously defined (Send_Data_num_L0)
Error[113]   C:\USERS\PUBLIC\DOCUMENTS\PIC FILES\C PROGRAMS\LEDSHIFT.ASM 31 : Symbol not previously defined (R0)
Error[113]   C:\USERS\PUBLIC\DOCUMENTS\PIC FILES\C PROGRAMS\LEDSHIFT.ASM 32 : Symbol not previously defined (FSR)
Error[113]   C:\USERS\PUBLIC\DOCUMENTS\PIC FILES\C PROGRAMS\LEDSHIFT.ASM 33 : Symbol not previously defined (Send_Data_Mask_L0)
Error[113]   C:\USERS\PUBLIC\DOCUMENTS\PIC FILES\C PROGRAMS\LEDSHIFT.ASM 34 : Symbol not previously defined (INDF)
Error[113]   C:\USERS\PUBLIC\DOCUMENTS\PIC FILES\C PROGRAMS\LEDSHIFT.ASM 35 : Symbol not previously defined (R1)
Error[113]   C:\USERS\PUBLIC\DOCUMENTS\PIC FILES\C PROGRAMS\LEDSHIFT.ASM 37 : Symbol not previously defined (R1)
Error[113]   C:\USERS\PUBLIC\DOCUMENTS\PIC FILES\C PROGRAMS\LEDSHIFT.ASM 39 : Symbol not previously defined (STATUS)
Error[113]   C:\USERS\PUBLIC\DOCUMENTS\PIC FILES\C PROGRAMS\LEDSHIFT.ASM 41 : Symbol not previously defined (PORTD)
Error[113]   C:\USERS\PUBLIC\DOCUMENTS\PIC FILES\C PROGRAMS\LEDSHIFT.ASM 45 : Symbol not previously defined (PORTD)
Error[113]   C:\USERS\PUBLIC\DOCUMENTS\PIC FILES\C PROGRAMS\LEDSHIFT.ASM 48 : Symbol not previously defined (PORTD)
Error[113]   C:\USERS\PUBLIC\DOCUMENTS\PIC FILES\C PROGRAMS\LEDSHIFT.ASM 50 : Symbol not previously defined (PORTD)
Error[113]   C:\USERS\PUBLIC\DOCUMENTS\PIC FILES\C PROGRAMS\LEDSHIFT.ASM 52 : Symbol not previously defined (Send_Data_Mask_L0)
Error[113]   C:\USERS\PUBLIC\DOCUMENTS\PIC FILES\C PROGRAMS\LEDSHIFT.ASM 53 : Symbol not previously defined (Send_Data_Mask_L0)
Error[113]   C:\USERS\PUBLIC\DOCUMENTS\PIC FILES\C PROGRAMS\LEDSHIFT.ASM 55 : Symbol not previously defined (Send_Data_t_L0)
Error[113]   C:\USERS\PUBLIC\DOCUMENTS\PIC FILES\C PROGRAMS\LEDSHIFT.ASM 60 : Symbol not previously defined (Send_Data_num_L0)
Error[113]   C:\USERS\PUBLIC\DOCUMENTS\PIC FILES\C PROGRAMS\LEDSHIFT.ASM 65 : Symbol not previously defined (PORTD)
Error[113]   C:\USERS\PUBLIC\DOCUMENTS\PIC FILES\C PROGRAMS\LEDSHIFT.ASM 67 : Symbol not previously defined (PORTD)
Error[113]   C:\USERS\PUBLIC\DOCUMENTS\PIC FILES\C PROGRAMS\LEDSHIFT.ASM 76 : Symbol not previously defined (_message)
Error[113]   C:\USERS\PUBLIC\DOCUMENTS\PIC FILES\C PROGRAMS\LEDSHIFT.ASM 77 : Symbol not previously defined (FARG_strlen_s)
Error[113]   C:\USERS\PUBLIC\DOCUMENTS\PIC FILES\C PROGRAMS\LEDSHIFT.ASM 78 : Symbol not previously defined (_strlen)
Error[113]   C:\USERS\PUBLIC\DOCUMENTS\PIC FILES\C PROGRAMS\LEDSHIFT.ASM 88 : Symbol not previously defined (FARG_EEPROM_Write_Address)
Error[113]   C:\USERS\PUBLIC\DOCUMENTS\PIC FILES\C PROGRAMS\LEDSHIFT.ASM 89 : Symbol not previously defined (_StringLength)
Error[113]   C:\USERS\PUBLIC\DOCUMENTS\PIC FILES\C PROGRAMS\LEDSHIFT.ASM 90 : Symbol not previously defined (FARG_EEPROM_Write_data_)
Error[113]   C:\USERS\PUBLIC\DOCUMENTS\PIC FILES\C PROGRAMS\LEDSHIFT.ASM 91 : Symbol not previously defined (_EEPROM_Write)
Error[113]   C:\USERS\PUBLIC\DOCUMENTS\PIC FILES\C PROGRAMS\LEDSHIFT.ASM 94 : Symbol not previously defined (R12)
Warning[202] C:\USERS\PUBLIC\DOCUMENTS\PIC FILES\C PROGRAMS\LEDSHIFT.ASM 95 : Argument out of range.  Least significant bits used.
Error[113]   C:\USERS\PUBLIC\DOCUMENTS\PIC FILES\C PROGRAMS\LEDSHIFT.ASM 96 : Symbol not previously defined (R13)
Error[113]   C:\USERS\PUBLIC\DOCUMENTS\PIC FILES\C PROGRAMS\LEDSHIFT.ASM 98 : Symbol not previously defined (R13)
Error[113]   C:\USERS\PUBLIC\DOCUMENTS\PIC FILES\C PROGRAMS\LEDSHIFT.ASM 100 : Symbol not previously defined (R12)
Error[113]   C:\USERS\PUBLIC\DOCUMENTS\PIC FILES\C PROGRAMS\LEDSHIFT.ASM 104 : Symbol not previously defined (_i)
Error[113]   C:\USERS\PUBLIC\DOCUMENTS\PIC FILES\C PROGRAMS\LEDSHIFT.ASM 106 : Symbol not previously defined (_StringLength)
Error[113]   C:\USERS\PUBLIC\DOCUMENTS\PIC FILES\C PROGRAMS\LEDSHIFT.ASM 108 : Symbol not previously defined (STATUS)
Error[113]   C:\USERS\PUBLIC\DOCUMENTS\PIC FILES\C PROGRAMS\LEDSHIFT.ASM 110 : Symbol not previously defined (_StringLength)
Error[113]   C:\USERS\PUBLIC\DOCUMENTS\PIC FILES\C PROGRAMS\LEDSHIFT.ASM 111 : Symbol not previously defined (_i)
Error[113]   C:\USERS\PUBLIC\DOCUMENTS\PIC FILES\C PROGRAMS\LEDSHIFT.ASM 113 : Symbol not previously defined (STATUS)
Error[113]   C:\USERS\PUBLIC\DOCUMENTS\PIC FILES\C PROGRAMS\LEDSHIFT.ASM 117 : Symbol not previously defined (_i)
Error[113]   C:\USERS\PUBLIC\DOCUMENTS\PIC FILES\C PROGRAMS\LEDSHIFT.ASM 118 : Symbol not previously defined (FARG_EEPROM_Write_Address)
Error[113]   C:\USERS\PUBLIC\DOCUMENTS\PIC FILES\C PROGRAMS\LEDSHIFT.ASM 119 : Symbol not previously defined (_i)
Error[113]   C:\USERS\PUBLIC\DOCUMENTS\PIC FILES\C PROGRAMS\LEDSHIFT.ASM 120 : Symbol not previously defined (_message)
Error[113]   C:\USERS\PUBLIC\DOCUMENTS\PIC FILES\C PROGRAMS\LEDSHIFT.ASM 121 : Symbol not previously defined (FSR)
Error[113]   C:\USERS\PUBLIC\DOCUMENTS\PIC FILES\C PROGRAMS\LEDSHIFT.ASM 122 : Symbol not previously defined (INDF)
Error[113]   C:\USERS\PUBLIC\DOCUMENTS\PIC FILES\C PROGRAMS\LEDSHIFT.ASM 123 : Symbol not previously defined (FARG_EEPROM_Write_data_)
Error[113]   C:\USERS\PUBLIC\DOCUMENTS\PIC FILES\C PROGRAMS\LEDSHIFT.ASM 124 : Symbol not previously defined (_EEPROM_Write)
Error[113]   C:\USERS\PUBLIC\DOCUMENTS\PIC FILES\C PROGRAMS\LEDSHIFT.ASM 127 : Symbol not previously defined (R12)
Warning[202] C:\USERS\PUBLIC\DOCUMENTS\PIC FILES\C PROGRAMS\LEDSHIFT.ASM 128 : Argument out of range.  Least significant bits used.
Error[113]   C:\USERS\PUBLIC\DOCUMENTS\PIC FILES\C PROGRAMS\LEDSHIFT.ASM 129 : Symbol not previously defined (R13)
Error[113]   C:\USERS\PUBLIC\DOCUMENTS\PIC FILES\C PROGRAMS\LEDSHIFT.ASM 131 : Symbol not previously defined (R13)
Error[113]   C:\USERS\PUBLIC\DOCUMENTS\PIC FILES\C PROGRAMS\LEDSHIFT.ASM 133 : Symbol not previously defined (R12)
Error[113]   C:\USERS\PUBLIC\DOCUMENTS\PIC FILES\C PROGRAMS\LEDSHIFT.ASM 137 : Symbol not previously defined (_i)
Error[113]   C:\USERS\PUBLIC\DOCUMENTS\PIC FILES\C PROGRAMS\LEDSHIFT.ASM 143 : Symbol not previously defined (_i)
Error[113]   C:\USERS\PUBLIC\DOCUMENTS\PIC FILES\C PROGRAMS\LEDSHIFT.ASM 144 : Symbol not previously defined (FARG_EEPROM_Write_Address)
Error[113]   C:\USERS\PUBLIC\DOCUMENTS\PIC FILES\C PROGRAMS\LEDSHIFT.ASM 146 : Symbol not previously defined (FARG_EEPROM_Write_data_)
Error[113]   C:\USERS\PUBLIC\DOCUMENTS\PIC FILES\C PROGRAMS\LEDSHIFT.ASM 147 : Symbol not previously defined (_EEPROM_Write)
Error[113]   C:\USERS\PUBLIC\DOCUMENTS\PIC FILES\C PROGRAMS\LEDSHIFT.ASM 150 : Symbol not previously defined (R12)
Warning[202] C:\USERS\PUBLIC\DOCUMENTS\PIC FILES\C PROGRAMS\LEDSHIFT.ASM 151 : Argument out of range.  Least significant bits used.
Error[113]   C:\USERS\PUBLIC\DOCUMENTS\PIC FILES\C PROGRAMS\LEDSHIFT.ASM 152 : Symbol not previously defined (R13)
Error[113]   C:\USERS\PUBLIC\DOCUMENTS\PIC FILES\C PROGRAMS\LEDSHIFT.ASM 154 : Symbol not previously defined (R13)
Error[113]   C:\USERS\PUBLIC\DOCUMENTS\PIC FILES\C PROGRAMS\LEDSHIFT.ASM 156 : Symbol not previously defined (R12)
Error[113]   C:\USERS\PUBLIC\DOCUMENTS\PIC FILES\C PROGRAMS\LEDSHIFT.ASM 161 : Symbol not previously defined (_i)
Error[113]   C:\USERS\PUBLIC\DOCUMENTS\PIC FILES\C PROGRAMS\LEDSHIFT.ASM 162 : Symbol not previously defined (FARG_EEPROM_Write_Address)
Error[113]   C:\USERS\PUBLIC\DOCUMENTS\PIC FILES\C PROGRAMS\LEDSHIFT.ASM 164 : Symbol not previously defined (FARG_EEPROM_Write_data_)
Error[113]   C:\USERS\PUBLIC\DOCUMENTS\PIC FILES\C PROGRAMS\LEDSHIFT.ASM 165 : Symbol not previously defined (_EEPROM_Write)
Error[113]   C:\USERS\PUBLIC\DOCUMENTS\PIC FILES\C PROGRAMS\LEDSHIFT.ASM 168 : Symbol not previously defined (R12)
Warning[202] C:\USERS\PUBLIC\DOCUMENTS\PIC FILES\C PROGRAMS\LEDSHIFT.ASM 169 : Argument out of range.  Least significant bits used.
Error[113]   C:\USERS\PUBLIC\DOCUMENTS\PIC FILES\C PROGRAMS\LEDSHIFT.ASM 170 : Symbol not previously defined (R13)
Error[113]   C:\USERS\PUBLIC\DOCUMENTS\PIC FILES\C PROGRAMS\LEDSHIFT.ASM 172 : Symbol not previously defined (R13)
Error[113]   C:\USERS\PUBLIC\DOCUMENTS\PIC FILES\C PROGRAMS\LEDSHIFT.ASM 174 : Symbol not previously defined (R12)
Error[113]   C:\USERS\PUBLIC\DOCUMENTS\PIC FILES\C PROGRAMS\LEDSHIFT.ASM 179 : Symbol not previously defined (_i)
Error[113]   C:\USERS\PUBLIC\DOCUMENTS\PIC FILES\C PROGRAMS\LEDSHIFT.ASM 180 : Symbol not previously defined (FARG_EEPROM_Write_Address)
Error[113]   C:\USERS\PUBLIC\DOCUMENTS\PIC FILES\C PROGRAMS\LEDSHIFT.ASM 182 : Symbol not previously defined (FARG_EEPROM_Write_data_)
Error[113]   C:\USERS\PUBLIC\DOCUMENTS\PIC FILES\C PROGRAMS\LEDSHIFT.ASM 183 : Symbol not previously defined (_EEPROM_Write)
Error[113]   C:\USERS\PUBLIC\DOCUMENTS\PIC FILES\C PROGRAMS\LEDSHIFT.ASM 186 : Symbol not previously defined (R12)
Warning[202] C:\USERS\PUBLIC\DOCUMENTS\PIC FILES\C PROGRAMS\LEDSHIFT.ASM 187 : Argument out of range.  Least significant bits used.
Error[113]   C:\USERS\PUBLIC\DOCUMENTS\PIC FILES\C PROGRAMS\LEDSHIFT.ASM 188 : Symbol not previously defined (R13)
Error[113]   C:\USERS\PUBLIC\DOCUMENTS\PIC FILES\C PROGRAMS\LEDSHIFT.ASM 190 : Symbol not previously defined (R13)
Error[113]   C:\USERS\PUBLIC\DOCUMENTS\PIC FILES\C PROGRAMS\LEDSHIFT.ASM 192 : Symbol not previously defined (R12)
Error[113]   C:\USERS\PUBLIC\DOCUMENTS\PIC FILES\C PROGRAMS\LEDSHIFT.ASM 197 : Symbol not previously defined (_i)
Error[113]   C:\USERS\PUBLIC\DOCUMENTS\PIC FILES\C PROGRAMS\LEDSHIFT.ASM 198 : Symbol not previously defined (FARG_EEPROM_Write_Address)
Error[113]   C:\USERS\PUBLIC\DOCUMENTS\PIC FILES\C PROGRAMS\LEDSHIFT.ASM 200 : Symbol not previously defined (FARG_EEPROM_Write_data_)
Error[113]   C:\USERS\PUBLIC\DOCUMENTS\PIC FILES\C PROGRAMS\LEDSHIFT.ASM 201 : Symbol not previously defined (_EEPROM_Write)
Error[113]   C:\USERS\PUBLIC\DOCUMENTS\PIC FILES\C PROGRAMS\LEDSHIFT.ASM 204 : Symbol not previously defined (R12)
Warning[202] C:\USERS\PUBLIC\DOCUMENTS\PIC FILES\C PROGRAMS\LEDSHIFT.ASM 205 : Argument out of range.  Least significant bits used.
Error[113]   C:\USERS\PUBLIC\DOCUMENTS\PIC FILES\C PROGRAMS\LEDSHIFT.ASM 206 : Symbol not previously defined (R13)
Error[113]   C:\USERS\PUBLIC\DOCUMENTS\PIC FILES\C PROGRAMS\LEDSHIFT.ASM 208 : Symbol not previously defined (R13)
Error[113]   C:\USERS\PUBLIC\DOCUMENTS\PIC FILES\C PROGRAMS\LEDSHIFT.ASM 210 : Symbol not previously defined (R12)
Error[113]   C:\USERS\PUBLIC\DOCUMENTS\PIC FILES\C PROGRAMS\LEDSHIFT.ASM 221 : Symbol not previously defined (_k)
Error[113]   C:\USERS\PUBLIC\DOCUMENTS\PIC FILES\C PROGRAMS\LEDSHIFT.ASM 224 : Symbol not previously defined (_StringLength)
Error[113]   C:\USERS\PUBLIC\DOCUMENTS\PIC FILES\C PROGRAMS\LEDSHIFT.ASM 225 : Symbol not previously defined (R1)
Error[113]   C:\USERS\PUBLIC\DOCUMENTS\PIC FILES\C PROGRAMS\LEDSHIFT.ASM 226 : Symbol not previously defined (_StringLength)
Error[113]   C:\USERS\PUBLIC\DOCUMENTS\PIC FILES\C PROGRAMS\LEDSHIFT.ASM 227 : Symbol not previously defined (STATUS)
Error[113]   C:\USERS\PUBLIC\DOCUMENTS\PIC FILES\C PROGRAMS\LEDSHIFT.ASM 229 : Symbol not previously defined (R1)
Error[113]   C:\USERS\PUBLIC\DOCUMENTS\PIC FILES\C PROGRAMS\LEDSHIFT.ASM 230 : Symbol not previously defined (R1)
Error[113]   C:\USERS\PUBLIC\DOCUMENTS\PIC FILES\C PROGRAMS\LEDSHIFT.ASM 232 : Symbol not previously defined (STATUS)
Error[113]   C:\USERS\PUBLIC\DOCUMENTS\PIC FILES\C PROGRAMS\LEDSHIFT.ASM 234 : Symbol not previously defined (R1)
Error[113]   C:\USERS\PUBLIC\DOCUMENTS\PIC FILES\C PROGRAMS\LEDSHIFT.ASM 235 : Symbol not previously defined (_k)
Error[113]   C:\USERS\PUBLIC\DOCUMENTS\PIC FILES\C PROGRAMS\LEDSHIFT.ASM 237 : Symbol not previously defined (STATUS)
Error[113]   C:\USERS\PUBLIC\DOCUMENTS\PIC FILES\C PROGRAMS\LEDSHIFT.ASM 240 : Symbol not previously defined (_k)
Error[113]   C:\USERS\PUBLIC\DOCUMENTS\PIC FILES\C PROGRAMS\LEDSHIFT.ASM 241 : Symbol not previously defined (_message)
Error[113]   C:\USERS\PUBLIC\DOCUMENTS\PIC FILES\C PROGRAMS\LEDSHIFT.ASM 242 : Symbol not previously defined (FLOC__Load_Data)
Error[113]   C:\USERS\PUBLIC\DOCUMENTS\PIC FILES\C PROGRAMS\LEDSHIFT.ASM 244 : Symbol not previously defined (_k)
Error[113]   C:\USERS\PUBLIC\DOCUMENTS\PIC FILES\C PROGRAMS\LEDSHIFT.ASM 245 : Symbol not previously defined (FARG_EEPROM_Read_Address)
Error[113]   C:\USERS\PUBLIC\DOCUMENTS\PIC FILES\C PROGRAMS\LEDSHIFT.ASM 246 : Symbol not previously defined (_EEPROM_Read)
Error[113]   C:\USERS\PUBLIC\DOCUMENTS\PIC FILES\C PROGRAMS\LEDSHIFT.ASM 247 : Symbol not previously defined (FLOC__Load_Data)
Error[113]   C:\USERS\PUBLIC\DOCUMENTS\PIC FILES\C PROGRAMS\LEDSHIFT.ASM 248 : Symbol not previously defined (FSR)
Error[113]   C:\USERS\PUBLIC\DOCUMENTS\PIC FILES\C PROGRAMS\LEDSHIFT.ASM 249 : Symbol not previously defined (R0)
Error[113]   C:\USERS\PUBLIC\DOCUMENTS\PIC FILES\C PROGRAMS\LEDSHIFT.ASM 250 : Symbol not previously defined (INDF)
Error[113]   C:\USERS\PUBLIC\DOCUMENTS\PIC FILES\C PROGRAMS\LEDSHIFT.ASM 253 : Symbol not previously defined (R12)
Warning[202] C:\USERS\PUBLIC\DOCUMENTS\PIC FILES\C PROGRAMS\LEDSHIFT.ASM 254 : Argument out of range.  Least significant bits used.
Error[113]   C:\USERS\PUBLIC\DOCUMENTS\PIC FILES\C PROGRAMS\LEDSHIFT.ASM 255 : Symbol not previously defined (R13)
Error[113]   C:\USERS\PUBLIC\DOCUMENTS\PIC FILES\C PROGRAMS\LEDSHIFT.ASM 257 : Symbol not previously defined (R13)
Error[113]   C:\USERS\PUBLIC\DOCUMENTS\PIC FILES\C PROGRAMS\LEDSHIFT.ASM 259 : Symbol not previously defined (R12)
Error[113]   C:\USERS\PUBLIC\DOCUMENTS\PIC FILES\C PROGRAMS\LEDSHIFT.ASM 263 : Symbol not previously defined (_k)
Warning[202] C:\USERS\PUBLIC\DOCUMENTS\PIC FILES\C PROGRAMS\LEDSHIFT.ASM 275 : Argument out of range.  Least significant bits used.
Error[113]   C:\USERS\PUBLIC\DOCUMENTS\PIC FILES\C PROGRAMS\LEDSHIFT.ASM 276 : Symbol not previously defined (TRISD)
Error[113]   C:\USERS\PUBLIC\DOCUMENTS\PIC FILES\C PROGRAMS\LEDSHIFT.ASM 278 : Symbol not previously defined (TRISE)
Error[113]   C:\USERS\PUBLIC\DOCUMENTS\PIC FILES\C PROGRAMS\LEDSHIFT.ASM 280 : Symbol not previously defined (TRISB)
Error[113]   C:\USERS\PUBLIC\DOCUMENTS\PIC FILES\C PROGRAMS\LEDSHIFT.ASM 282 : Symbol not previously defined (ADCON0)
Error[113]   C:\USERS\PUBLIC\DOCUMENTS\PIC FILES\C PROGRAMS\LEDSHIFT.ASM 284 : Symbol not previously defined (PORTB)
Error[113]   C:\USERS\PUBLIC\DOCUMENTS\PIC FILES\C PROGRAMS\LEDSHIFT.ASM 286 : Symbol not previously defined (PORTD)
Error[113]   C:\USERS\PUBLIC\DOCUMENTS\PIC FILES\C PROGRAMS\LEDSHIFT.ASM 288 : Symbol not previously defined (PORTE)
Error[113]   C:\USERS\PUBLIC\DOCUMENTS\PIC FILES\C PROGRAMS\LEDSHIFT.ASM 290 : Symbol not previously defined (_Ps2_Config)
Error[113]   C:\USERS\PUBLIC\DOCUMENTS\PIC FILES\C PROGRAMS\LEDSHIFT.ASM 293 : Symbol not previously defined (R11)
Warning[202] C:\USERS\PUBLIC\DOCUMENTS\PIC FILES\C PROGRAMS\LEDSHIFT.ASM 294 : Argument out of range.  Least significant bits used.
Error[113]   C:\USERS\PUBLIC\DOCUMENTS\PIC FILES\C PROGRAMS\LEDSHIFT.ASM 295 : Symbol not previously defined (R12)
Error[113]   C:\USERS\PUBLIC\DOCUMENTS\PIC FILES\C PROGRAMS\LEDSHIFT.ASM 297 : Symbol not previously defined (R13)
Error[113]   C:\USERS\PUBLIC\DOCUMENTS\PIC FILES\C PROGRAMS\LEDSHIFT.ASM 299 : Symbol not previously defined (R13)
Error[113]   C:\USERS\PUBLIC\DOCUMENTS\PIC FILES\C PROGRAMS\LEDSHIFT.ASM 301 : Symbol not previously defined (R12)
Error[113]   C:\USERS\PUBLIC\DOCUMENTS\PIC FILES\C PROGRAMS\LEDSHIFT.ASM 303 : Symbol not previously defined (R11)
Error[113]   C:\USERS\PUBLIC\DOCUMENTS\PIC FILES\C PROGRAMS\LEDSHIFT.ASM 308 : Symbol not previously defined (PORTD)
Error[113]   C:\USERS\PUBLIC\DOCUMENTS\PIC FILES\C PROGRAMS\LEDSHIFT.ASM 313 : Symbol not previously defined (_keydata)
Error[113]   C:\USERS\PUBLIC\DOCUMENTS\PIC FILES\C PROGRAMS\LEDSHIFT.ASM 314 : Symbol not previously defined (FARG_Ps2_Key_Read_value)
Error[113]   C:\USERS\PUBLIC\DOCUMENTS\PIC FILES\C PROGRAMS\LEDSHIFT.ASM 315 : Symbol not previously defined (_special)
Error[113]   C:\USERS\PUBLIC\DOCUMENTS\PIC FILES\C PROGRAMS\LEDSHIFT.ASM 316 : Symbol not previously defined (FARG_Ps2_Key_Read_special)
Error[113]   C:\USERS\PUBLIC\DOCUMENTS\PIC FILES\C PROGRAMS\LEDSHIFT.ASM 317 : Symbol not previously defined (_down)
Error[113]   C:\USERS\PUBLIC\DOCUMENTS\PIC FILES\C PROGRAMS\LEDSHIFT.ASM 318 : Symbol not previously defined (FARG_Ps2_Key_Read_pressed)
Error[113]   C:\USERS\PUBLIC\DOCUMENTS\PIC FILES\C PROGRAMS\LEDSHIFT.ASM 319 : Symbol not previously defined (_Ps2_Key_Read)
Error[113]   C:\USERS\PUBLIC\DOCUMENTS\PIC FILES\C PROGRAMS\LEDSHIFT.ASM 320 : Symbol not previously defined (R0)
Error[113]   C:\USERS\PUBLIC\DOCUMENTS\PIC FILES\C PROGRAMS\LEDSHIFT.ASM 321 : Symbol not previously defined (STATUS)
Error[113]   C:\USERS\PUBLIC\DOCUMENTS\PIC FILES\C PROGRAMS\LEDSHIFT.ASM 324 : Symbol not previously defined (_down)
Error[113]   C:\USERS\PUBLIC\DOCUMENTS\PIC FILES\C PROGRAMS\LEDSHIFT.ASM 325 : Symbol not previously defined (STATUS)
Error[113]   C:\USERS\PUBLIC\DOCUMENTS\PIC FILES\C PROGRAMS\LEDSHIFT.ASM 327 : Symbol not previously defined (_keydata)
Error[113]   C:\USERS\PUBLIC\DOCUMENTS\PIC FILES\C PROGRAMS\LEDSHIFT.ASM 329 : Symbol not previously defined (STATUS)
Error[113]   C:\USERS\PUBLIC\DOCUMENTS\PIC FILES\C PROGRAMS\LEDSHIFT.ASM 334 : Symbol not previously defined (R0)
Error[113]   C:\USERS\PUBLIC\DOCUMENTS\PIC FILES\C PROGRAMS\LEDSHIFT.ASM 335 : Symbol not previously defined (_StringLength)
Error[113]   C:\USERS\PUBLIC\DOCUMENTS\PIC FILES\C PROGRAMS\LEDSHIFT.ASM 336 : Symbol not previously defined (_StringLength)
Error[113]   C:\USERS\PUBLIC\DOCUMENTS\PIC FILES\C PROGRAMS\LEDSHIFT.ASM 340 : Symbol not previously defined (_key)
Error[113]   C:\USERS\PUBLIC\DOCUMENTS\PIC FILES\C PROGRAMS\LEDSHIFT.ASM 345 : Symbol not previously defined (_down)
Error[113]   C:\USERS\PUBLIC\DOCUMENTS\PIC FILES\C PROGRAMS\LEDSHIFT.ASM 346 : Symbol not previously defined (STATUS)
Error[113]   C:\USERS\PUBLIC\DOCUMENTS\PIC FILES\C PROGRAMS\LEDSHIFT.ASM 348 : Symbol not previously defined (_special)
Error[113]   C:\USERS\PUBLIC\DOCUMENTS\PIC FILES\C PROGRAMS\LEDSHIFT.ASM 349 : Symbol not previously defined (STATUS)
Error[113]   C:\USERS\PUBLIC\DOCUMENTS\PIC FILES\C PROGRAMS\LEDSHIFT.ASM 351 : Symbol not previously defined (_keydata)
Error[113]   C:\USERS\PUBLIC\DOCUMENTS\PIC FILES\C PROGRAMS\LEDSHIFT.ASM 352 : Symbol not previously defined (STATUS)
Error[113]   C:\USERS\PUBLIC\DOCUMENTS\PIC FILES\C PROGRAMS\LEDSHIFT.ASM 356 : Symbol not previously defined (_key)
Error[113]   C:\USERS\PUBLIC\DOCUMENTS\PIC FILES\C PROGRAMS\LEDSHIFT.ASM 357 : Symbol not previously defined (_message)
Error[113]   C:\USERS\PUBLIC\DOCUMENTS\PIC FILES\C PROGRAMS\LEDSHIFT.ASM 358 : Symbol not previously defined (FSR)
Error[113]   C:\USERS\PUBLIC\DOCUMENTS\PIC FILES\C PROGRAMS\LEDSHIFT.ASM 359 : Symbol not previously defined (_keydata)
Error[113]   C:\USERS\PUBLIC\DOCUMENTS\PIC FILES\C PROGRAMS\LEDSHIFT.ASM 360 : Symbol not previously defined (INDF)
Error[113]   C:\USERS\PUBLIC\DOCUMENTS\PIC FILES\C PROGRAMS\LEDSHIFT.ASM 362 : Symbol not previously defined (_key)
Error[113]   C:\USERS\PUBLIC\DOCUMENTS\PIC FILES\C PROGRAMS\LEDSHIFT.ASM 370 : Symbol not previously defined (R12)
Warning[202] C:\USERS\PUBLIC\DOCUMENTS\PIC FILES\C PROGRAMS\LEDSHIFT.ASM 371 : Argument out of range.  Least significant bits used.
Error[113]   C:\USERS\PUBLIC\DOCUMENTS\PIC FILES\C PROGRAMS\LEDSHIFT.ASM 372 : Symbol not previously defined (R13)
Error[113]   C:\USERS\PUBLIC\DOCUMENTS\PIC FILES\C PROGRAMS\LEDSHIFT.ASM 374 : Symbol not previously defined (R13)
Error[113]   C:\USERS\PUBLIC\DOCUMENTS\PIC FILES\C PROGRAMS\LEDSHIFT.ASM 376 : Symbol not previously defined (R12)
Error[113]   C:\USERS\PUBLIC\DOCUMENTS\PIC FILES\C PROGRAMS\LEDSHIFT.ASM 381 : Symbol not previously defined (_keydata)
Error[113]   C:\USERS\PUBLIC\DOCUMENTS\PIC FILES\C PROGRAMS\LEDSHIFT.ASM 383 : Symbol not previously defined (STATUS)
Error[113]   C:\USERS\PUBLIC\DOCUMENTS\PIC FILES\C PROGRAMS\LEDSHIFT.ASM 389 : Symbol not previously defined (FARG_EEPROM_Read_Address)
Error[113]   C:\USERS\PUBLIC\DOCUMENTS\PIC FILES\C PROGRAMS\LEDSHIFT.ASM 390 : Symbol not previously defined (_EEPROM_Read)
Error[113]   C:\USERS\PUBLIC\DOCUMENTS\PIC FILES\C PROGRAMS\LEDSHIFT.ASM 391 : Symbol not previously defined (R0)
Error[113]   C:\USERS\PUBLIC\DOCUMENTS\PIC FILES\C PROGRAMS\LEDSHIFT.ASM 392 : Symbol not previously defined (_StringLength)
Error[113]   C:\USERS\PUBLIC\DOCUMENTS\PIC FILES\C PROGRAMS\LEDSHIFT.ASM 393 : Symbol not previously defined (_StringLength)
Error[113]   C:\USERS\PUBLIC\DOCUMENTS\PIC FILES\C PROGRAMS\LEDSHIFT.ASM 396 : Symbol not previously defined (R12)
Warning[202] C:\USERS\PUBLIC\DOCUMENTS\PIC FILES\C PROGRAMS\LEDSHIFT.ASM 397 : Argument out of range.  Least significant bits used.
Error[113]   C:\USERS\PUBLIC\DOCUMENTS\PIC FILES\C PROGRAMS\LEDSHIFT.ASM 398 : Symbol not previously defined (R13)
Error[113]   C:\USERS\PUBLIC\DOCUMENTS\PIC FILES\C PROGRAMS\LEDSHIFT.ASM 400 : Symbol not previously defined (R13)
Error[113]   C:\USERS\PUBLIC\DOCUMENTS\PIC FILES\C PROGRAMS\LEDSHIFT.ASM 402 : Symbol not previously defined (R12)
Error[113]   C:\USERS\PUBLIC\DOCUMENTS\PIC FILES\C PROGRAMS\LEDSHIFT.ASM 410 : Symbol not previously defined (_k)
Error[113]   C:\USERS\PUBLIC\DOCUMENTS\PIC FILES\C PROGRAMS\LEDSHIFT.ASM 413 : Symbol not previously defined (_StringLength)
Error[113]   C:\USERS\PUBLIC\DOCUMENTS\PIC FILES\C PROGRAMS\LEDSHIFT.ASM 414 : Symbol not previously defined (R1)
Error[113]   C:\USERS\PUBLIC\DOCUMENTS\PIC FILES\C PROGRAMS\LEDSHIFT.ASM 415 : Symbol not previously defined (_StringLength)
Error[113]   C:\USERS\PUBLIC\DOCUMENTS\PIC FILES\C PROGRAMS\LEDSHIFT.ASM 416 : Symbol not previously defined (STATUS)
Error[113]   C:\USERS\PUBLIC\DOCUMENTS\PIC FILES\C PROGRAMS\LEDSHIFT.ASM 418 : Symbol not previously defined (R1)
Error[113]   C:\USERS\PUBLIC\DOCUMENTS\PIC FILES\C PROGRAMS\LEDSHIFT.ASM 419 : Symbol not previously defined (R1)
Error[113]   C:\USERS\PUBLIC\DOCUMENTS\PIC FILES\C PROGRAMS\LEDSHIFT.ASM 421 : Symbol not previously defined (STATUS)
Error[113]   C:\USERS\PUBLIC\DOCUMENTS\PIC FILES\C PROGRAMS\LEDSHIFT.ASM 423 : Symbol not previously defined (R1)
Error[113]   C:\USERS\PUBLIC\DOCUMENTS\PIC FILES\C PROGRAMS\LEDSHIFT.ASM 424 : Symbol not previously defined (_k)
Error[113]   C:\USERS\PUBLIC\DOCUMENTS\PIC FILES\C PROGRAMS\LEDSHIFT.ASM 426 : Symbol not previously defined (STATUS)
Error[113]   C:\USERS\PUBLIC\DOCUMENTS\PIC FILES\C PROGRAMS\LEDSHIFT.ASM 429 : Symbol not previously defined (_scroll)
Error[113]   C:\USERS\PUBLIC\DOCUMENTS\PIC FILES\C PROGRAMS\LEDSHIFT.ASM 431 : Symbol not previously defined (_shift_step)
Error[113]   C:\USERS\PUBLIC\DOCUMENTS\PIC FILES\C PROGRAMS\LEDSHIFT.ASM 432 : Symbol not previously defined (R4)
Error[113]   C:\USERS\PUBLIC\DOCUMENTS\PIC FILES\C PROGRAMS\LEDSHIFT.ASM 434 : Symbol not previously defined (R0)
Error[113]   C:\USERS\PUBLIC\DOCUMENTS\PIC FILES\C PROGRAMS\LEDSHIFT.ASM 435 : Symbol not previously defined (_Div_8x8_U)
Error[113]   C:\USERS\PUBLIC\DOCUMENTS\PIC FILES\C PROGRAMS\LEDSHIFT.ASM 436 : Symbol not previously defined (R0)
Error[113]   C:\USERS\PUBLIC\DOCUMENTS\PIC FILES\C PROGRAMS\LEDSHIFT.ASM 437 : Symbol not previously defined (_scroll)
Error[113]   C:\USERS\PUBLIC\DOCUMENTS\PIC FILES\C PROGRAMS\LEDSHIFT.ASM 438 : Symbol not previously defined (STATUS)
Error[113]   C:\USERS\PUBLIC\DOCUMENTS\PIC FILES\C PROGRAMS\LEDSHIFT.ASM 441 : Symbol not previously defined (_row)
Error[113]   C:\USERS\PUBLIC\DOCUMENTS\PIC FILES\C PROGRAMS\LEDSHIFT.ASM 444 : Symbol not previously defined (_row)
Error[113]   C:\USERS\PUBLIC\DOCUMENTS\PIC FILES\C PROGRAMS\LEDSHIFT.ASM 445 : Symbol not previously defined (STATUS)
Error[113]   C:\USERS\PUBLIC\DOCUMENTS\PIC FILES\C PROGRAMS\LEDSHIFT.ASM 448 : Symbol not previously defined (_k)
Error[113]   C:\USERS\PUBLIC\DOCUMENTS\PIC FILES\C PROGRAMS\LEDSHIFT.ASM 449 : Symbol not previously defined (_message)
Error[113]   C:\USERS\PUBLIC\DOCUMENTS\PIC FILES\C PROGRAMS\LEDSHIFT.ASM 450 : Symbol not previously defined (FSR)
Error[113]   C:\USERS\PUBLIC\DOCUMENTS\PIC FILES\C PROGRAMS\LEDSHIFT.ASM 451 : Symbol not previously defined (INDF)
Error[113]   C:\USERS\PUBLIC\DOCUMENTS\PIC FILES\C PROGRAMS\LEDSHIFT.ASM 452 : Symbol not previously defined (R1)
Error[113]   C:\USERS\PUBLIC\DOCUMENTS\PIC FILES\C PROGRAMS\LEDSHIFT.ASM 453 : Symbol not previously defined (R1)
Error[113]   C:\USERS\PUBLIC\DOCUMENTS\PIC FILES\C PROGRAMS\LEDSHIFT.ASM 454 : Symbol not previously defined (_index)
Error[113]   C:\USERS\PUBLIC\DOCUMENTS\PIC FILES\C PROGRAMS\LEDSHIFT.ASM 457 : Symbol not previously defined (R1)
Error[113]   C:\USERS\PUBLIC\DOCUMENTS\PIC FILES\C PROGRAMS\LEDSHIFT.ASM 458 : Symbol not previously defined (STATUS)
Error[113]   C:\USERS\PUBLIC\DOCUMENTS\PIC FILES\C PROGRAMS\LEDSHIFT.ASM 460 : Symbol not previously defined (_index)
Error[113]   C:\USERS\PUBLIC\DOCUMENTS\PIC FILES\C PROGRAMS\LEDSHIFT.ASM 462 : Symbol not previously defined (STATUS)
Error[113]   C:\USERS\PUBLIC\DOCUMENTS\PIC FILES\C PROGRAMS\LEDSHIFT.ASM 468 : Symbol not previously defined (_index)
Error[113]   C:\USERS\PUBLIC\DOCUMENTS\PIC FILES\C PROGRAMS\LEDSHIFT.ASM 473 : Symbol not previously defined (_index)
Error[113]   C:\USERS\PUBLIC\DOCUMENTS\PIC FILES\C PROGRAMS\LEDSHIFT.ASM 474 : Symbol not previously defined (R0)
Error[113]   C:\USERS\PUBLIC\DOCUMENTS\PIC FILES\C PROGRAMS\LEDSHIFT.ASM 475 : Symbol not previously defined (R0)
Error[113]   C:\USERS\PUBLIC\DOCUMENTS\PIC FILES\C PROGRAMS\LEDSHIFT.ASM 476 : Symbol not previously defined (STATUS)
Error[113]   C:\USERS\PUBLIC\DOCUMENTS\PIC FILES\C PROGRAMS\LEDSHIFT.ASM 477 : Symbol not previously defined (R0)
Error[113]   C:\USERS\PUBLIC\DOCUMENTS\PIC FILES\C PROGRAMS\LEDSHIFT.ASM 479 : Symbol not previously defined (R4)
Error[113]   C:\USERS\PUBLIC\DOCUMENTS\PIC FILES\C PROGRAMS\LEDSHIFT.ASM 481 : Symbol not previously defined (R4)
Error[113]   C:\USERS\PUBLIC\DOCUMENTS\PIC FILES\C PROGRAMS\LEDSHIFT.ASM 482 : Symbol not previously defined (_Mul_16x16_U)
Error[113]   C:\USERS\PUBLIC\DOCUMENTS\PIC FILES\C PROGRAMS\LEDSHIFT.ASM 483 : Symbol not previously defined (_CharData)
Error[113]   C:\USERS\PUBLIC\DOCUMENTS\PIC FILES\C PROGRAMS\LEDSHIFT.ASM 484 : Symbol not previously defined (R0)
Error[113]   C:\USERS\PUBLIC\DOCUMENTS\PIC FILES\C PROGRAMS\LEDSHIFT.ASM 485 : Symbol not previously defined (hi_addr)
Error[113]   C:\USERS\PUBLIC\DOCUMENTS\PIC FILES\C PROGRAMS\LEDSHIFT.ASM 485 : Symbol not previously defined (_CharData)
Error[112]   C:\USERS\PUBLIC\DOCUMENTS\PIC FILES\C PROGRAMS\LEDSHIFT.ASM 485 : Missing operator
Error[113]   C:\USERS\PUBLIC\DOCUMENTS\PIC FILES\C PROGRAMS\LEDSHIFT.ASM 486 : Symbol not previously defined (STATUS)
Error[113]   C:\USERS\PUBLIC\DOCUMENTS\PIC FILES\C PROGRAMS\LEDSHIFT.ASM 488 : Symbol not previously defined (R0)
Error[113]   C:\USERS\PUBLIC\DOCUMENTS\PIC FILES\C PROGRAMS\LEDSHIFT.ASM 489 : Symbol not previously defined (_row)
Error[113]   C:\USERS\PUBLIC\DOCUMENTS\PIC FILES\C PROGRAMS\LEDSHIFT.ASM 490 : Symbol not previously defined (R0)
Error[113]   C:\USERS\PUBLIC\DOCUMENTS\PIC FILES\C PROGRAMS\LEDSHIFT.ASM 491 : Symbol not previously defined (STATUS)
Error[113]   C:\USERS\PUBLIC\DOCUMENTS\PIC FILES\C PROGRAMS\LEDSHIFT.ASM 492 : Symbol not previously defined (R0)
Error[113]   C:\USERS\PUBLIC\DOCUMENTS\PIC FILES\C PROGRAMS\LEDSHIFT.ASM 493 : Symbol not previously defined (R0)
Error[113]   C:\USERS\PUBLIC\DOCUMENTS\PIC FILES\C PROGRAMS\LEDSHIFT.ASM 494 : Symbol not previously defined (___DoICPAddr)
Error[113]   C:\USERS\PUBLIC\DOCUMENTS\PIC FILES\C PROGRAMS\LEDSHIFT.ASM 495 : Symbol not previously defined (R0)
Error[113]   C:\USERS\PUBLIC\DOCUMENTS\PIC FILES\C PROGRAMS\LEDSHIFT.ASM 496 : Symbol not previously defined (___DoICPAddr)
Error[113]   C:\USERS\PUBLIC\DOCUMENTS\PIC FILES\C PROGRAMS\LEDSHIFT.ASM 497 : Symbol not previously defined (_____DoICP)
Error[113]   C:\USERS\PUBLIC\DOCUMENTS\PIC FILES\C PROGRAMS\LEDSHIFT.ASM 498 : Symbol not previously defined (_temp)
Error[113]   C:\USERS\PUBLIC\DOCUMENTS\PIC FILES\C PROGRAMS\LEDSHIFT.ASM 500 : Symbol not previously defined (_row)
Error[113]   C:\USERS\PUBLIC\DOCUMENTS\PIC FILES\C PROGRAMS\LEDSHIFT.ASM 501 : Symbol not previously defined (R0)
Error[113]   C:\USERS\PUBLIC\DOCUMENTS\PIC FILES\C PROGRAMS\LEDSHIFT.ASM 503 : Symbol not previously defined (R4)
Error[113]   C:\USERS\PUBLIC\DOCUMENTS\PIC FILES\C PROGRAMS\LEDSHIFT.ASM 504 : Symbol not previously defined (_Mul_8x8_U)
Error[113]   C:\USERS\PUBLIC\DOCUMENTS\PIC FILES\C PROGRAMS\LEDSHIFT.ASM 505 : Symbol not previously defined (R0)
Error[113]   C:\USERS\PUBLIC\DOCUMENTS\PIC FILES\C PROGRAMS\LEDSHIFT.ASM 506 : Symbol not previously defined (_Buffer)
Error[113]   C:\USERS\PUBLIC\DOCUMENTS\PIC FILES\C PROGRAMS\LEDSHIFT.ASM 507 : Symbol not previously defined (R2)
Error[113]   C:\USERS\PUBLIC\DOCUMENTS\PIC FILES\C PROGRAMS\LEDSHIFT.ASM 509 : Symbol not previously defined (R2)
Error[113]   C:\USERS\PUBLIC\DOCUMENTS\PIC FILES\C PROGRAMS\LEDSHIFT.ASM 510 : Symbol not previously defined (R4)
Error[113]   C:\USERS\PUBLIC\DOCUMENTS\PIC FILES\C PROGRAMS\LEDSHIFT.ASM 511 : Symbol not previously defined (R4)
Error[113]   C:\USERS\PUBLIC\DOCUMENTS\PIC FILES\C PROGRAMS\LEDSHIFT.ASM 512 : Symbol not previously defined (FSR)
Error[113]   C:\USERS\PUBLIC\DOCUMENTS\PIC FILES\C PROGRAMS\LEDSHIFT.ASM 513 : Symbol not previously defined (INDF)
Error[113]   C:\USERS\PUBLIC\DOCUMENTS\PIC FILES\C PROGRAMS\LEDSHIFT.ASM 514 : Symbol not previously defined (R1)
Error[113]   C:\USERS\PUBLIC\DOCUMENTS\PIC FILES\C PROGRAMS\LEDSHIFT.ASM 515 : Symbol not previously defined (_shift_step)
Error[113]   C:\USERS\PUBLIC\DOCUMENTS\PIC FILES\C PROGRAMS\LEDSHIFT.ASM 516 : Symbol not previously defined (R0)
Error[113]   C:\USERS\PUBLIC\DOCUMENTS\PIC FILES\C PROGRAMS\LEDSHIFT.ASM 517 : Symbol not previously defined (R1)
Error[113]   C:\USERS\PUBLIC\DOCUMENTS\PIC FILES\C PROGRAMS\LEDSHIFT.ASM 518 : Symbol not previously defined (R3)
Error[113]   C:\USERS\PUBLIC\DOCUMENTS\PIC FILES\C PROGRAMS\LEDSHIFT.ASM 519 : Symbol not previously defined (R0)
Error[113]   C:\USERS\PUBLIC\DOCUMENTS\PIC FILES\C PROGRAMS\LEDSHIFT.ASM 521 : Symbol not previously defined (STATUS)
Error[113]   C:\USERS\PUBLIC\DOCUMENTS\PIC FILES\C PROGRAMS\LEDSHIFT.ASM 523 : Symbol not previously defined (R3)
Error[113]   C:\USERS\PUBLIC\DOCUMENTS\PIC FILES\C PROGRAMS\LEDSHIFT.ASM 524 : Symbol not previously defined (R3)
Warning[202] C:\USERS\PUBLIC\DOCUMENTS\PIC FILES\C PROGRAMS\LEDSHIFT.ASM 525 : Argument out of range.  Least significant bits used.
Error[113]   C:\USERS\PUBLIC\DOCUMENTS\PIC FILES\C PROGRAMS\LEDSHIFT.ASM 529 : Symbol not previously defined (R2)
Error[113]   C:\USERS\PUBLIC\DOCUMENTS\PIC FILES\C PROGRAMS\LEDSHIFT.ASM 530 : Symbol not previously defined (FSR)
Error[113]   C:\USERS\PUBLIC\DOCUMENTS\PIC FILES\C PROGRAMS\LEDSHIFT.ASM 531 : Symbol not previously defined (INDF)
Error[113]   C:\USERS\PUBLIC\DOCUMENTS\PIC FILES\C PROGRAMS\LEDSHIFT.ASM 532 : Symbol not previously defined (R2)
Error[113]   C:\USERS\PUBLIC\DOCUMENTS\PIC FILES\C PROGRAMS\LEDSHIFT.ASM 533 : Symbol not previously defined (_shift_step)
Error[113]   C:\USERS\PUBLIC\DOCUMENTS\PIC FILES\C PROGRAMS\LEDSHIFT.ASM 535 : Symbol not previously defined (R0)
Error[113]   C:\USERS\PUBLIC\DOCUMENTS\PIC FILES\C PROGRAMS\LEDSHIFT.ASM 536 : Symbol not previously defined (R0)
Error[113]   C:\USERS\PUBLIC\DOCUMENTS\PIC FILES\C PROGRAMS\LEDSHIFT.ASM 537 : Symbol not previously defined (STATUS)
Error[113]   C:\USERS\PUBLIC\DOCUMENTS\PIC FILES\C PROGRAMS\LEDSHIFT.ASM 538 : Symbol not previously defined (R0)
Error[113]   C:\USERS\PUBLIC\DOCUMENTS\PIC FILES\C PROGRAMS\LEDSHIFT.ASM 539 : Symbol not previously defined (R0)
Error[113]   C:\USERS\PUBLIC\DOCUMENTS\PIC FILES\C PROGRAMS\LEDSHIFT.ASM 540 : Symbol not previously defined (R1)
Error[113]   C:\USERS\PUBLIC\DOCUMENTS\PIC FILES\C PROGRAMS\LEDSHIFT.ASM 541 : Symbol not previously defined (R2)
Error[113]   C:\USERS\PUBLIC\DOCUMENTS\PIC FILES\C PROGRAMS\LEDSHIFT.ASM 542 : Symbol not previously defined (R0)
Error[113]   C:\USERS\PUBLIC\DOCUMENTS\PIC FILES\C PROGRAMS\LEDSHIFT.ASM 543 : Symbol not previously defined (R1)
Error[113]   C:\USERS\PUBLIC\DOCUMENTS\PIC FILES\C PROGRAMS\LEDSHIFT.ASM 545 : Symbol not previously defined (STATUS)
Error[113]   C:\USERS\PUBLIC\DOCUMENTS\PIC FILES\C PROGRAMS\LEDSHIFT.ASM 547 : Symbol not previously defined (R0)
Error[113]   C:\USERS\PUBLIC\DOCUMENTS\PIC FILES\C PROGRAMS\LEDSHIFT.ASM 548 : Symbol not previously defined (R0)
Warning[202] C:\USERS\PUBLIC\DOCUMENTS\PIC FILES\C PROGRAMS\LEDSHIFT.ASM 549 : Argument out of range.  Least significant bits used.
Error[113]   C:\USERS\PUBLIC\DOCUMENTS\PIC FILES\C PROGRAMS\LEDSHIFT.ASM 552 : Symbol not previously defined (R3)
Error[113]   C:\USERS\PUBLIC\DOCUMENTS\PIC FILES\C PROGRAMS\LEDSHIFT.ASM 553 : Symbol not previously defined (R0)
Error[113]   C:\USERS\PUBLIC\DOCUMENTS\PIC FILES\C PROGRAMS\LEDSHIFT.ASM 554 : Symbol not previously defined (R4)
Error[113]   C:\USERS\PUBLIC\DOCUMENTS\PIC FILES\C PROGRAMS\LEDSHIFT.ASM 555 : Symbol not previously defined (FSR)
Error[113]   C:\USERS\PUBLIC\DOCUMENTS\PIC FILES\C PROGRAMS\LEDSHIFT.ASM 556 : Symbol not previously defined (R0)
Error[113]   C:\USERS\PUBLIC\DOCUMENTS\PIC FILES\C PROGRAMS\LEDSHIFT.ASM 557 : Symbol not previously defined (INDF)
Error[113]   C:\USERS\PUBLIC\DOCUMENTS\PIC FILES\C PROGRAMS\LEDSHIFT.ASM 559 : Symbol not previously defined (_row)
Error[113]   C:\USERS\PUBLIC\DOCUMENTS\PIC FILES\C PROGRAMS\LEDSHIFT.ASM 560 : Symbol not previously defined (R0)
Error[113]   C:\USERS\PUBLIC\DOCUMENTS\PIC FILES\C PROGRAMS\LEDSHIFT.ASM 562 : Symbol not previously defined (R4)
Error[113]   C:\USERS\PUBLIC\DOCUMENTS\PIC FILES\C PROGRAMS\LEDSHIFT.ASM 563 : Symbol not previously defined (_Mul_8x8_U)
Error[113]   C:\USERS\PUBLIC\DOCUMENTS\PIC FILES\C PROGRAMS\LEDSHIFT.ASM 564 : Symbol not previously defined (R0)
Error[113]   C:\USERS\PUBLIC\DOCUMENTS\PIC FILES\C PROGRAMS\LEDSHIFT.ASM 565 : Symbol not previously defined (_Buffer)
Error[113]   C:\USERS\PUBLIC\DOCUMENTS\PIC FILES\C PROGRAMS\LEDSHIFT.ASM 566 : Symbol not previously defined (R2)
Error[113]   C:\USERS\PUBLIC\DOCUMENTS\PIC FILES\C PROGRAMS\LEDSHIFT.ASM 568 : Symbol not previously defined (R2)
Error[113]   C:\USERS\PUBLIC\DOCUMENTS\PIC FILES\C PROGRAMS\LEDSHIFT.ASM 569 : Symbol not previously defined (R4)
Error[113]   C:\USERS\PUBLIC\DOCUMENTS\PIC FILES\C PROGRAMS\LEDSHIFT.ASM 570 : Symbol not previously defined (R4)
Error[113]   C:\USERS\PUBLIC\DOCUMENTS\PIC FILES\C PROGRAMS\LEDSHIFT.ASM 571 : Symbol not previously defined (FSR)
Error[113]   C:\USERS\PUBLIC\DOCUMENTS\PIC FILES\C PROGRAMS\LEDSHIFT.ASM 572 : Symbol not previously defined (INDF)
Error[113]   C:\USERS\PUBLIC\DOCUMENTS\PIC FILES\C PROGRAMS\LEDSHIFT.ASM 573 : Symbol not previously defined (R1)
Error[113]   C:\USERS\PUBLIC\DOCUMENTS\PIC FILES\C PROGRAMS\LEDSHIFT.ASM 574 : Symbol not previously defined (_shift_step)
Error[113]   C:\USERS\PUBLIC\DOCUMENTS\PIC FILES\C PROGRAMS\LEDSHIFT.ASM 575 : Symbol not previously defined (R0)
Error[113]   C:\USERS\PUBLIC\DOCUMENTS\PIC FILES\C PROGRAMS\LEDSHIFT.ASM 576 : Symbol not previously defined (R1)
Error[113]   C:\USERS\PUBLIC\DOCUMENTS\PIC FILES\C PROGRAMS\LEDSHIFT.ASM 577 : Symbol not previously defined (R3)
Error[113]   C:\USERS\PUBLIC\DOCUMENTS\PIC FILES\C PROGRAMS\LEDSHIFT.ASM 578 : Symbol not previously defined (R0)
Error[113]   C:\USERS\PUBLIC\DOCUMENTS\PIC FILES\C PROGRAMS\LEDSHIFT.ASM 580 : Symbol not previously defined (STATUS)
Error[113]   C:\USERS\PUBLIC\DOCUMENTS\PIC FILES\C PROGRAMS\LEDSHIFT.ASM 582 : Symbol not previously defined (R3)
Error[113]   C:\USERS\PUBLIC\DOCUMENTS\PIC FILES\C PROGRAMS\LEDSHIFT.ASM 583 : Symbol not previously defined (R3)
Warning[202] C:\USERS\PUBLIC\DOCUMENTS\PIC FILES\C PROGRAMS\LEDSHIFT.ASM 584 : Argument out of range.  Least significant bits used.
Error[113]   C:\USERS\PUBLIC\DOCUMENTS\PIC FILES\C PROGRAMS\LEDSHIFT.ASM 588 : Symbol not previously defined (R2)
Error[113]   C:\USERS\PUBLIC\DOCUMENTS\PIC FILES\C PROGRAMS\LEDSHIFT.ASM 589 : Symbol not previously defined (FSR)
Error[113]   C:\USERS\PUBLIC\DOCUMENTS\PIC FILES\C PROGRAMS\LEDSHIFT.ASM 590 : Symbol not previously defined (INDF)
Error[113]   C:\USERS\PUBLIC\DOCUMENTS\PIC FILES\C PROGRAMS\LEDSHIFT.ASM 591 : Symbol not previously defined (R2)
Error[113]   C:\USERS\PUBLIC\DOCUMENTS\PIC FILES\C PROGRAMS\LEDSHIFT.ASM 592 : Symbol not previously defined (_shift_step)
Error[113]   C:\USERS\PUBLIC\DOCUMENTS\PIC FILES\C PROGRAMS\LEDSHIFT.ASM 594 : Symbol not previously defined (R0)
Error[113]   C:\USERS\PUBLIC\DOCUMENTS\PIC FILES\C PROGRAMS\LEDSHIFT.ASM 595 : Symbol not previously defined (R0)
Error[113]   C:\USERS\PUBLIC\DOCUMENTS\PIC FILES\C PROGRAMS\LEDSHIFT.ASM 596 : Symbol not previously defined (STATUS)
Error[113]   C:\USERS\PUBLIC\DOCUMENTS\PIC FILES\C PROGRAMS\LEDSHIFT.ASM 597 : Symbol not previously defined (R0)
Error[113]   C:\USERS\PUBLIC\DOCUMENTS\PIC FILES\C PROGRAMS\LEDSHIFT.ASM 598 : Symbol not previously defined (R0)
Error[113]   C:\USERS\PUBLIC\DOCUMENTS\PIC FILES\C PROGRAMS\LEDSHIFT.ASM 599 : Symbol not previously defined (R1)
Error[113]   C:\USERS\PUBLIC\DOCUMENTS\PIC FILES\C PROGRAMS\LEDSHIFT.ASM 600 : Symbol not previously defined (R2)
Error[113]   C:\USERS\PUBLIC\DOCUMENTS\PIC FILES\C PROGRAMS\LEDSHIFT.ASM 601 : Symbol not previously defined (R0)
Error[113]   C:\USERS\PUBLIC\DOCUMENTS\PIC FILES\C PROGRAMS\LEDSHIFT.ASM 602 : Symbol not previously defined (R1)
Error[113]   C:\USERS\PUBLIC\DOCUMENTS\PIC FILES\C PROGRAMS\LEDSHIFT.ASM 604 : Symbol not previously defined (STATUS)
Error[113]   C:\USERS\PUBLIC\DOCUMENTS\PIC FILES\C PROGRAMS\LEDSHIFT.ASM 606 : Symbol not previously defined (R0)
Error[113]   C:\USERS\PUBLIC\DOCUMENTS\PIC FILES\C PROGRAMS\LEDSHIFT.ASM 607 : Symbol not previously defined (R0)
Warning[202] C:\USERS\PUBLIC\DOCUMENTS\PIC FILES\C PROGRAMS\LEDSHIFT.ASM 608 : Argument out of range.  Least significant bits used.
Error[113]   C:\USERS\PUBLIC\DOCUMENTS\PIC FILES\C PROGRAMS\LEDSHIFT.ASM 611 : Symbol not previously defined (R3)
Error[113]   C:\USERS\PUBLIC\DOCUMENTS\PIC FILES\C PROGRAMS\LEDSHIFT.ASM 612 : Symbol not previously defined (R0)
Error[113]   C:\USERS\PUBLIC\DOCUMENTS\PIC FILES\C PROGRAMS\LEDSHIFT.ASM 613 : Symbol not previously defined (R4)
Error[113]   C:\USERS\PUBLIC\DOCUMENTS\PIC FILES\C PROGRAMS\LEDSHIFT.ASM 614 : Symbol not previously defined (FSR)
Error[113]   C:\USERS\PUBLIC\DOCUMENTS\PIC FILES\C PROGRAMS\LEDSHIFT.ASM 615 : Symbol not previously defined (R0)
Error[113]   C:\USERS\PUBLIC\DOCUMENTS\PIC FILES\C PROGRAMS\LEDSHIFT.ASM 616 : Symbol not previously defined (INDF)
Error[113]   C:\USERS\PUBLIC\DOCUMENTS\PIC FILES\C PROGRAMS\LEDSHIFT.ASM 618 : Symbol not previously defined (_row)
Error[113]   C:\USERS\PUBLIC\DOCUMENTS\PIC FILES\C PROGRAMS\LEDSHIFT.ASM 619 : Symbol not previously defined (R0)
Error[113]   C:\USERS\PUBLIC\DOCUMENTS\PIC FILES\C PROGRAMS\LEDSHIFT.ASM 621 : Symbol not previously defined (R4)
Error[113]   C:\USERS\PUBLIC\DOCUMENTS\PIC FILES\C PROGRAMS\LEDSHIFT.ASM 622 : Symbol not previously defined (_Mul_8x8_U)
Error[113]   C:\USERS\PUBLIC\DOCUMENTS\PIC FILES\C PROGRAMS\LEDSHIFT.ASM 623 : Symbol not previously defined (R0)
Error[113]   C:\USERS\PUBLIC\DOCUMENTS\PIC FILES\C PROGRAMS\LEDSHIFT.ASM 624 : Symbol not previously defined (_Buffer)
Error[113]   C:\USERS\PUBLIC\DOCUMENTS\PIC FILES\C PROGRAMS\LEDSHIFT.ASM 625 : Symbol not previously defined (R2)
Error[113]   C:\USERS\PUBLIC\DOCUMENTS\PIC FILES\C PROGRAMS\LEDSHIFT.ASM 627 : Symbol not previously defined (R2)
Error[113]   C:\USERS\PUBLIC\DOCUMENTS\PIC FILES\C PROGRAMS\LEDSHIFT.ASM 628 : Symbol not previously defined (R4)
Error[113]   C:\USERS\PUBLIC\DOCUMENTS\PIC FILES\C PROGRAMS\LEDSHIFT.ASM 629 : Symbol not previously defined (R4)
Error[113]   C:\USERS\PUBLIC\DOCUMENTS\PIC FILES\C PROGRAMS\LEDSHIFT.ASM 630 : Symbol not previously defined (FSR)
Error[113]   C:\USERS\PUBLIC\DOCUMENTS\PIC FILES\C PROGRAMS\LEDSHIFT.ASM 631 : Symbol not previously defined (INDF)
Error[113]   C:\USERS\PUBLIC\DOCUMENTS\PIC FILES\C PROGRAMS\LEDSHIFT.ASM 632 : Symbol not previously defined (R1)
Error[113]   C:\USERS\PUBLIC\DOCUMENTS\PIC FILES\C PROGRAMS\LEDSHIFT.ASM 633 : Symbol not previously defined (_shift_step)
Error[113]   C:\USERS\PUBLIC\DOCUMENTS\PIC FILES\C PROGRAMS\LEDSHIFT.ASM 634 : Symbol not previously defined (R0)
Error[113]   C:\USERS\PUBLIC\DOCUMENTS\PIC FILES\C PROGRAMS\LEDSHIFT.ASM 635 : Symbol not previously defined (R1)
Error[113]   C:\USERS\PUBLIC\DOCUMENTS\PIC FILES\C PROGRAMS\LEDSHIFT.ASM 636 : Symbol not previously defined (R3)
Error[113]   C:\USERS\PUBLIC\DOCUMENTS\PIC FILES\C PROGRAMS\LEDSHIFT.ASM 637 : Symbol not previously defined (R0)
Error[113]   C:\USERS\PUBLIC\DOCUMENTS\PIC FILES\C PROGRAMS\LEDSHIFT.ASM 639 : Symbol not previously defined (STATUS)
Error[113]   C:\USERS\PUBLIC\DOCUMENTS\PIC FILES\C PROGRAMS\LEDSHIFT.ASM 641 : Symbol not previously defined (R3)
Error[113]   C:\USERS\PUBLIC\DOCUMENTS\PIC FILES\C PROGRAMS\LEDSHIFT.ASM 642 : Symbol not previously defined (R3)
Warning[202] C:\USERS\PUBLIC\DOCUMENTS\PIC FILES\C PROGRAMS\LEDSHIFT.ASM 643 : Argument out of range.  Least significant bits used.
Error[113]   C:\USERS\PUBLIC\DOCUMENTS\PIC FILES\C PROGRAMS\LEDSHIFT.ASM 646 : Symbol not previously defined (R2)
Error[113]   C:\USERS\PUBLIC\DOCUMENTS\PIC FILES\C PROGRAMS\LEDSHIFT.ASM 647 : Symbol not previously defined (FSR)
Error[113]   C:\USERS\PUBLIC\DOCUMENTS\PIC FILES\C PROGRAMS\LEDSHIFT.ASM 648 : Symbol not previously defined (INDF)
Error[113]   C:\USERS\PUBLIC\DOCUMENTS\PIC FILES\C PROGRAMS\LEDSHIFT.ASM 649 : Symbol not previously defined (R2)
Error[113]   C:\USERS\PUBLIC\DOCUMENTS\PIC FILES\C PROGRAMS\LEDSHIFT.ASM 650 : Symbol not previously defined (_shift_step)
Error[113]   C:\USERS\PUBLIC\DOCUMENTS\PIC FILES\C PROGRAMS\LEDSHIFT.ASM 652 : Symbol not previously defined (R0)
Error[113]   C:\USERS\PUBLIC\DOCUMENTS\PIC FILES\C PROGRAMS\LEDSHIFT.ASM 653 : Symbol not previously defined (R0)
Error[113]   C:\USERS\PUBLIC\DOCUMENTS\PIC FILES\C PROGRAMS\LEDSHIFT.ASM 654 : Symbol not previously defined (STATUS)
Error[113]   C:\USERS\PUBLIC\DOCUMENTS\PIC FILES\C PROGRAMS\LEDSHIFT.ASM 655 : Symbol not previously defined (R0)
Error[113]   C:\USERS\PUBLIC\DOCUMENTS\PIC FILES\C PROGRAMS\LEDSHIFT.ASM 656 : Symbol not previously defined (R0)
Error[113]   C:\USERS\PUBLIC\DOCUMENTS\PIC FILES\C PROGRAMS\LEDSHIFT.ASM 657 : Symbol not previously defined (R1)
Error[113]   C:\USERS\PUBLIC\DOCUMENTS\PIC FILES\C PROGRAMS\LEDSHIFT.ASM 658 : Symbol not previously defined (R2)
Error[113]   C:\USERS\PUBLIC\DOCUMENTS\PIC FILES\C PROGRAMS\LEDSHIFT.ASM 659 : Symbol not previously defined (R0)
Error[113]   C:\USERS\PUBLIC\DOCUMENTS\PIC FILES\C PROGRAMS\LEDSHIFT.ASM 660 : Symbol not previously defined (R1)
Error[113]   C:\USERS\PUBLIC\DOCUMENTS\PIC FILES\C PROGRAMS\LEDSHIFT.ASM 662 : Symbol not previously defined (STATUS)
Error[113]   C:\USERS\PUBLIC\DOCUMENTS\PIC FILES\C PROGRAMS\LEDSHIFT.ASM 664 : Symbol not previously defined (R0)
Error[113]   C:\USERS\PUBLIC\DOCUMENTS\PIC FILES\C PROGRAMS\LEDSHIFT.ASM 665 : Symbol not previously defined (R0)
Warning[202] C:\USERS\PUBLIC\DOCUMENTS\PIC FILES\C PROGRAMS\LEDSHIFT.ASM 666 : Argument out of range.  Least significant bits used.
Error[113]   C:\USERS\PUBLIC\DOCUMENTS\PIC FILES\C PROGRAMS\LEDSHIFT.ASM 669 : Symbol not previously defined (R3)
Error[113]   C:\USERS\PUBLIC\DOCUMENTS\PIC FILES\C PROGRAMS\LEDSHIFT.ASM 670 : Symbol not previously defined (R0)
Error[113]   C:\USERS\PUBLIC\DOCUMENTS\PIC FILES\C PROGRAMS\LEDSHIFT.ASM 671 : Symbol not previously defined (R4)
Error[113]   C:\USERS\PUBLIC\DOCUMENTS\PIC FILES\C PROGRAMS\LEDSHIFT.ASM 672 : Symbol not previously defined (FSR)
Error[113]   C:\USERS\PUBLIC\DOCUMENTS\PIC FILES\C PROGRAMS\LEDSHIFT.ASM 673 : Symbol not previously defined (R0)
Error[113]   C:\USERS\PUBLIC\DOCUMENTS\PIC FILES\C PROGRAMS\LEDSHIFT.ASM 674 : Symbol not previously defined (INDF)
Error[113]   C:\USERS\PUBLIC\DOCUMENTS\PIC FILES\C PROGRAMS\LEDSHIFT.ASM 676 : Symbol not previously defined (_row)
Error[113]   C:\USERS\PUBLIC\DOCUMENTS\PIC FILES\C PROGRAMS\LEDSHIFT.ASM 677 : Symbol not previously defined (R0)
Error[113]   C:\USERS\PUBLIC\DOCUMENTS\PIC FILES\C PROGRAMS\LEDSHIFT.ASM 679 : Symbol not previously defined (R4)
Error[113]   C:\USERS\PUBLIC\DOCUMENTS\PIC FILES\C PROGRAMS\LEDSHIFT.ASM 680 : Symbol not previously defined (_Mul_8x8_U)
Error[113]   C:\USERS\PUBLIC\DOCUMENTS\PIC FILES\C PROGRAMS\LEDSHIFT.ASM 681 : Symbol not previously defined (R0)
Error[113]   C:\USERS\PUBLIC\DOCUMENTS\PIC FILES\C PROGRAMS\LEDSHIFT.ASM 682 : Symbol not previously defined (_Buffer)
Error[113]   C:\USERS\PUBLIC\DOCUMENTS\PIC FILES\C PROGRAMS\LEDSHIFT.ASM 683 : Symbol not previously defined (R2)
Error[113]   C:\USERS\PUBLIC\DOCUMENTS\PIC FILES\C PROGRAMS\LEDSHIFT.ASM 684 : Symbol not previously defined (R2)
Error[113]   C:\USERS\PUBLIC\DOCUMENTS\PIC FILES\C PROGRAMS\LEDSHIFT.ASM 685 : Symbol not previously defined (R4)
Error[113]   C:\USERS\PUBLIC\DOCUMENTS\PIC FILES\C PROGRAMS\LEDSHIFT.ASM 686 : Symbol not previously defined (R4)
Error[113]   C:\USERS\PUBLIC\DOCUMENTS\PIC FILES\C PROGRAMS\LEDSHIFT.ASM 687 : Symbol not previously defined (FSR)
Error[113]   C:\USERS\PUBLIC\DOCUMENTS\PIC FILES\C PROGRAMS\LEDSHIFT.ASM 688 : Symbol not previously defined (INDF)
Error[113]   C:\USERS\PUBLIC\DOCUMENTS\PIC FILES\C PROGRAMS\LEDSHIFT.ASM 689 : Symbol not previously defined (R1)
Error[113]   C:\USERS\PUBLIC\DOCUMENTS\PIC FILES\C PROGRAMS\LEDSHIFT.ASM 690 : Symbol not previously defined (_shift_step)
Error[113]   C:\USERS\PUBLIC\DOCUMENTS\PIC FILES\C PROGRAMS\LEDSHIFT.ASM 691 : Symbol not previously defined (R0)
Error[113]   C:\USERS\PUBLIC\DOCUMENTS\PIC FILES\C PROGRAMS\LEDSHIFT.ASM 692 : Symbol not previously defined (R1)
Error[113]   C:\USERS\PUBLIC\DOCUMENTS\PIC FILES\C PROGRAMS\LEDSHIFT.ASM 693 : Symbol not previously defined (R3)
Error[113]   C:\USERS\PUBLIC\DOCUMENTS\PIC FILES\C PROGRAMS\LEDSHIFT.ASM 694 : Symbol not previously defined (R0)
Error[113]   C:\USERS\PUBLIC\DOCUMENTS\PIC FILES\C PROGRAMS\LEDSHIFT.ASM 696 : Symbol not previously defined (STATUS)
Error[113]   C:\USERS\PUBLIC\DOCUMENTS\PIC FILES\C PROGRAMS\LEDSHIFT.ASM 698 : Symbol not previously defined (R3)
Error[113]   C:\USERS\PUBLIC\DOCUMENTS\PIC FILES\C PROGRAMS\LEDSHIFT.ASM 699 : Symbol not previously defined (R3)
Warning[202] C:\USERS\PUBLIC\DOCUMENTS\PIC FILES\C PROGRAMS\LEDSHIFT.ASM 700 : Argument out of range.  Least significant bits used.
Error[113]   C:\USERS\PUBLIC\DOCUMENTS\PIC FILES\C PROGRAMS\LEDSHIFT.ASM 703 : Symbol not previously defined (R2)
Error[113]   C:\USERS\PUBLIC\DOCUMENTS\PIC FILES\C PROGRAMS\LEDSHIFT.ASM 704 : Symbol not previously defined (FSR)
Error[113]   C:\USERS\PUBLIC\DOCUMENTS\PIC FILES\C PROGRAMS\LEDSHIFT.ASM 705 : Symbol not previously defined (INDF)
Error[113]   C:\USERS\PUBLIC\DOCUMENTS\PIC FILES\C PROGRAMS\LEDSHIFT.ASM 706 : Symbol not previously defined (R2)
Error[113]   C:\USERS\PUBLIC\DOCUMENTS\PIC FILES\C PROGRAMS\LEDSHIFT.ASM 707 : Symbol not previously defined (_shift_step)
Error[113]   C:\USERS\PUBLIC\DOCUMENTS\PIC FILES\C PROGRAMS\LEDSHIFT.ASM 709 : Symbol not previously defined (R0)
Error[113]   C:\USERS\PUBLIC\DOCUMENTS\PIC FILES\C PROGRAMS\LEDSHIFT.ASM 710 : Symbol not previously defined (R0)
Error[113]   C:\USERS\PUBLIC\DOCUMENTS\PIC FILES\C PROGRAMS\LEDSHIFT.ASM 711 : Symbol not previously defined (STATUS)
Error[113]   C:\USERS\PUBLIC\DOCUMENTS\PIC FILES\C PROGRAMS\LEDSHIFT.ASM 712 : Symbol not previously defined (R0)
Error[113]   C:\USERS\PUBLIC\DOCUMENTS\PIC FILES\C PROGRAMS\LEDSHIFT.ASM 713 : Symbol not previously defined (R0)
Error[113]   C:\USERS\PUBLIC\DOCUMENTS\PIC FILES\C PROGRAMS\LEDSHIFT.ASM 714 : Symbol not previously defined (R1)
Error[113]   C:\USERS\PUBLIC\DOCUMENTS\PIC FILES\C PROGRAMS\LEDSHIFT.ASM 715 : Symbol not previously defined (R2)
Error[113]   C:\USERS\PUBLIC\DOCUMENTS\PIC FILES\C PROGRAMS\LEDSHIFT.ASM 716 : Symbol not previously defined (R0)
Error[113]   C:\USERS\PUBLIC\DOCUMENTS\PIC FILES\C PROGRAMS\LEDSHIFT.ASM 717 : Symbol not previously defined (R1)
Error[113]   C:\USERS\PUBLIC\DOCUMENTS\PIC FILES\C PROGRAMS\LEDSHIFT.ASM 719 : Symbol not previously defined (STATUS)
Error[113]   C:\USERS\PUBLIC\DOCUMENTS\PIC FILES\C PROGRAMS\LEDSHIFT.ASM 721 : Symbol not previously defined (R0)
Error[113]   C:\USERS\PUBLIC\DOCUMENTS\PIC FILES\C PROGRAMS\LEDSHIFT.ASM 722 : Symbol not previously defined (R0)
Warning[202] C:\USERS\PUBLIC\DOCUMENTS\PIC FILES\C PROGRAMS\LEDSHIFT.ASM 723 : Argument out of range.  Least significant bits used.
Error[113]   C:\USERS\PUBLIC\DOCUMENTS\PIC FILES\C PROGRAMS\LEDSHIFT.ASM 726 : Symbol not previously defined (R3)
Error[113]   C:\USERS\PUBLIC\DOCUMENTS\PIC FILES\C PROGRAMS\LEDSHIFT.ASM 727 : Symbol not previously defined (R0)
Error[113]   C:\USERS\PUBLIC\DOCUMENTS\PIC FILES\C PROGRAMS\LEDSHIFT.ASM 728 : Symbol not previously defined (R4)
Error[113]   C:\USERS\PUBLIC\DOCUMENTS\PIC FILES\C PROGRAMS\LEDSHIFT.ASM 729 : Symbol not previously defined (FSR)
Error[113]   C:\USERS\PUBLIC\DOCUMENTS\PIC FILES\C PROGRAMS\LEDSHIFT.ASM 730 : Symbol not previously defined (R0)
Error[113]   C:\USERS\PUBLIC\DOCUMENTS\PIC FILES\C PROGRAMS\LEDSHIFT.ASM 731 : Symbol not previously defined (INDF)
Error[113]   C:\USERS\PUBLIC\DOCUMENTS\PIC FILES\C PROGRAMS\LEDSHIFT.ASM 733 : Symbol not previously defined (_row)
Error[113]   C:\USERS\PUBLIC\DOCUMENTS\PIC FILES\C PROGRAMS\LEDSHIFT.ASM 734 : Symbol not previously defined (R0)
Error[113]   C:\USERS\PUBLIC\DOCUMENTS\PIC FILES\C PROGRAMS\LEDSHIFT.ASM 736 : Symbol not previously defined (R4)
Error[113]   C:\USERS\PUBLIC\DOCUMENTS\PIC FILES\C PROGRAMS\LEDSHIFT.ASM 737 : Symbol not previously defined (_Mul_8x8_U)
Error[113]   C:\USERS\PUBLIC\DOCUMENTS\PIC FILES\C PROGRAMS\LEDSHIFT.ASM 738 : Symbol not previously defined (_Buffer)
Error[113]   C:\USERS\PUBLIC\DOCUMENTS\PIC FILES\C PROGRAMS\LEDSHIFT.ASM 739 : Symbol not previously defined (R0)
Error[113]   C:\USERS\PUBLIC\DOCUMENTS\PIC FILES\C PROGRAMS\LEDSHIFT.ASM 740 : Symbol not previously defined (R0)
Error[113]   C:\USERS\PUBLIC\DOCUMENTS\PIC FILES\C PROGRAMS\LEDSHIFT.ASM 741 : Symbol not previously defined (FLOC__main)
Error[113]   C:\USERS\PUBLIC\DOCUMENTS\PIC FILES\C PROGRAMS\LEDSHIFT.ASM 742 : Symbol not previously defined (R0)
Error[113]   C:\USERS\PUBLIC\DOCUMENTS\PIC FILES\C PROGRAMS\LEDSHIFT.ASM 743 : Symbol not previously defined (FSR)
Error[113]   C:\USERS\PUBLIC\DOCUMENTS\PIC FILES\C PROGRAMS\LEDSHIFT.ASM 744 : Symbol not previously defined (INDF)
Error[113]   C:\USERS\PUBLIC\DOCUMENTS\PIC FILES\C PROGRAMS\LEDSHIFT.ASM 745 : Symbol not previously defined (R1)
Error[113]   C:\USERS\PUBLIC\DOCUMENTS\PIC FILES\C PROGRAMS\LEDSHIFT.ASM 746 : Symbol not previously defined (_shift_step)
Error[113]   C:\USERS\PUBLIC\DOCUMENTS\PIC FILES\C PROGRAMS\LEDSHIFT.ASM 747 : Symbol not previously defined (R0)
Error[113]   C:\USERS\PUBLIC\DOCUMENTS\PIC FILES\C PROGRAMS\LEDSHIFT.ASM 748 : Symbol not previously defined (R1)
Error[113]   C:\USERS\PUBLIC\DOCUMENTS\PIC FILES\C PROGRAMS\LEDSHIFT.ASM 749 : Symbol not previously defined (FLOC__main)
Error[113]   C:\USERS\PUBLIC\DOCUMENTS\PIC FILES\C PROGRAMS\LEDSHIFT.ASM 750 : Symbol not previously defined (R0)
Error[113]   C:\USERS\PUBLIC\DOCUMENTS\PIC FILES\C PROGRAMS\LEDSHIFT.ASM 752 : Symbol not previously defined (STATUS)
Error[113]   C:\USERS\PUBLIC\DOCUMENTS\PIC FILES\C PROGRAMS\LEDSHIFT.ASM 754 : Symbol not previously defined (FLOC__main)
Error[113]   C:\USERS\PUBLIC\DOCUMENTS\PIC FILES\C PROGRAMS\LEDSHIFT.ASM 755 : Symbol not previously defined (FLOC__main)
Warning[202] C:\USERS\PUBLIC\DOCUMENTS\PIC FILES\C PROGRAMS\LEDSHIFT.ASM 756 : Argument out of range.  Least significant bits used.
Error[113]   C:\USERS\PUBLIC\DOCUMENTS\PIC FILES\C PROGRAMS\LEDSHIFT.ASM 759 : Symbol not previously defined (_shift_step)
Error[113]   C:\USERS\PUBLIC\DOCUMENTS\PIC FILES\C PROGRAMS\LEDSHIFT.ASM 761 : Symbol not previously defined (FLOC__main)
Error[113]   C:\USERS\PUBLIC\DOCUMENTS\PIC FILES\C PROGRAMS\LEDSHIFT.ASM 762 : Symbol not previously defined (FLOC__main)
Error[113]   C:\USERS\PUBLIC\DOCUMENTS\PIC FILES\C PROGRAMS\LEDSHIFT.ASM 763 : Symbol not previously defined (STATUS)
Error[113]   C:\USERS\PUBLIC\DOCUMENTS\PIC FILES\C PROGRAMS\LEDSHIFT.ASM 764 : Symbol not previously defined (FLOC__main)
Error[113]   C:\USERS\PUBLIC\DOCUMENTS\PIC FILES\C PROGRAMS\LEDSHIFT.ASM 765 : Symbol not previously defined (_scroll)
Error[113]   C:\USERS\PUBLIC\DOCUMENTS\PIC FILES\C PROGRAMS\LEDSHIFT.ASM 766 : Symbol not previously defined (R0)
Error[113]   C:\USERS\PUBLIC\DOCUMENTS\PIC FILES\C PROGRAMS\LEDSHIFT.ASM 767 : Symbol not previously defined (_shift_step)
Error[113]   C:\USERS\PUBLIC\DOCUMENTS\PIC FILES\C PROGRAMS\LEDSHIFT.ASM 768 : Symbol not previously defined (R4)
Error[113]   C:\USERS\PUBLIC\DOCUMENTS\PIC FILES\C PROGRAMS\LEDSHIFT.ASM 769 : Symbol not previously defined (_Mul_8x8_U)
Error[113]   C:\USERS\PUBLIC\DOCUMENTS\PIC FILES\C PROGRAMS\LEDSHIFT.ASM 770 : Symbol not previously defined (R0)
Error[113]   C:\USERS\PUBLIC\DOCUMENTS\PIC FILES\C PROGRAMS\LEDSHIFT.ASM 771 : Symbol not previously defined (FLOC__main)
Error[113]   C:\USERS\PUBLIC\DOCUMENTS\PIC FILES\C PROGRAMS\LEDSHIFT.ASM 772 : Symbol not previously defined (R0)
Error[113]   C:\USERS\PUBLIC\DOCUMENTS\PIC FILES\C PROGRAMS\LEDSHIFT.ASM 773 : Symbol not previously defined (R0)
Error[113]   C:\USERS\PUBLIC\DOCUMENTS\PIC FILES\C PROGRAMS\LEDSHIFT.ASM 774 : Symbol not previously defined (STATUS)
Error[113]   C:\USERS\PUBLIC\DOCUMENTS\PIC FILES\C PROGRAMS\LEDSHIFT.ASM 776 : Symbol not previously defined (FLOC__main)
Error[113]   C:\USERS\PUBLIC\DOCUMENTS\PIC FILES\C PROGRAMS\LEDSHIFT.ASM 777 : Symbol not previously defined (R0)
Error[113]   C:\USERS\PUBLIC\DOCUMENTS\PIC FILES\C PROGRAMS\LEDSHIFT.ASM 778 : Symbol not previously defined (R0)
Error[113]   C:\USERS\PUBLIC\DOCUMENTS\PIC FILES\C PROGRAMS\LEDSHIFT.ASM 779 : Symbol not previously defined (R1)
Error[113]   C:\USERS\PUBLIC\DOCUMENTS\PIC FILES\C PROGRAMS\LEDSHIFT.ASM 780 : Symbol not previously defined (_temp)
Error[113]   C:\USERS\PUBLIC\DOCUMENTS\PIC FILES\C PROGRAMS\LEDSHIFT.ASM 781 : Symbol not previously defined (R0)
Error[113]   C:\USERS\PUBLIC\DOCUMENTS\PIC FILES\C PROGRAMS\LEDSHIFT.ASM 782 : Symbol not previously defined (R1)
Error[113]   C:\USERS\PUBLIC\DOCUMENTS\PIC FILES\C PROGRAMS\LEDSHIFT.ASM 784 : Symbol not previously defined (STATUS)
Error[113]   C:\USERS\PUBLIC\DOCUMENTS\PIC FILES\C PROGRAMS\LEDSHIFT.ASM 786 : Symbol not previously defined (R0)
Error[113]   C:\USERS\PUBLIC\DOCUMENTS\PIC FILES\C PROGRAMS\LEDSHIFT.ASM 787 : Symbol not previously defined (R0)
Warning[202] C:\USERS\PUBLIC\DOCUMENTS\PIC FILES\C PROGRAMS\LEDSHIFT.ASM 788 : Argument out of range.  Least significant bits used.
Error[113]   C:\USERS\PUBLIC\DOCUMENTS\PIC FILES\C PROGRAMS\LEDSHIFT.ASM 791 : Symbol not previously defined (FLOC__main)
Error[113]   C:\USERS\PUBLIC\DOCUMENTS\PIC FILES\C PROGRAMS\LEDSHIFT.ASM 792 : Symbol not previously defined (R0)
Error[113]   C:\USERS\PUBLIC\DOCUMENTS\PIC FILES\C PROGRAMS\LEDSHIFT.ASM 793 : Symbol not previously defined (FLOC__main)
Error[113]   C:\USERS\PUBLIC\DOCUMENTS\PIC FILES\C PROGRAMS\LEDSHIFT.ASM 794 : Symbol not previously defined (FSR)
Error[113]   C:\USERS\PUBLIC\DOCUMENTS\PIC FILES\C PROGRAMS\LEDSHIFT.ASM 795 : Symbol not previously defined (R0)
Error[113]   C:\USERS\PUBLIC\DOCUMENTS\PIC FILES\C PROGRAMS\LEDSHIFT.ASM 796 : Symbol not previously defined (INDF)
Error[113]   C:\USERS\PUBLIC\DOCUMENTS\PIC FILES\C PROGRAMS\LEDSHIFT.ASM 798 : Symbol not previously defined (_row)
Error[113]   C:\USERS\PUBLIC\DOCUMENTS\PIC FILES\C PROGRAMS\LEDSHIFT.ASM 804 : Symbol not previously defined (_speed)
Error[113]   C:\USERS\PUBLIC\DOCUMENTS\PIC FILES\C PROGRAMS\LEDSHIFT.ASM 806 : Symbol not previously defined (_speed)
Error[113]   C:\USERS\PUBLIC\DOCUMENTS\PIC FILES\C PROGRAMS\LEDSHIFT.ASM 808 : Symbol not previously defined (_l)
Error[113]   C:\USERS\PUBLIC\DOCUMENTS\PIC FILES\C PROGRAMS\LEDSHIFT.ASM 810 : Symbol not previously defined (_speed)
Error[113]   C:\USERS\PUBLIC\DOCUMENTS\PIC FILES\C PROGRAMS\LEDSHIFT.ASM 812 : Symbol not previously defined (STATUS)
Error[113]   C:\USERS\PUBLIC\DOCUMENTS\PIC FILES\C PROGRAMS\LEDSHIFT.ASM 814 : Symbol not previously defined (_speed)
Error[113]   C:\USERS\PUBLIC\DOCUMENTS\PIC FILES\C PROGRAMS\LEDSHIFT.ASM 815 : Symbol not previously defined (_l)
Error[113]   C:\USERS\PUBLIC\DOCUMENTS\PIC FILES\C PROGRAMS\LEDSHIFT.ASM 817 : Symbol not previously defined (STATUS)
Error[113]   C:\USERS\PUBLIC\DOCUMENTS\PIC FILES\C PROGRAMS\LEDSHIFT.ASM 821 : Symbol not previously defined (_m)
Error[113]   C:\USERS\PUBLIC\DOCUMENTS\PIC FILES\C PROGRAMS\LEDSHIFT.ASM 823 : Symbol not previously defined (_i)
Error[113]   C:\USERS\PUBLIC\DOCUMENTS\PIC FILES\C PROGRAMS\LEDSHIFT.ASM 826 : Symbol not previously defined (_i)
Error[113]   C:\USERS\PUBLIC\DOCUMENTS\PIC FILES\C PROGRAMS\LEDSHIFT.ASM 827 : Symbol not previously defined (STATUS)
Error[113]   C:\USERS\PUBLIC\DOCUMENTS\PIC FILES\C PROGRAMS\LEDSHIFT.ASM 830 : Symbol not previously defined (_i)
Error[113]   C:\USERS\PUBLIC\DOCUMENTS\PIC FILES\C PROGRAMS\LEDSHIFT.ASM 831 : Symbol not previously defined (FARG_Send_Data_rw)
Error[113]   C:\USERS\PUBLIC\DOCUMENTS\PIC FILES\C PROGRAMS\LEDSHIFT.ASM 834 : Symbol not previously defined (_m)
Error[113]   C:\USERS\PUBLIC\DOCUMENTS\PIC FILES\C PROGRAMS\LEDSHIFT.ASM 835 : Symbol not previously defined (PORTB)
Error[113]   C:\USERS\PUBLIC\DOCUMENTS\PIC FILES\C PROGRAMS\LEDSHIFT.ASM 837 : Symbol not previously defined (_m)
Error[113]   C:\USERS\PUBLIC\DOCUMENTS\PIC FILES\C PROGRAMS\LEDSHIFT.ASM 838 : Symbol not previously defined (_m)
Error[113]   C:\USERS\PUBLIC\DOCUMENTS\PIC FILES\C PROGRAMS\LEDSHIFT.ASM 841 : Symbol not previously defined (R12)
Warning[202] C:\USERS\PUBLIC\DOCUMENTS\PIC FILES\C PROGRAMS\LEDSHIFT.ASM 842 : Argument out of range.  Least significant bits used.
Error[113]   C:\USERS\PUBLIC\DOCUMENTS\PIC FILES\C PROGRAMS\LEDSHIFT.ASM 843 : Symbol not previously defined (R13)
Error[113]   C:\USERS\PUBLIC\DOCUMENTS\PIC FILES\C PROGRAMS\LEDSHIFT.ASM 845 : Symbol not previously defined (R13)
Error[113]   C:\USERS\PUBLIC\DOCUMENTS\PIC FILES\C PROGRAMS\LEDSHIFT.ASM 847 : Symbol not previously defined (R12)
Error[113]   C:\USERS\PUBLIC\DOCUMENTS\PIC FILES\C PROGRAMS\LEDSHIFT.ASM 850 : Symbol not previously defined (_i)
Error[113]   C:\USERS\PUBLIC\DOCUMENTS\PIC FILES\C PROGRAMS\LEDSHIFT.ASM 855 : Symbol not previously defined (_l)
Error[113]   C:\USERS\PUBLIC\DOCUMENTS\PIC FILES\C PROGRAMS\LEDSHIFT.ASM 860 : Symbol not previously defined (_scroll)
Error[113]   C:\USERS\PUBLIC\DOCUMENTS\PIC FILES\C PROGRAMS\LEDSHIFT.ASM 865 : Symbol not previously defined (_k)
Error[129]   C:\USERS\PUBLIC\DOCUMENTS\PIC FILES\C PROGRAMS\LEDSHIFT.ASM 874 : Expected (END)
